L 04/04/2020 - 09:54:39: Start of error session.
L 04/04/2020 - 09:54:39: Info (map "svencoop1") (file "addons/amxmodx/logs/error_20200404.log")
L 04/04/2020 - 09:54:39: [AMXX] Plugin file open error (plugin "admin_sql_sc.amxx")
L 04/04/2020 - 09:54:39: [AMXX] Plugin file open error (plugin "admincmd_sc.amxx")
L 04/04/2020 - 09:54:39: [AMXX] Plugin file open error (plugin "adminslots_sc.amxx")
L 04/04/2020 - 09:54:39: [AMXX] Plugin file open error (plugin "plmenu_sc.amxx")
L 04/04/2020 - 09:57:19: Start of error session.
L 04/04/2020 - 09:57:19: Info (map "svencoop1") (file "addons/amxmodx/logs/error_20200404.log")
L 04/04/2020 - 09:57:19: [AMXX] Plugin file open error (plugin "admin_sql_sc.amxx")
L 04/04/2020 - 09:57:19: [AMXX] Plugin file open error (plugin "admincmd_sc.amxx")
L 04/04/2020 - 09:57:19: [AMXX] Plugin file open error (plugin "adminslots_sc.amxx")
L 04/04/2020 - 09:57:19: [AMXX] Plugin file open error (plugin "plmenu_sc.amxx")
L 04/04/2020 - 09:57:19: [AMXX] Invalid Plugin (plugin "scxpm_modriot.amxx")
L 04/04/2020 - 10:06:19: Start of error session.
L 04/04/2020 - 10:06:19: Info (map "svencoop1") (file "addons/amxmodx/logs/error_20200404.log")
L 04/04/2020 - 10:06:19: [AMXX] Plugin file open error (plugin "admin_sql_sc.amxx")
L 04/04/2020 - 10:06:19: [AMXX] Plugin file open error (plugin "admincmd_sc.amxx")
L 04/04/2020 - 10:06:19: [AMXX] Plugin file open error (plugin "adminslots_sc.amxx")
L 04/04/2020 - 10:06:19: [AMXX] Plugin file open error (plugin "plmenu_sc.amxx")
L 04/04/2020 - 10:29:13: Start of error session.
L 04/04/2020 - 10:29:13: Info (map "svencoop1") (file "addons/amxmodx/logs/error_20200404.log")
L 04/04/2020 - 10:29:13: [AMXX] Plugin file open error (plugin "admin_sql_sc.amxx")
L 04/04/2020 - 10:29:13: [AMXX] Plugin file open error (plugin "admincmd_sc.amxx")
L 04/04/2020 - 10:29:13: [AMXX] Plugin file open error (plugin "adminslots_sc.amxx")
L 04/04/2020 - 10:29:13: [AMXX] Plugin file open error (plugin "plmenu_sc.amxx")
L 04/04/2020 - 10:48:24: Start of error session.
L 04/04/2020 - 10:48:24: Info (map "svencoop1") (file "addons/amxmodx/logs/error_20200404.log")
L 04/04/2020 - 10:48:24: [AMXX] Plugin file open error (plugin "admin_sql_sc.amxx")
L 04/04/2020 - 10:48:24: [AMXX] Plugin file open error (plugin "admincmd_sc.amxx")
L 04/04/2020 - 10:48:24: [AMXX] Plugin file open error (plugin "adminslots_sc.amxx")
L 04/04/2020 - 10:48:24: [AMXX] Plugin file open error (plugin "plmenu_sc.amxx")
L 04/04/2020 - 10:50:04: Start of error session.
L 04/04/2020 - 10:50:04: Info (map "svencoop1") (file "addons/amxmodx/logs/error_20200404.log")
L 04/04/2020 - 10:50:04: [AMXX] Plugin file open error (plugin "admin_sql_sc.amxx")
L 04/04/2020 - 10:50:04: [AMXX] Plugin file open error (plugin "admincmd_sc.amxx")
L 04/04/2020 - 10:50:04: [AMXX] Plugin file open error (plugin "adminslots_sc.amxx")
L 04/04/2020 - 10:50:04: [AMXX] Plugin file open error (plugin "plmenu_sc.amxx")
L 04/04/2020 - 10:51:08: [AMXX] Plugin ("scxpm_modriot.amxx") is setting itself as failed.
L 04/04/2020 - 10:51:08: [AMXX] Plugin says: Query failed.
L 04/04/2020 - 10:51:08: [AMXX] Run time error 1 (plugin "scxpm_modriot.amxx") - forced exit
L 04/04/2020 - 10:55:54: Start of error session.
L 04/04/2020 - 10:55:54: Info (map "svencoop1") (file "addons/amxmodx/logs/error_20200404.log")
L 04/04/2020 - 10:55:54: [AMXX] Plugin file open error (plugin "admin_sql_sc.amxx")
L 04/04/2020 - 10:55:54: [AMXX] Plugin file open error (plugin "admincmd_sc.amxx")
L 04/04/2020 - 10:55:54: [AMXX] Plugin file open error (plugin "adminslots_sc.amxx")
L 04/04/2020 - 10:55:54: [AMXX] Plugin file open error (plugin "plmenu_sc.amxx")
L 04/04/2020 - 10:59:23: Start of error session.
L 04/04/2020 - 10:59:23: Info (map "svencoop1") (file "addons/amxmodx/logs/error_20200404.log")
L 04/04/2020 - 10:59:23: [AMXX] Plugin file open error (plugin "admin_sql_sc.amxx")
L 04/04/2020 - 10:59:23: [AMXX] Plugin file open error (plugin "admincmd_sc.amxx")
L 04/04/2020 - 10:59:23: [AMXX] Plugin file open error (plugin "adminslots_sc.amxx")
L 04/04/2020 - 10:59:23: [AMXX] Plugin file open error (plugin "plmenu_sc.amxx")
L 04/04/2020 - 11:08:45: Start of error session.
L 04/04/2020 - 11:08:45: Info (map "svencoop1") (file "addons/amxmodx/logs/error_20200404.log")
L 04/04/2020 - 11:08:45: [AMXX] Plugin file open error (plugin "admin_sql_sc.amxx")
L 04/04/2020 - 11:08:45: [AMXX] Plugin file open error (plugin "admincmd_sc.amxx")
L 04/04/2020 - 11:08:45: [AMXX] Plugin file open error (plugin "adminslots_sc.amxx")
L 04/04/2020 - 11:08:45: [AMXX] Plugin file open error (plugin "plmenu_sc.amxx")
L 04/04/2020 - 11:09:04: Start of error session.
L 04/04/2020 - 11:09:04: Info (map "svencoop1") (file "addons/amxmodx/logs/error_20200404.log")
L 04/04/2020 - 11:09:04: [AMXX] Plugin file open error (plugin "admin_sql_sc.amxx")
L 04/04/2020 - 11:09:04: [AMXX] Plugin file open error (plugin "admincmd_sc.amxx")
L 04/04/2020 - 11:09:04: [AMXX] Plugin file open error (plugin "adminslots_sc.amxx")
L 04/04/2020 - 11:09:04: [AMXX] Plugin file open error (plugin "plmenu_sc.amxx")
L 04/04/2020 - 11:09:22: Start of error session.
L 04/04/2020 - 11:09:22: Info (map "svencoop1") (file "addons/amxmodx/logs/error_20200404.log")
L 04/04/2020 - 11:09:22: [AMXX] Plugin file open error (plugin "admin_sql_sc.amxx")
L 04/04/2020 - 11:09:22: [AMXX] Plugin file open error (plugin "admincmd_sc.amxx")
L 04/04/2020 - 11:09:22: [AMXX] Plugin file open error (plugin "adminslots_sc.amxx")
L 04/04/2020 - 11:09:22: [AMXX] Plugin file open error (plugin "plmenu_sc.amxx")
L 04/04/2020 - 11:09:41: Start of error session.
L 04/04/2020 - 11:09:41: Info (map "svencoop1") (file "addons/amxmodx/logs/error_20200404.log")
L 04/04/2020 - 11:09:41: [AMXX] Plugin file open error (plugin "admin_sql_sc.amxx")
L 04/04/2020 - 11:09:41: [AMXX] Plugin file open error (plugin "admincmd_sc.amxx")
L 04/04/2020 - 11:09:41: [AMXX] Plugin file open error (plugin "adminslots_sc.amxx")
L 04/04/2020 - 11:09:41: [AMXX] Plugin file open error (plugin "plmenu_sc.amxx")
L 04/04/2020 - 11:09:59: Start of error session.
L 04/04/2020 - 11:09:59: Info (map "svencoop1") (file "addons/amxmodx/logs/error_20200404.log")
L 04/04/2020 - 11:09:59: [AMXX] Plugin file open error (plugin "admin_sql_sc.amxx")
L 04/04/2020 - 11:09:59: [AMXX] Plugin file open error (plugin "admincmd_sc.amxx")
L 04/04/2020 - 11:09:59: [AMXX] Plugin file open error (plugin "adminslots_sc.amxx")
L 04/04/2020 - 11:09:59: [AMXX] Plugin file open error (plugin "plmenu_sc.amxx")
L 04/04/2020 - 11:10:44: Start of error session.
L 04/04/2020 - 11:10:44: Info (map "svencoop1") (file "addons/amxmodx/logs/error_20200404.log")
L 04/04/2020 - 11:10:44: [AMXX] Plugin file open error (plugin "admin_sql_sc.amxx")
L 04/04/2020 - 11:10:44: [AMXX] Plugin file open error (plugin "admincmd_sc.amxx")
L 04/04/2020 - 11:10:44: [AMXX] Plugin file open error (plugin "adminslots_sc.amxx")
L 04/04/2020 - 11:10:44: [AMXX] Plugin file open error (plugin "plmenu_sc.amxx")
L 04/04/2020 - 11:11:02: Start of error session.
L 04/04/2020 - 11:11:02: Info (map "svencoop1") (file "addons/amxmodx/logs/error_20200404.log")
L 04/04/2020 - 11:11:02: [AMXX] Plugin file open error (plugin "admin_sql_sc.amxx")
L 04/04/2020 - 11:11:02: [AMXX] Plugin file open error (plugin "admincmd_sc.amxx")
L 04/04/2020 - 11:11:02: [AMXX] Plugin file open error (plugin "adminslots_sc.amxx")
L 04/04/2020 - 11:11:02: [AMXX] Plugin file open error (plugin "plmenu_sc.amxx")
L 04/04/2020 - 11:12:22: Start of error session.
L 04/04/2020 - 11:12:22: Info (map "svencoop1") (file "addons/amxmodx/logs/error_20200404.log")
L 04/04/2020 - 11:12:22: [AMXX] Plugin file open error (plugin "admin_sql_sc.amxx")
L 04/04/2020 - 11:12:22: [AMXX] Plugin file open error (plugin "admincmd_sc.amxx")
L 04/04/2020 - 11:12:22: [AMXX] Plugin file open error (plugin "adminslots_sc.amxx")
L 04/04/2020 - 11:12:22: [AMXX] Plugin file open error (plugin "plmenu_sc.amxx")
L 04/04/2020 - 11:12:40: Start of error session.
L 04/04/2020 - 11:12:40: Info (map "svencoop1") (file "addons/amxmodx/logs/error_20200404.log")
L 04/04/2020 - 11:12:40: [AMXX] Plugin file open error (plugin "admin_sql_sc.amxx")
L 04/04/2020 - 11:12:40: [AMXX] Plugin file open error (plugin "admincmd_sc.amxx")
L 04/04/2020 - 11:12:40: [AMXX] Plugin file open error (plugin "adminslots_sc.amxx")
L 04/04/2020 - 11:12:40: [AMXX] Plugin file open error (plugin "plmenu_sc.amxx")
L 04/04/2020 - 11:13:15: Start of error session.
L 04/04/2020 - 11:13:15: Info (map "svencoop1") (file "addons/amxmodx/logs/error_20200404.log")
L 04/04/2020 - 11:13:15: [AMXX] Plugin file open error (plugin "admin_sql_sc.amxx")
L 04/04/2020 - 11:13:15: [AMXX] Plugin file open error (plugin "admincmd_sc.amxx")
L 04/04/2020 - 11:13:15: [AMXX] Plugin file open error (plugin "adminslots_sc.amxx")
L 04/04/2020 - 11:13:15: [AMXX] Plugin file open error (plugin "plmenu_sc.amxx")
L 04/04/2020 - 11:14:49: Start of error session.
L 04/04/2020 - 11:14:49: Info (map "svencoop1") (file "addons/amxmodx/logs/error_20200404.log")
L 04/04/2020 - 11:14:49: [AMXX] Plugin file open error (plugin "admin_sql_sc.amxx")
L 04/04/2020 - 11:14:49: [AMXX] Plugin file open error (plugin "admincmd_sc.amxx")
L 04/04/2020 - 11:14:49: [AMXX] Plugin file open error (plugin "adminslots_sc.amxx")
L 04/04/2020 - 11:14:49: [AMXX] Plugin file open error (plugin "plmenu_sc.amxx")
L 04/04/2020 - 11:17:06: Start of error session.
L 04/04/2020 - 11:17:06: Info (map "svencoop1") (file "addons/amxmodx/logs/error_20200404.log")
L 04/04/2020 - 11:17:06: [AMXX] Plugin file open error (plugin "admin_sql_sc.amxx")
L 04/04/2020 - 11:17:06: [AMXX] Plugin file open error (plugin "admincmd_sc.amxx")
L 04/04/2020 - 11:17:06: [AMXX] Plugin file open error (plugin "adminslots_sc.amxx")
L 04/04/2020 - 11:17:06: [AMXX] Plugin file open error (plugin "plmenu_sc.amxx")
L 04/04/2020 - 11:18:05: Start of error session.
L 04/04/2020 - 11:18:05: Info (map "svencoop1") (file "addons/amxmodx/logs/error_20200404.log")
L 04/04/2020 - 11:18:05: [AMXX] Plugin file open error (plugin "admin_sql_sc.amxx")
L 04/04/2020 - 11:18:05: [AMXX] Plugin file open error (plugin "admincmd_sc.amxx")
L 04/04/2020 - 11:18:05: [AMXX] Plugin file open error (plugin "adminslots_sc.amxx")
L 04/04/2020 - 11:18:05: [AMXX] Plugin file open error (plugin "plmenu_sc.amxx")
L 04/04/2020 - 11:19:51: Start of error session.
L 04/04/2020 - 11:19:51: Info (map "svencoop1") (file "addons/amxmodx/logs/error_20200404.log")
L 04/04/2020 - 11:19:51: [AMXX] Plugin file open error (plugin "admin_sql_sc.amxx")
L 04/04/2020 - 11:19:51: [AMXX] Plugin file open error (plugin "admincmd_sc.amxx")
L 04/04/2020 - 11:19:51: [AMXX] Plugin file open error (plugin "adminslots_sc.amxx")
L 04/04/2020 - 11:19:51: [AMXX] Plugin file open error (plugin "plmenu_sc.amxx")
L 04/04/2020 - 11:20:49: Start of error session.
L 04/04/2020 - 11:20:49: Info (map "svencoop1") (file "addons/amxmodx/logs/error_20200404.log")
L 04/04/2020 - 11:20:49: [AMXX] Plugin file open error (plugin "admin_sql_sc.amxx")
L 04/04/2020 - 11:20:49: [AMXX] Plugin file open error (plugin "admincmd_sc.amxx")
L 04/04/2020 - 11:20:49: [AMXX] Plugin file open error (plugin "adminslots_sc.amxx")
L 04/04/2020 - 11:20:49: [AMXX] Plugin file open error (plugin "plmenu_sc.amxx")
L 04/04/2020 - 11:30:21: Start of error session.
L 04/04/2020 - 11:30:21: Info (map "svencoop1") (file "addons/amxmodx/logs/error_20200404.log")
L 04/04/2020 - 11:30:21: [AMXX] Plugin file open error (plugin "admin_sql_sc.amxx")
L 04/04/2020 - 11:30:21: [AMXX] Plugin file open error (plugin "admincmd_sc.amxx")
L 04/04/2020 - 11:30:21: [AMXX] Plugin file open error (plugin "adminslots_sc.amxx")
L 04/04/2020 - 11:30:21: [AMXX] Plugin file open error (plugin "plmenu_sc.amxx")
L 04/04/2020 - 11:33:53: Start of error session.
L 04/04/2020 - 11:33:53: Info (map "svencoop1") (file "addons/amxmodx/logs/error_20200404.log")
L 04/04/2020 - 11:33:53: [AMXX] Plugin file open error (plugin "admin_sql_sc.amxx")
L 04/04/2020 - 11:33:53: [AMXX] Plugin file open error (plugin "admincmd_sc.amxx")
L 04/04/2020 - 11:33:53: [AMXX] Plugin file open error (plugin "adminslots_sc.amxx")
L 04/04/2020 - 11:33:53: [AMXX] Plugin file open error (plugin "plmenu_sc.amxx")
L 04/04/2020 - 11:35:58: Start of error session.
L 04/04/2020 - 11:35:58: Info (map "svencoop1") (file "addons/amxmodx/logs/error_20200404.log")
L 04/04/2020 - 11:35:58: [AMXX] Plugin file open error (plugin "admin_sql_sc.amxx")
L 04/04/2020 - 11:35:58: [AMXX] Plugin file open error (plugin "admincmd_sc.amxx")
L 04/04/2020 - 11:35:58: [AMXX] Plugin file open error (plugin "adminslots_sc.amxx")
L 04/04/2020 - 11:35:58: [AMXX] Plugin file open error (plugin "plmenu_sc.amxx")
L 04/04/2020 - 11:47:49: Start of error session.
L 04/04/2020 - 11:47:49: Info (map "svencoop1") (file "addons/amxmodx/logs/error_20200404.log")
L 04/04/2020 - 11:47:49: [AMXX] Plugin file open error (plugin "admin_sql_sc.amxx")
L 04/04/2020 - 11:47:49: [AMXX] Plugin file open error (plugin "admincmd_sc.amxx")
L 04/04/2020 - 11:47:49: [AMXX] Plugin file open error (plugin "adminslots_sc.amxx")
L 04/04/2020 - 11:47:49: [AMXX] Plugin file open error (plugin "plmenu_sc.amxx")
L 04/04/2020 - 11:50:29: Start of error session.
L 04/04/2020 - 11:50:29: Info (map "svencoop1") (file "addons/amxmodx/logs/error_20200404.log")
L 04/04/2020 - 11:50:29: [AMXX] Plugin file open error (plugin "admin_sql_sc.amxx")
L 04/04/2020 - 11:50:29: [AMXX] Plugin file open error (plugin "admincmd_sc.amxx")
L 04/04/2020 - 11:50:29: [AMXX] Plugin file open error (plugin "adminslots_sc.amxx")
L 04/04/2020 - 11:50:29: [AMXX] Plugin file open error (plugin "plmenu_sc.amxx")
L 04/04/2020 - 11:54:52: Start of error session.
L 04/04/2020 - 11:54:52: Info (map "sc_toysoldiers") (file "addons/amxmodx/logs/error_20200404.log")
L 04/04/2020 - 11:54:52: [AMXX] Plugin file open error (plugin "admin_sql_sc.amxx")
L 04/04/2020 - 11:54:52: [AMXX] Plugin file open error (plugin "admincmd_sc.amxx")
L 04/04/2020 - 11:54:52: [AMXX] Plugin file open error (plugin "adminslots_sc.amxx")
L 04/04/2020 - 11:54:52: [AMXX] Plugin file open error (plugin "plmenu_sc.amxx")
L 04/04/2020 - 12:06:24: Start of error session.
L 04/04/2020 - 12:06:24: Info (map "svencoop1") (file "addons/amxmodx/logs/error_20200404.log")
L 04/04/2020 - 12:06:24: [AMXX] Plugin file open error (plugin "admin_sql_sc.amxx")
L 04/04/2020 - 12:06:24: [AMXX] Plugin file open error (plugin "admincmd_sc.amxx")
L 04/04/2020 - 12:06:24: [AMXX] Plugin file open error (plugin "adminslots_sc.amxx")
L 04/04/2020 - 12:06:24: [AMXX] Plugin file open error (plugin "plmenu_sc.amxx")
L 04/04/2020 - 12:07:03: Start of error session.
L 04/04/2020 - 12:07:03: Info (map "sc_toysoldiers") (file "addons/amxmodx/logs/error_20200404.log")
L 04/04/2020 - 12:07:03: [AMXX] Plugin file open error (plugin "admin_sql_sc.amxx")
L 04/04/2020 - 12:07:03: [AMXX] Plugin file open error (plugin "admincmd_sc.amxx")
L 04/04/2020 - 12:07:03: [AMXX] Plugin file open error (plugin "adminslots_sc.amxx")
L 04/04/2020 - 12:07:03: [AMXX] Plugin file open error (plugin "plmenu_sc.amxx")
L 04/04/2020 - 12:18:18: Start of error session.
L 04/04/2020 - 12:18:18: Info (map "svencoop1") (file "addons/amxmodx/logs/error_20200404.log")
L 04/04/2020 - 12:18:18: [AMXX] Plugin file open error (plugin "admin_sql_sc.amxx")
L 04/04/2020 - 12:18:18: [AMXX] Plugin file open error (plugin "admincmd_sc.amxx")
L 04/04/2020 - 12:18:18: [AMXX] Plugin file open error (plugin "adminslots_sc.amxx")
L 04/04/2020 - 12:18:18: [AMXX] Plugin file open error (plugin "plmenu_sc.amxx")
L 04/04/2020 - 12:19:07: Start of error session.
L 04/04/2020 - 12:19:07: Info (map "sc_toysoldiers") (file "addons/amxmodx/logs/error_20200404.log")
L 04/04/2020 - 12:19:07: [AMXX] Plugin file open error (plugin "admin_sql_sc.amxx")
L 04/04/2020 - 12:19:07: [AMXX] Plugin file open error (plugin "admincmd_sc.amxx")
L 04/04/2020 - 12:19:07: [AMXX] Plugin file open error (plugin "adminslots_sc.amxx")
L 04/04/2020 - 12:19:07: [AMXX] Plugin file open error (plugin "plmenu_sc.amxx")
L 04/04/2020 - 12:24:19: Start of error session.
L 04/04/2020 - 12:24:19: Info (map "svencoop1") (file "addons/amxmodx/logs/error_20200404.log")
L 04/04/2020 - 12:24:19: [AMXX] Plugin file open error (plugin "admin_sql_sc.amxx")
L 04/04/2020 - 12:24:19: [AMXX] Plugin file open error (plugin "admincmd_sc.amxx")
L 04/04/2020 - 12:24:19: [AMXX] Plugin file open error (plugin "adminslots_sc.amxx")
L 04/04/2020 - 12:24:19: [AMXX] Plugin file open error (plugin "plmenu_sc.amxx")
L 04/04/2020 - 12:25:21: Start of error session.
L 04/04/2020 - 12:25:21: Info (map "sc_toysoldiers") (file "addons/amxmodx/logs/error_20200404.log")
L 04/04/2020 - 12:25:21: [AMXX] Plugin file open error (plugin "admin_sql_sc.amxx")
L 04/04/2020 - 12:25:21: [AMXX] Plugin file open error (plugin "admincmd_sc.amxx")
L 04/04/2020 - 12:25:21: [AMXX] Plugin file open error (plugin "adminslots_sc.amxx")
L 04/04/2020 - 12:25:21: [AMXX] Plugin file open error (plugin "plmenu_sc.amxx")
L 04/04/2020 - 12:28:23: Start of error session.
L 04/04/2020 - 12:28:23: Info (map "quad_f") (file "addons/amxmodx/logs/error_20200404.log")
L 04/04/2020 - 12:28:23: [AMXX] Plugin file open error (plugin "admin_sql_sc.amxx")
L 04/04/2020 - 12:28:23: [AMXX] Plugin file open error (plugin "admincmd_sc.amxx")
L 04/04/2020 - 12:28:23: [AMXX] Plugin file open error (plugin "adminslots_sc.amxx")
L 04/04/2020 - 12:28:23: [AMXX] Plugin file open error (plugin "plmenu_sc.amxx")
L 04/04/2020 - 12:43:27: Start of error session.
L 04/04/2020 - 12:43:27: Info (map "svencoop1") (file "addons/amxmodx/logs/error_20200404.log")
L 04/04/2020 - 12:43:27: [AMXX] Plugin file open error (plugin "admin_sql_sc.amxx")
L 04/04/2020 - 12:43:27: [AMXX] Plugin file open error (plugin "admincmd_sc.amxx")
L 04/04/2020 - 12:43:27: [AMXX] Plugin file open error (plugin "adminslots_sc.amxx")
L 04/04/2020 - 12:43:27: [AMXX] Plugin file open error (plugin "plmenu_sc.amxx")
L 04/04/2020 - 12:44:17: Start of error session.
L 04/04/2020 - 12:44:17: Info (map "quad_f") (file "addons/amxmodx/logs/error_20200404.log")
L 04/04/2020 - 12:44:17: [AMXX] Plugin file open error (plugin "admin_sql_sc.amxx")
L 04/04/2020 - 12:44:17: [AMXX] Plugin file open error (plugin "admincmd_sc.amxx")
L 04/04/2020 - 12:44:17: [AMXX] Plugin file open error (plugin "adminslots_sc.amxx")
L 04/04/2020 - 12:44:17: [AMXX] Plugin file open error (plugin "plmenu_sc.amxx")
L 04/04/2020 - 12:45:15: Start of error session.
L 04/04/2020 - 12:45:15: Info (map "svencoop1") (file "addons/amxmodx/logs/error_20200404.log")
L 04/04/2020 - 12:45:15: [AMXX] Plugin file open error (plugin "admin_sql_sc.amxx")
L 04/04/2020 - 12:45:15: [AMXX] Plugin file open error (plugin "admincmd_sc.amxx")
L 04/04/2020 - 12:45:15: [AMXX] Plugin file open error (plugin "adminslots_sc.amxx")
L 04/04/2020 - 12:45:15: [AMXX] Plugin file open error (plugin "plmenu_sc.amxx")
L 04/04/2020 - 12:45:29: Start of error session.
L 04/04/2020 - 12:45:29: Info (map "quad_f") (file "addons/amxmodx/logs/error_20200404.log")
L 04/04/2020 - 12:45:29: [AMXX] Plugin file open error (plugin "admin_sql_sc.amxx")
L 04/04/2020 - 12:45:29: [AMXX] Plugin file open error (plugin "admincmd_sc.amxx")
L 04/04/2020 - 12:45:29: [AMXX] Plugin file open error (plugin "adminslots_sc.amxx")
L 04/04/2020 - 12:45:29: [AMXX] Plugin file open error (plugin "plmenu_sc.amxx")
L 04/04/2020 - 12:47:37: Start of error session.
L 04/04/2020 - 12:47:37: Info (map "svencoop1") (file "addons/amxmodx/logs/error_20200404.log")
L 04/04/2020 - 12:47:37: [AMXX] Plugin file open error (plugin "admin_sql_sc.amxx")
L 04/04/2020 - 12:47:37: [AMXX] Plugin file open error (plugin "admincmd_sc.amxx")
L 04/04/2020 - 12:47:37: [AMXX] Plugin file open error (plugin "adminslots_sc.amxx")
L 04/04/2020 - 12:47:37: [AMXX] Plugin file open error (plugin "plmenu_sc.amxx")
L 04/04/2020 - 12:47:55: Start of error session.
L 04/04/2020 - 12:47:55: Info (map "quad_f") (file "addons/amxmodx/logs/error_20200404.log")
L 04/04/2020 - 12:47:55: [AMXX] Plugin file open error (plugin "admin_sql_sc.amxx")
L 04/04/2020 - 12:47:55: [AMXX] Plugin file open error (plugin "admincmd_sc.amxx")
L 04/04/2020 - 12:47:55: [AMXX] Plugin file open error (plugin "adminslots_sc.amxx")
L 04/04/2020 - 12:47:55: [AMXX] Plugin file open error (plugin "plmenu_sc.amxx")
L 04/04/2020 - 12:52:01: Start of error session.
L 04/04/2020 - 12:52:01: Info (map "svencoop1") (file "addons/amxmodx/logs/error_20200404.log")
L 04/04/2020 - 12:52:01: [AMXX] Plugin file open error (plugin "admin_sql_sc.amxx")
L 04/04/2020 - 12:52:01: [AMXX] Plugin file open error (plugin "admincmd_sc.amxx")
L 04/04/2020 - 12:52:01: [AMXX] Plugin file open error (plugin "adminslots_sc.amxx")
L 04/04/2020 - 12:52:01: [AMXX] Plugin file open error (plugin "plmenu_sc.amxx")
L 04/04/2020 - 12:54:08: Start of error session.
L 04/04/2020 - 12:54:08: Info (map "svencoop1") (file "addons/amxmodx/logs/error_20200404.log")
L 04/04/2020 - 12:54:08: [AMXX] Plugin file open error (plugin "admin_sql_sc.amxx")
L 04/04/2020 - 12:54:08: [AMXX] Plugin file open error (plugin "admincmd_sc.amxx")
L 04/04/2020 - 12:54:08: [AMXX] Plugin file open error (plugin "adminslots_sc.amxx")
L 04/04/2020 - 12:54:08: [AMXX] Plugin file open error (plugin "plmenu_sc.amxx")
L 04/04/2020 - 12:54:38: Start of error session.
L 04/04/2020 - 12:54:38: Info (map "quad_f") (file "addons/amxmodx/logs/error_20200404.log")
L 04/04/2020 - 12:54:38: [AMXX] Plugin file open error (plugin "admin_sql_sc.amxx")
L 04/04/2020 - 12:54:38: [AMXX] Plugin file open error (plugin "admincmd_sc.amxx")
L 04/04/2020 - 12:54:38: [AMXX] Plugin file open error (plugin "adminslots_sc.amxx")
L 04/04/2020 - 12:54:38: [AMXX] Plugin file open error (plugin "plmenu_sc.amxx")
L 04/04/2020 - 12:56:11: Start of error session.
L 04/04/2020 - 12:56:11: Info (map "svencoop1") (file "addons/amxmodx/logs/error_20200404.log")
L 04/04/2020 - 12:56:11: [AMXX] Plugin file open error (plugin "admin_sql_sc.amxx")
L 04/04/2020 - 12:56:11: [AMXX] Plugin file open error (plugin "admincmd_sc.amxx")
L 04/04/2020 - 12:56:11: [AMXX] Plugin file open error (plugin "adminslots_sc.amxx")
L 04/04/2020 - 12:56:11: [AMXX] Plugin file open error (plugin "plmenu_sc.amxx")
L 04/04/2020 - 12:56:29: Start of error session.
L 04/04/2020 - 12:56:29: Info (map "quad_f") (file "addons/amxmodx/logs/error_20200404.log")
L 04/04/2020 - 12:56:29: [AMXX] Plugin file open error (plugin "admin_sql_sc.amxx")
L 04/04/2020 - 12:56:29: [AMXX] Plugin file open error (plugin "admincmd_sc.amxx")
L 04/04/2020 - 12:56:29: [AMXX] Plugin file open error (plugin "adminslots_sc.amxx")
L 04/04/2020 - 12:56:29: [AMXX] Plugin file open error (plugin "plmenu_sc.amxx")
L 04/04/2020 - 14:02:21: Start of error session.
L 04/04/2020 - 14:02:21: Info (map "quad_f") (file "addons/amxmodx/logs/error_20200404.log")
L 04/04/2020 - 14:02:21: [AMXX] Plugin file open error (plugin "admin_sql_sc.amxx")
L 04/04/2020 - 14:02:21: [AMXX] Plugin file open error (plugin "admincmd_sc.amxx")
L 04/04/2020 - 14:02:21: [AMXX] Plugin file open error (plugin "adminslots_sc.amxx")
L 04/04/2020 - 14:02:21: [AMXX] Plugin file open error (plugin "plmenu_sc.amxx")
L 04/04/2020 - 14:03:40: Start of error session.
L 04/04/2020 - 14:03:40: Info (map "sc_toysoldiers") (file "addons/amxmodx/logs/error_20200404.log")
L 04/04/2020 - 14:03:40: [AMXX] Plugin file open error (plugin "admin_sql_sc.amxx")
L 04/04/2020 - 14:03:40: [AMXX] Plugin file open error (plugin "admincmd_sc.amxx")
L 04/04/2020 - 14:03:40: [AMXX] Plugin file open error (plugin "adminslots_sc.amxx")
L 04/04/2020 - 14:03:40: [AMXX] Plugin file open error (plugin "plmenu_sc.amxx")
L 04/04/2020 - 14:40:10: Start of error session.
L 04/04/2020 - 14:40:10: Info (map "sc_toysoldiers") (file "addons/amxmodx/logs/error_20200404.log")
L 04/04/2020 - 14:40:10: [AMXX] Plugin file open error (plugin "admin_sql_sc.amxx")
L 04/04/2020 - 14:40:10: [AMXX] Plugin file open error (plugin "admincmd_sc.amxx")
L 04/04/2020 - 14:40:10: [AMXX] Plugin file open error (plugin "adminslots_sc.amxx")
L 04/04/2020 - 14:40:10: [AMXX] Plugin file open error (plugin "plmenu_sc.amxx")
L 04/04/2020 - 16:19:18: Start of error session.
L 04/04/2020 - 16:19:18: Info (map "sc_toysoldiers") (file "addons/amxmodx/logs/error_20200404.log")
L 04/04/2020 - 16:19:18: [AMXX] Plugin file open error (plugin "admin_sql_sc.amxx")
L 04/04/2020 - 16:19:18: [AMXX] Plugin file open error (plugin "admincmd_sc.amxx")
L 04/04/2020 - 16:19:18: [AMXX] Plugin file open error (plugin "adminslots_sc.amxx")
L 04/04/2020 - 16:19:18: [AMXX] Plugin file open error (plugin "plmenu_sc.amxx")
L 04/04/2020 - 16:32:20: Start of error session.
L 04/04/2020 - 16:32:20: Info (map "sc_toysoldiers") (file "addons/amxmodx/logs/error_20200404.log")
L 04/04/2020 - 16:32:20: [AMXX] Plugin file open error (plugin "admin_sql_sc.amxx")
L 04/04/2020 - 16:32:20: [AMXX] Plugin file open error (plugin "admincmd_sc.amxx")
L 04/04/2020 - 16:32:20: [AMXX] Plugin file open error (plugin "adminslots_sc.amxx")
L 04/04/2020 - 16:32:20: [AMXX] Plugin file open error (plugin "plmenu_sc.amxx")
L 04/04/2020 - 16:42:27: Start of error session.
L 04/04/2020 - 16:42:27: Info (map "sc_toysoldiers") (file "addons/amxmodx/logs/error_20200404.log")
L 04/04/2020 - 16:42:27: [AMXX] Plugin file open error (plugin "admin_sql_sc.amxx")
L 04/04/2020 - 16:42:27: [AMXX] Plugin file open error (plugin "admincmd_sc.amxx")
L 04/04/2020 - 16:42:27: [AMXX] Plugin file open error (plugin "adminslots_sc.amxx")
L 04/04/2020 - 16:42:27: [AMXX] Plugin file open error (plugin "plmenu_sc.amxx")
L 04/04/2020 - 16:52:33: Start of error session.
L 04/04/2020 - 16:52:33: Info (map "sc_toysoldiers") (file "addons/amxmodx/logs/error_20200404.log")
L 04/04/2020 - 16:52:33: [AMXX] Plugin file open error (plugin "admin_sql_sc.amxx")
L 04/04/2020 - 16:52:33: [AMXX] Plugin file open error (plugin "admincmd_sc.amxx")
L 04/04/2020 - 16:52:33: [AMXX] Plugin file open error (plugin "adminslots_sc.amxx")
L 04/04/2020 - 16:52:33: [AMXX] Plugin file open error (plugin "plmenu_sc.amxx")
L 04/04/2020 - 16:55:59: Start of error session.
L 04/04/2020 - 16:55:59: Info (map "svencoop1") (file "addons/amxmodx/logs/error_20200404.log")
L 04/04/2020 - 16:55:59: [AMXX] Plugin file open error (plugin "admin_sql_sc.amxx")
L 04/04/2020 - 16:55:59: [AMXX] Plugin file open error (plugin "admincmd_sc.amxx")
L 04/04/2020 - 16:55:59: [AMXX] Plugin file open error (plugin "adminslots_sc.amxx")
L 04/04/2020 - 16:55:59: [AMXX] Plugin file open error (plugin "plmenu_sc.amxx")
L 04/04/2020 - 17:00:48: Start of error session.
L 04/04/2020 - 17:00:48: Info (map "svencoop1") (file "addons/amxmodx/logs/error_20200404.log")
L 04/04/2020 - 17:00:48: [AMXX] Plugin file open error (plugin "admin_sql_sc.amxx")
L 04/04/2020 - 17:00:48: [AMXX] Plugin file open error (plugin "admincmd_sc.amxx")
L 04/04/2020 - 17:00:48: [AMXX] Plugin file open error (plugin "adminslots_sc.amxx")
L 04/04/2020 - 17:00:48: [AMXX] Plugin file open error (plugin "plmenu_sc.amxx")
