L 04/06/2020 - 00:10:01: -------- Mapchange to osprey --------
L 04/06/2020 - 00:10:02: [nextmap.amxx] WARNING: Couldn't find a valid map or the file doesn't exist (file "mapcycle.txt")
L 04/06/2020 - 00:20:07: -------- Mapchange to osprey --------
L 04/06/2020 - 00:20:08: [nextmap.amxx] WARNING: Couldn't find a valid map or the file doesn't exist (file "mapcycle.txt")
L 04/06/2020 - 00:30:13: -------- Mapchange to osprey --------
L 04/06/2020 - 00:30:14: [nextmap.amxx] WARNING: Couldn't find a valid map or the file doesn't exist (file "mapcycle.txt")
L 04/06/2020 - 00:51:28: -------- Mapchange to osprey --------
L 04/06/2020 - 00:51:28: [nextmap.amxx] WARNING: Couldn't find a valid map or the file doesn't exist (file "mapcycle.txt")
L 04/06/2020 - 01:01:33: -------- Mapchange to osprey --------
L 04/06/2020 - 01:01:34: [nextmap.amxx] WARNING: Couldn't find a valid map or the file doesn't exist (file "mapcycle.txt")
L 04/06/2020 - 01:11:39: -------- Mapchange to osprey --------
L 04/06/2020 - 01:11:40: [nextmap.amxx] WARNING: Couldn't find a valid map or the file doesn't exist (file "mapcycle.txt")
L 04/06/2020 - 01:21:45: -------- Mapchange to osprey --------
L 04/06/2020 - 01:21:46: [nextmap.amxx] WARNING: Couldn't find a valid map or the file doesn't exist (file "mapcycle.txt")
L 04/06/2020 - 01:31:51: -------- Mapchange to osprey --------
L 04/06/2020 - 01:31:52: [nextmap.amxx] WARNING: Couldn't find a valid map or the file doesn't exist (file "mapcycle.txt")
L 04/06/2020 - 01:41:57: -------- Mapchange to osprey --------
L 04/06/2020 - 01:41:58: [nextmap.amxx] WARNING: Couldn't find a valid map or the file doesn't exist (file "mapcycle.txt")
L 04/06/2020 - 01:52:03: -------- Mapchange to osprey --------
L 04/06/2020 - 01:52:04: [nextmap.amxx] WARNING: Couldn't find a valid map or the file doesn't exist (file "mapcycle.txt")
L 04/06/2020 - 02:02:09: -------- Mapchange to osprey --------
L 04/06/2020 - 02:02:10: [nextmap.amxx] WARNING: Couldn't find a valid map or the file doesn't exist (file "mapcycle.txt")
L 04/06/2020 - 02:12:15: -------- Mapchange to osprey --------
L 04/06/2020 - 02:12:16: [nextmap.amxx] WARNING: Couldn't find a valid map or the file doesn't exist (file "mapcycle.txt")
L 04/06/2020 - 02:22:21: -------- Mapchange to osprey --------
L 04/06/2020 - 02:22:21: [nextmap.amxx] WARNING: Couldn't find a valid map or the file doesn't exist (file "mapcycle.txt")
L 04/06/2020 - 02:32:27: -------- Mapchange to osprey --------
L 04/06/2020 - 02:32:27: [nextmap.amxx] WARNING: Couldn't find a valid map or the file doesn't exist (file "mapcycle.txt")
L 04/06/2020 - 02:42:33: -------- Mapchange to osprey --------
L 04/06/2020 - 02:42:33: [nextmap.amxx] WARNING: Couldn't find a valid map or the file doesn't exist (file "mapcycle.txt")
L 04/06/2020 - 02:52:38: -------- Mapchange to osprey --------
L 04/06/2020 - 02:52:39: [nextmap.amxx] WARNING: Couldn't find a valid map or the file doesn't exist (file "mapcycle.txt")
L 04/06/2020 - 03:02:44: -------- Mapchange to osprey --------
L 04/06/2020 - 03:02:45: [nextmap.amxx] WARNING: Couldn't find a valid map or the file doesn't exist (file "mapcycle.txt")
L 04/06/2020 - 03:12:50: -------- Mapchange to osprey --------
L 04/06/2020 - 03:12:51: [nextmap.amxx] WARNING: Couldn't find a valid map or the file doesn't exist (file "mapcycle.txt")
L 04/06/2020 - 03:22:56: -------- Mapchange to osprey --------
L 04/06/2020 - 03:22:57: [nextmap.amxx] WARNING: Couldn't find a valid map or the file doesn't exist (file "mapcycle.txt")
L 04/06/2020 - 03:33:02: -------- Mapchange to osprey --------
L 04/06/2020 - 03:33:03: [nextmap.amxx] WARNING: Couldn't find a valid map or the file doesn't exist (file "mapcycle.txt")
L 04/06/2020 - 03:43:08: -------- Mapchange to osprey --------
L 04/06/2020 - 03:43:08: [nextmap.amxx] WARNING: Couldn't find a valid map or the file doesn't exist (file "mapcycle.txt")
L 04/06/2020 - 03:53:14: -------- Mapchange to osprey --------
L 04/06/2020 - 03:53:14: [nextmap.amxx] WARNING: Couldn't find a valid map or the file doesn't exist (file "mapcycle.txt")
L 04/06/2020 - 04:03:20: -------- Mapchange to osprey --------
L 04/06/2020 - 04:03:20: [nextmap.amxx] WARNING: Couldn't find a valid map or the file doesn't exist (file "mapcycle.txt")
L 04/06/2020 - 04:13:25: -------- Mapchange to osprey --------
L 04/06/2020 - 04:13:26: [nextmap.amxx] WARNING: Couldn't find a valid map or the file doesn't exist (file "mapcycle.txt")
L 04/06/2020 - 04:23:31: -------- Mapchange to osprey --------
L 04/06/2020 - 04:23:32: [nextmap.amxx] WARNING: Couldn't find a valid map or the file doesn't exist (file "mapcycle.txt")
L 04/06/2020 - 04:47:45: -------- Mapchange to osprey --------
L 04/06/2020 - 04:47:46: [nextmap.amxx] WARNING: Couldn't find a valid map or the file doesn't exist (file "mapcycle.txt")
L 04/06/2020 - 04:57:51: -------- Mapchange to osprey --------
L 04/06/2020 - 04:57:52: [nextmap.amxx] WARNING: Couldn't find a valid map or the file doesn't exist (file "mapcycle.txt")
L 04/06/2020 - 05:07:57: -------- Mapchange to osprey --------
L 04/06/2020 - 05:07:57: [nextmap.amxx] WARNING: Couldn't find a valid map or the file doesn't exist (file "mapcycle.txt")
L 04/06/2020 - 05:18:03: -------- Mapchange to osprey --------
L 04/06/2020 - 05:18:03: [nextmap.amxx] WARNING: Couldn't find a valid map or the file doesn't exist (file "mapcycle.txt")
L 04/06/2020 - 05:28:09: -------- Mapchange to osprey --------
L 04/06/2020 - 05:28:09: [nextmap.amxx] WARNING: Couldn't find a valid map or the file doesn't exist (file "mapcycle.txt")
L 04/06/2020 - 05:38:15: -------- Mapchange to osprey --------
L 04/06/2020 - 05:38:15: [nextmap.amxx] WARNING: Couldn't find a valid map or the file doesn't exist (file "mapcycle.txt")
L 04/06/2020 - 05:48:20: -------- Mapchange to osprey --------
L 04/06/2020 - 05:48:21: [nextmap.amxx] WARNING: Couldn't find a valid map or the file doesn't exist (file "mapcycle.txt")
L 04/06/2020 - 05:58:26: -------- Mapchange to osprey --------
L 04/06/2020 - 05:58:27: [nextmap.amxx] WARNING: Couldn't find a valid map or the file doesn't exist (file "mapcycle.txt")
L 04/06/2020 - 06:08:32: -------- Mapchange to osprey --------
L 04/06/2020 - 06:08:33: [nextmap.amxx] WARNING: Couldn't find a valid map or the file doesn't exist (file "mapcycle.txt")
L 04/06/2020 - 06:18:38: -------- Mapchange to osprey --------
L 04/06/2020 - 06:18:39: [nextmap.amxx] WARNING: Couldn't find a valid map or the file doesn't exist (file "mapcycle.txt")
L 04/06/2020 - 06:28:44: -------- Mapchange to osprey --------
L 04/06/2020 - 06:28:45: [nextmap.amxx] WARNING: Couldn't find a valid map or the file doesn't exist (file "mapcycle.txt")
L 04/06/2020 - 06:38:50: -------- Mapchange to osprey --------
L 04/06/2020 - 06:38:51: [nextmap.amxx] WARNING: Couldn't find a valid map or the file doesn't exist (file "mapcycle.txt")
L 04/06/2020 - 06:48:56: -------- Mapchange to osprey --------
L 04/06/2020 - 06:48:57: [nextmap.amxx] WARNING: Couldn't find a valid map or the file doesn't exist (file "mapcycle.txt")
L 04/06/2020 - 06:59:02: -------- Mapchange to osprey --------
L 04/06/2020 - 06:59:03: [nextmap.amxx] WARNING: Couldn't find a valid map or the file doesn't exist (file "mapcycle.txt")
L 04/06/2020 - 07:09:08: -------- Mapchange to osprey --------
L 04/06/2020 - 07:09:09: [nextmap.amxx] WARNING: Couldn't find a valid map or the file doesn't exist (file "mapcycle.txt")
L 04/06/2020 - 07:42:11: -------- Mapchange to osprey --------
L 04/06/2020 - 07:42:12: [nextmap.amxx] WARNING: Couldn't find a valid map or the file doesn't exist (file "mapcycle.txt")
L 04/06/2020 - 07:52:17: -------- Mapchange to osprey --------
L 04/06/2020 - 07:52:17: [nextmap.amxx] WARNING: Couldn't find a valid map or the file doesn't exist (file "mapcycle.txt")
L 04/06/2020 - 08:02:23: -------- Mapchange to osprey --------
L 04/06/2020 - 08:02:23: [nextmap.amxx] WARNING: Couldn't find a valid map or the file doesn't exist (file "mapcycle.txt")
L 04/06/2020 - 08:12:29: -------- Mapchange to osprey --------
L 04/06/2020 - 08:12:29: [nextmap.amxx] WARNING: Couldn't find a valid map or the file doesn't exist (file "mapcycle.txt")
L 04/06/2020 - 08:22:34: -------- Mapchange to osprey --------
L 04/06/2020 - 08:22:35: [nextmap.amxx] WARNING: Couldn't find a valid map or the file doesn't exist (file "mapcycle.txt")
L 04/06/2020 - 08:32:40: -------- Mapchange to osprey --------
L 04/06/2020 - 08:32:41: [nextmap.amxx] WARNING: Couldn't find a valid map or the file doesn't exist (file "mapcycle.txt")
L 04/06/2020 - 08:42:46: -------- Mapchange to osprey --------
L 04/06/2020 - 08:42:47: [nextmap.amxx] WARNING: Couldn't find a valid map or the file doesn't exist (file "mapcycle.txt")
L 04/06/2020 - 08:52:52: -------- Mapchange to osprey --------
L 04/06/2020 - 08:52:53: [nextmap.amxx] WARNING: Couldn't find a valid map or the file doesn't exist (file "mapcycle.txt")
L 04/06/2020 - 09:02:58: -------- Mapchange to osprey --------
L 04/06/2020 - 09:02:59: [nextmap.amxx] WARNING: Couldn't find a valid map or the file doesn't exist (file "mapcycle.txt")
L 04/06/2020 - 09:13:04: -------- Mapchange to osprey --------
L 04/06/2020 - 09:13:05: [nextmap.amxx] WARNING: Couldn't find a valid map or the file doesn't exist (file "mapcycle.txt")
L 04/06/2020 - 09:23:10: -------- Mapchange to osprey --------
L 04/06/2020 - 09:23:11: [nextmap.amxx] WARNING: Couldn't find a valid map or the file doesn't exist (file "mapcycle.txt")
L 04/06/2020 - 09:33:16: -------- Mapchange to osprey --------
L 04/06/2020 - 09:33:17: [nextmap.amxx] WARNING: Couldn't find a valid map or the file doesn't exist (file "mapcycle.txt")
L 04/06/2020 - 09:43:22: -------- Mapchange to osprey --------
L 04/06/2020 - 09:43:23: [nextmap.amxx] WARNING: Couldn't find a valid map or the file doesn't exist (file "mapcycle.txt")
L 04/06/2020 - 09:53:28: -------- Mapchange to osprey --------
L 04/06/2020 - 09:53:29: [nextmap.amxx] WARNING: Couldn't find a valid map or the file doesn't exist (file "mapcycle.txt")
L 04/06/2020 - 10:03:34: -------- Mapchange to osprey --------
L 04/06/2020 - 10:03:34: [nextmap.amxx] WARNING: Couldn't find a valid map or the file doesn't exist (file "mapcycle.txt")
L 04/06/2020 - 10:13:40: -------- Mapchange to osprey --------
L 04/06/2020 - 10:13:40: [nextmap.amxx] WARNING: Couldn't find a valid map or the file doesn't exist (file "mapcycle.txt")
L 04/06/2020 - 10:23:46: -------- Mapchange to osprey --------
L 04/06/2020 - 10:23:46: [nextmap.amxx] WARNING: Couldn't find a valid map or the file doesn't exist (file "mapcycle.txt")
L 04/06/2020 - 10:33:51: -------- Mapchange to osprey --------
L 04/06/2020 - 10:33:52: [nextmap.amxx] WARNING: Couldn't find a valid map or the file doesn't exist (file "mapcycle.txt")
L 04/06/2020 - 10:43:57: -------- Mapchange to osprey --------
L 04/06/2020 - 10:43:58: [nextmap.amxx] WARNING: Couldn't find a valid map or the file doesn't exist (file "mapcycle.txt")
L 04/06/2020 - 11:02:04: -------- Mapchange to osprey --------
L 04/06/2020 - 11:02:05: [nextmap.amxx] WARNING: Couldn't find a valid map or the file doesn't exist (file "mapcycle.txt")
L 04/06/2020 - 11:12:10: -------- Mapchange to osprey --------
L 04/06/2020 - 11:12:10: [nextmap.amxx] WARNING: Couldn't find a valid map or the file doesn't exist (file "mapcycle.txt")
L 04/06/2020 - 11:22:16: -------- Mapchange to osprey --------
L 04/06/2020 - 11:22:16: [nextmap.amxx] WARNING: Couldn't find a valid map or the file doesn't exist (file "mapcycle.txt")
L 04/06/2020 - 11:39:01: -------- Mapchange to osprey --------
L 04/06/2020 - 11:39:02: [nextmap.amxx] WARNING: Couldn't find a valid map or the file doesn't exist (file "mapcycle.txt")
L 04/06/2020 - 11:55:43: -------- Mapchange to osprey --------
L 04/06/2020 - 11:55:44: [nextmap.amxx] WARNING: Couldn't find a valid map or the file doesn't exist (file "mapcycle.txt")
L 04/06/2020 - 12:35:50: -------- Mapchange to osprey --------
L 04/06/2020 - 12:35:51: [nextmap.amxx] WARNING: Couldn't find a valid map or the file doesn't exist (file "mapcycle.txt")
L 04/06/2020 - 12:45:56: -------- Mapchange to osprey --------
L 04/06/2020 - 12:45:57: [nextmap.amxx] WARNING: Couldn't find a valid map or the file doesn't exist (file "mapcycle.txt")
L 04/06/2020 - 13:26:03: -------- Mapchange to osprey --------
L 04/06/2020 - 13:26:04: [nextmap.amxx] WARNING: Couldn't find a valid map or the file doesn't exist (file "mapcycle.txt")
L 04/06/2020 - 14:04:11: -------- Mapchange to osprey --------
L 04/06/2020 - 14:04:12: [nextmap.amxx] WARNING: Couldn't find a valid map or the file doesn't exist (file "mapcycle.txt")
L 04/06/2020 - 14:44:18: -------- Mapchange to osprey --------
L 04/06/2020 - 14:44:19: [nextmap.amxx] WARNING: Couldn't find a valid map or the file doesn't exist (file "mapcycle.txt")
L 04/06/2020 - 14:54:24: -------- Mapchange to osprey --------
L 04/06/2020 - 14:54:25: [nextmap.amxx] WARNING: Couldn't find a valid map or the file doesn't exist (file "mapcycle.txt")
L 04/06/2020 - 15:20:52: -------- Mapchange to osprey --------
L 04/06/2020 - 15:20:53: [nextmap.amxx] WARNING: Couldn't find a valid map or the file doesn't exist (file "mapcycle.txt")
L 04/06/2020 - 15:34:34: -------- Mapchange to osprey --------
L 04/06/2020 - 15:34:35: [nextmap.amxx] WARNING: Couldn't find a valid map or the file doesn't exist (file "mapcycle.txt")
L 04/06/2020 - 15:55:21: -------- Mapchange to osprey --------
L 04/06/2020 - 15:55:22: [nextmap.amxx] WARNING: Couldn't find a valid map or the file doesn't exist (file "mapcycle.txt")
L 04/06/2020 - 16:05:27: -------- Mapchange to osprey --------
L 04/06/2020 - 16:05:28: [nextmap.amxx] WARNING: Couldn't find a valid map or the file doesn't exist (file "mapcycle.txt")
L 04/06/2020 - 16:15:33: -------- Mapchange to osprey --------
L 04/06/2020 - 16:15:34: [nextmap.amxx] WARNING: Couldn't find a valid map or the file doesn't exist (file "mapcycle.txt")
L 04/06/2020 - 16:25:39: -------- Mapchange to osprey --------
L 04/06/2020 - 16:25:40: [nextmap.amxx] WARNING: Couldn't find a valid map or the file doesn't exist (file "mapcycle.txt")
L 04/06/2020 - 16:43:42: -------- Mapchange to osprey --------
L 04/06/2020 - 16:43:43: [nextmap.amxx] WARNING: Couldn't find a valid map or the file doesn't exist (file "mapcycle.txt")
L 04/06/2020 - 16:46:56: -------- Mapchange to osprey --------
L 04/06/2020 - 16:46:57: [nextmap.amxx] WARNING: Couldn't find a valid map or the file doesn't exist (file "mapcycle.txt")
L 04/06/2020 - 16:57:13: -------- Mapchange to osprey --------
L 04/06/2020 - 16:57:14: [nextmap.amxx] WARNING: Couldn't find a valid map or the file doesn't exist (file "mapcycle.txt")
L 04/06/2020 - 17:12:31: [admin.amxx] Login: "HALOO<237><STEAM_0:0:75069719><>" became an admin (account "STEAM_0:0:75069719") (access "abcdefghijklmnopqrstu") (address "31.155.196.52")
L 04/06/2020 - 17:12:33: [admin.amxx] Login: "HALOO<238><STEAM_0:0:75069719><>" became an admin (account "STEAM_0:0:75069719") (access "abcdefghijklmnopqrstu") (address "31.155.196.52")
L 04/06/2020 - 17:12:59: [admincmd.amxx] Cmd: "HALOO<238><STEAM_0:0:75069719><>" changelevel "city_invasion"
L 04/06/2020 - 17:13:01: -------- Mapchange to city_invasion --------
L 04/06/2020 - 17:13:02: [nextmap.amxx] WARNING: Couldn't find a valid map or the file doesn't exist (file "mapcycle.txt")
L 04/06/2020 - 17:13:02: [admin.amxx] Login: "HALOO<238><STEAM_0:0:75069719><>" became an admin (account "STEAM_0:0:75069719") (access "abcdefghijklmnopqrstu") (address "31.155.196.52")
L 04/06/2020 - 17:13:55: [admin.amxx] Login: "HALOO<241><STEAM_0:0:75069719><>" became an admin (account "STEAM_0:0:75069719") (access "abcdefghijklmnopqrstu") (address "31.155.196.52")
L 04/06/2020 - 17:16:13: -------- Mapchange to svencoop1 --------
L 04/06/2020 - 17:16:14: [nextmap.amxx] WARNING: Couldn't find a valid map or the file doesn't exist (file "mapcycle.txt")
L 04/06/2020 - 17:16:20: [admin.amxx] Login: "HALOO<2><STEAM_0:0:75069719><>" became an admin (account "STEAM_0:0:75069719") (access "abcdefghijklmnopqrstu") (address "31.155.196.52")
L 04/06/2020 - 17:16:21: [admin.amxx] Login: "HALOO<4><STEAM_0:0:75069719><>" became an admin (account "STEAM_0:0:75069719") (access "abcdefghijklmnopqrstu") (address "31.155.196.52")
L 04/06/2020 - 17:16:29: [admincmd.amxx] Cmd: "HALOO<4><STEAM_0:0:75069719><>" changelevel "city_invasion"
L 04/06/2020 - 17:16:32: -------- Mapchange to city_invasion --------
L 04/06/2020 - 17:16:32: [nextmap.amxx] WARNING: Couldn't find a valid map or the file doesn't exist (file "mapcycle.txt")
L 04/06/2020 - 17:16:33: [admin.amxx] Login: "HALOO<4><STEAM_0:0:75069719><>" became an admin (account "STEAM_0:0:75069719") (access "abcdefghijklmnopqrstu") (address "31.155.196.52")
L 04/06/2020 - 17:16:52: [admincmd.amxx] Cmd: "HALOO<4><STEAM_0:0:75069719><>" set cvar (name "mp_survival_mode") (value "0")
L 04/06/2020 - 17:17:24: [admincmd.amxx] Cmd: "HALOO<4><STEAM_0:0:75069719><>" set cvar (name "mp_survival_mode") (value "0")
L 04/06/2020 - 17:34:36: -------- Mapchange to city_invasion --------
L 04/06/2020 - 17:34:37: [nextmap.amxx] WARNING: Couldn't find a valid map or the file doesn't exist (file "mapcycle.txt")
L 04/06/2020 - 17:34:37: [admin.amxx] Login: "HALOO<4><STEAM_0:0:75069719><>" became an admin (account "STEAM_0:0:75069719") (access "abcdefghijklmnopqrstu") (address "31.155.196.52")
L 04/06/2020 - 17:34:49: [admincmd.amxx] Cmd: "HALOO<4><STEAM_0:0:75069719><>" changelevel "wipeout_v2"
L 04/06/2020 - 17:34:51: -------- Mapchange to wipeout_v2 --------
L 04/06/2020 - 17:34:51: [nextmap.amxx] WARNING: Couldn't find a valid map or the file doesn't exist (file "mapcycle.txt")
L 04/06/2020 - 17:34:51: [admin.amxx] Login: "HALOO<4><STEAM_0:0:75069719><>" became an admin (account "STEAM_0:0:75069719") (access "abcdefghijklmnopqrstu") (address "31.155.196.52")
L 04/06/2020 - 17:34:53: [admin.amxx] Login: "HALOO<9><STEAM_0:0:75069719><>" became an admin (account "STEAM_0:0:75069719") (access "abcdefghijklmnopqrstu") (address "31.155.196.52")
L 04/06/2020 - 17:36:40: [admincmd.amxx] Ban: "HALOO<9><STEAM_0:0:75069719><>" ban and kick "JarSold :D<11><STEAM_0:1:218379338><>" (minutes "9999") (reason "")
L 04/06/2020 - 17:40:05: [admincmd.amxx] Cmd: "HALOO<9><STEAM_0:0:75069719><>" slap with 0 damage "EKO<10><STEAM_0:1:42918900><>"
L 04/06/2020 - 17:40:06: [admincmd.amxx] Cmd: "HALOO<9><STEAM_0:0:75069719><>" slap with 0 damage "EKO<10><STEAM_0:1:42918900><>"
L 04/06/2020 - 17:40:06: [admincmd.amxx] Cmd: "HALOO<9><STEAM_0:0:75069719><>" slap with 0 damage "EKO<10><STEAM_0:1:42918900><>"
L 04/06/2020 - 17:40:06: [admincmd.amxx] Cmd: "HALOO<9><STEAM_0:0:75069719><>" slap with 0 damage "EKO<10><STEAM_0:1:42918900><>"
L 04/06/2020 - 17:43:47: -------- Mapchange to wipeout_v2_pt2 --------
L 04/06/2020 - 17:43:48: [nextmap.amxx] WARNING: Couldn't find a valid map or the file doesn't exist (file "mapcycle.txt")
L 04/06/2020 - 17:43:48: [admin.amxx] Login: "HALOO<9><STEAM_0:0:75069719><>" became an admin (account "STEAM_0:0:75069719") (access "abcdefghijklmnopqrstu") (address "31.155.196.52")
L 04/06/2020 - 17:43:49: [admin.amxx] Login: "HALOO<17><STEAM_0:0:75069719><>" became an admin (account "STEAM_0:0:75069719") (access "abcdefghijklmnopqrstu") (address "31.155.196.52")
L 04/06/2020 - 17:55:09: [admincmd.amxx] Cmd: "HALOO<17><STEAM_0:0:75069719><>" changelevel "ArcticMission"
L 04/06/2020 - 17:55:11: -------- Mapchange to ArcticMission --------
L 04/06/2020 - 17:55:12: [nextmap.amxx] WARNING: Couldn't find a valid map or the file doesn't exist (file "mapcycle.txt")
L 04/06/2020 - 17:55:13: [admin.amxx] Login: "HALOO<17><STEAM_0:0:75069719><>" became an admin (account "STEAM_0:0:75069719") (access "abcdefghijklmnopqrstu") (address "31.155.196.52")
L 04/06/2020 - 17:55:20: [admin.amxx] Login: "HALOO<25><STEAM_0:0:75069719><>" became an admin (account "STEAM_0:0:75069719") (access "abcdefghijklmnopqrstu") (address "31.155.196.52")
L 04/06/2020 - 18:02:16: -------- Mapchange to ArcticMission --------
L 04/06/2020 - 18:02:17: [nextmap.amxx] WARNING: Couldn't find a valid map or the file doesn't exist (file "mapcycle.txt")
L 04/06/2020 - 18:02:17: [admin.amxx] Login: "HALOO<25><STEAM_0:0:75069719><>" became an admin (account "STEAM_0:0:75069719") (access "abcdefghijklmnopqrstu") (address "31.155.196.52")
L 04/06/2020 - 18:02:27: [admincmd.amxx] Cmd: "HALOO<25><STEAM_0:0:75069719><>" changelevel "biglolly_coop1_1"
L 04/06/2020 - 18:02:29: -------- Mapchange to biglolly_coop1_1 --------
L 04/06/2020 - 18:02:30: [nextmap.amxx] WARNING: Couldn't find a valid map or the file doesn't exist (file "mapcycle.txt")
L 04/06/2020 - 18:02:30: [admin.amxx] Login: "HALOO<25><STEAM_0:0:75069719><>" became an admin (account "STEAM_0:0:75069719") (access "abcdefghijklmnopqrstu") (address "31.155.196.52")
L 04/06/2020 - 18:02:34: [admin.amxx] Login: "HALOO<35><STEAM_0:0:75069719><>" became an admin (account "STEAM_0:0:75069719") (access "abcdefghijklmnopqrstu") (address "31.155.196.52")
L 04/06/2020 - 18:03:34: -------- Mapchange to biglolly_coop2 --------
L 04/06/2020 - 18:03:35: [nextmap.amxx] WARNING: Couldn't find a valid map or the file doesn't exist (file "mapcycle.txt")
L 04/06/2020 - 18:03:35: [admin.amxx] Login: "HALOO<35><STEAM_0:0:75069719><>" became an admin (account "STEAM_0:0:75069719") (access "abcdefghijklmnopqrstu") (address "31.155.196.52")
L 04/06/2020 - 18:03:36: [admin.amxx] Login: "HALOO<41><STEAM_0:0:75069719><>" became an admin (account "STEAM_0:0:75069719") (access "abcdefghijklmnopqrstu") (address "31.155.196.52")
L 04/06/2020 - 18:04:31: -------- Mapchange to biglolly_coop3 --------
L 04/06/2020 - 18:04:32: [nextmap.amxx] WARNING: Couldn't find a valid map or the file doesn't exist (file "mapcycle.txt")
L 04/06/2020 - 18:04:32: [admin.amxx] Login: "HALOO<41><STEAM_0:0:75069719><>" became an admin (account "STEAM_0:0:75069719") (access "abcdefghijklmnopqrstu") (address "31.155.196.52")
L 04/06/2020 - 18:04:33: [admin.amxx] Login: "HALOO<47><STEAM_0:0:75069719><>" became an admin (account "STEAM_0:0:75069719") (access "abcdefghijklmnopqrstu") (address "31.155.196.52")
L 04/06/2020 - 18:05:17: -------- Mapchange to biglolly_coop4 --------
L 04/06/2020 - 18:05:17: [nextmap.amxx] WARNING: Couldn't find a valid map or the file doesn't exist (file "mapcycle.txt")
L 04/06/2020 - 18:05:17: [admin.amxx] Login: "HALOO<47><STEAM_0:0:75069719><>" became an admin (account "STEAM_0:0:75069719") (access "abcdefghijklmnopqrstu") (address "31.155.196.52")
L 04/06/2020 - 18:05:19: [admin.amxx] Login: "HALOO<52><STEAM_0:0:75069719><>" became an admin (account "STEAM_0:0:75069719") (access "abcdefghijklmnopqrstu") (address "31.155.196.52")
L 04/06/2020 - 18:08:30: -------- Mapchange to biglolly_coop5 --------
L 04/06/2020 - 18:08:31: [nextmap.amxx] WARNING: Couldn't find a valid map or the file doesn't exist (file "mapcycle.txt")
L 04/06/2020 - 18:08:31: [admin.amxx] Login: "HALOO<52><STEAM_0:0:75069719><>" became an admin (account "STEAM_0:0:75069719") (access "abcdefghijklmnopqrstu") (address "31.155.196.52")
L 04/06/2020 - 18:08:33: [admin.amxx] Login: "HALOO<56><STEAM_0:0:75069719><>" became an admin (account "STEAM_0:0:75069719") (access "abcdefghijklmnopqrstu") (address "31.155.196.52")
L 04/06/2020 - 18:10:41: [admincmd.amxx] Cmd: "HALOO<56><STEAM_0:0:75069719><>" changelevel "sc_halo"
L 04/06/2020 - 18:10:43: -------- Mapchange to sc_halo --------
L 04/06/2020 - 18:10:44: [nextmap.amxx] WARNING: Couldn't find a valid map or the file doesn't exist (file "mapcycle.txt")
L 04/06/2020 - 18:10:44: [admin.amxx] Login: "HALOO<56><STEAM_0:0:75069719><>" became an admin (account "STEAM_0:0:75069719") (access "abcdefghijklmnopqrstu") (address "31.155.196.52")
L 04/06/2020 - 18:10:45: [admin.amxx] Login: "HALOO<60><STEAM_0:0:75069719><>" became an admin (account "STEAM_0:0:75069719") (access "abcdefghijklmnopqrstu") (address "31.155.196.52")
L 04/06/2020 - 18:25:39: -------- Mapchange to sc_halo --------
L 04/06/2020 - 18:25:39: [nextmap.amxx] WARNING: Couldn't find a valid map or the file doesn't exist (file "mapcycle.txt")
L 04/06/2020 - 18:25:40: [admin.amxx] Login: "HALOO<60><STEAM_0:0:75069719><>" became an admin (account "STEAM_0:0:75069719") (access "abcdefghijklmnopqrstu") (address "31.155.196.52")
L 04/06/2020 - 18:34:58: [admincmd.amxx] Cmd: "HALOO<60><STEAM_0:0:75069719><>" changelevel "ragemap2019a"
L 04/06/2020 - 18:35:01: -------- Mapchange to ragemap2019a --------
L 04/06/2020 - 18:35:03: [nextmap.amxx] WARNING: Couldn't find a valid map or the file doesn't exist (file "mapcycle.txt")
L 04/06/2020 - 18:35:03: [admin.amxx] Login: "HALOO<60><STEAM_0:0:75069719><>" became an admin (account "STEAM_0:0:75069719") (access "abcdefghijklmnopqrstu") (address "31.155.196.52")
L 04/06/2020 - 18:35:19: [admin.amxx] Login: "HALOO<70><STEAM_0:0:75069719><>" became an admin (account "STEAM_0:0:75069719") (access "abcdefghijklmnopqrstu") (address "31.155.196.52")
L 04/06/2020 - 19:08:23: [admincmd.amxx] Cmd: "HALOO<70><STEAM_0:0:75069719><>" set cvar (name "sv_gravity") (value "100")
L 04/06/2020 - 19:08:35: [admincmd.amxx] Cmd: "HALOO<70><STEAM_0:0:75069719><>" set cvar (name "sv_gravity") (value "800")
L 04/06/2020 - 19:23:48: -------- Mapchange to ragemap2019a --------
L 04/06/2020 - 19:23:50: [nextmap.amxx] WARNING: Couldn't find a valid map or the file doesn't exist (file "mapcycle.txt")
L 04/06/2020 - 19:33:57: -------- Mapchange to ragemap2019a --------
L 04/06/2020 - 19:34:00: [nextmap.amxx] WARNING: Couldn't find a valid map or the file doesn't exist (file "mapcycle.txt")
L 04/06/2020 - 19:44:07: -------- Mapchange to ragemap2019a --------
L 04/06/2020 - 19:44:10: [nextmap.amxx] WARNING: Couldn't find a valid map or the file doesn't exist (file "mapcycle.txt")
L 04/06/2020 - 19:54:17: -------- Mapchange to ragemap2019a --------
L 04/06/2020 - 19:54:19: [nextmap.amxx] WARNING: Couldn't find a valid map or the file doesn't exist (file "mapcycle.txt")
L 04/06/2020 - 20:04:27: -------- Mapchange to ragemap2019a --------
L 04/06/2020 - 20:04:29: [nextmap.amxx] WARNING: Couldn't find a valid map or the file doesn't exist (file "mapcycle.txt")
L 04/06/2020 - 20:14:37: -------- Mapchange to ragemap2019a --------
L 04/06/2020 - 20:14:39: [nextmap.amxx] WARNING: Couldn't find a valid map or the file doesn't exist (file "mapcycle.txt")
L 04/06/2020 - 20:33:18: -------- Mapchange to ragemap2019a --------
L 04/06/2020 - 20:33:20: [nextmap.amxx] WARNING: Couldn't find a valid map or the file doesn't exist (file "mapcycle.txt")
L 04/06/2020 - 20:43:28: -------- Mapchange to ragemap2019a --------
L 04/06/2020 - 20:43:30: [nextmap.amxx] WARNING: Couldn't find a valid map or the file doesn't exist (file "mapcycle.txt")
L 04/06/2020 - 20:53:37: -------- Mapchange to ragemap2019a --------
L 04/06/2020 - 20:53:40: [nextmap.amxx] WARNING: Couldn't find a valid map or the file doesn't exist (file "mapcycle.txt")
L 04/06/2020 - 21:03:47: -------- Mapchange to ragemap2019a --------
L 04/06/2020 - 21:03:50: [nextmap.amxx] WARNING: Couldn't find a valid map or the file doesn't exist (file "mapcycle.txt")
L 04/06/2020 - 21:32:30: -------- Mapchange to ragemap2019a --------
L 04/06/2020 - 21:32:33: [nextmap.amxx] WARNING: Couldn't find a valid map or the file doesn't exist (file "mapcycle.txt")
L 04/06/2020 - 21:42:41: -------- Mapchange to ragemap2019a --------
L 04/06/2020 - 21:42:43: [nextmap.amxx] WARNING: Couldn't find a valid map or the file doesn't exist (file "mapcycle.txt")
L 04/06/2020 - 21:52:51: -------- Mapchange to ragemap2019a --------
L 04/06/2020 - 21:52:53: [nextmap.amxx] WARNING: Couldn't find a valid map or the file doesn't exist (file "mapcycle.txt")
L 04/06/2020 - 22:03:01: -------- Mapchange to ragemap2019a --------
L 04/06/2020 - 22:03:03: [nextmap.amxx] WARNING: Couldn't find a valid map or the file doesn't exist (file "mapcycle.txt")
L 04/06/2020 - 22:13:11: -------- Mapchange to ragemap2019a --------
L 04/06/2020 - 22:13:13: [nextmap.amxx] WARNING: Couldn't find a valid map or the file doesn't exist (file "mapcycle.txt")
L 04/06/2020 - 22:23:21: -------- Mapchange to ragemap2019a --------
L 04/06/2020 - 22:23:23: [nextmap.amxx] WARNING: Couldn't find a valid map or the file doesn't exist (file "mapcycle.txt")
L 04/06/2020 - 22:33:31: -------- Mapchange to ragemap2019a --------
L 04/06/2020 - 22:33:33: [nextmap.amxx] WARNING: Couldn't find a valid map or the file doesn't exist (file "mapcycle.txt")
L 04/06/2020 - 22:43:41: -------- Mapchange to ragemap2019a --------
L 04/06/2020 - 22:43:43: [nextmap.amxx] WARNING: Couldn't find a valid map or the file doesn't exist (file "mapcycle.txt")
L 04/06/2020 - 22:53:50: -------- Mapchange to ragemap2019a --------
L 04/06/2020 - 22:53:53: [nextmap.amxx] WARNING: Couldn't find a valid map or the file doesn't exist (file "mapcycle.txt")
L 04/06/2020 - 23:04:00: -------- Mapchange to ragemap2019a --------
L 04/06/2020 - 23:04:03: [nextmap.amxx] WARNING: Couldn't find a valid map or the file doesn't exist (file "mapcycle.txt")
L 04/06/2020 - 23:14:10: -------- Mapchange to ragemap2019a --------
L 04/06/2020 - 23:14:13: [nextmap.amxx] WARNING: Couldn't find a valid map or the file doesn't exist (file "mapcycle.txt")
L 04/06/2020 - 23:24:20: -------- Mapchange to ragemap2019a --------
L 04/06/2020 - 23:24:23: [nextmap.amxx] WARNING: Couldn't find a valid map or the file doesn't exist (file "mapcycle.txt")
L 04/06/2020 - 23:34:30: -------- Mapchange to ragemap2019a --------
L 04/06/2020 - 23:34:32: [nextmap.amxx] WARNING: Couldn't find a valid map or the file doesn't exist (file "mapcycle.txt")
L 04/06/2020 - 23:44:40: -------- Mapchange to ragemap2019a --------
L 04/06/2020 - 23:44:42: [nextmap.amxx] WARNING: Couldn't find a valid map or the file doesn't exist (file "mapcycle.txt")
L 04/06/2020 - 23:54:50: -------- Mapchange to ragemap2019a --------
L 04/06/2020 - 23:54:52: [nextmap.amxx] WARNING: Couldn't find a valid map or the file doesn't exist (file "mapcycle.txt")
