L 04/07/2020 - 00:05:00: -------- Mapchange to ragemap2019a --------
L 04/07/2020 - 00:05:02: [nextmap.amxx] WARNING: Couldn't find a valid map or the file doesn't exist (file "mapcycle.txt")
L 04/07/2020 - 00:15:10: -------- Mapchange to ragemap2019a --------
L 04/07/2020 - 00:15:12: [nextmap.amxx] WARNING: Couldn't find a valid map or the file doesn't exist (file "mapcycle.txt")
L 04/07/2020 - 00:25:20: -------- Mapchange to ragemap2019a --------
L 04/07/2020 - 00:25:22: [nextmap.amxx] WARNING: Couldn't find a valid map or the file doesn't exist (file "mapcycle.txt")
L 04/07/2020 - 00:35:30: -------- Mapchange to ragemap2019a --------
L 04/07/2020 - 00:35:32: [nextmap.amxx] WARNING: Couldn't find a valid map or the file doesn't exist (file "mapcycle.txt")
L 04/07/2020 - 00:45:40: -------- Mapchange to ragemap2019a --------
L 04/07/2020 - 00:45:42: [nextmap.amxx] WARNING: Couldn't find a valid map or the file doesn't exist (file "mapcycle.txt")
L 04/07/2020 - 00:55:49: -------- Mapchange to ragemap2019a --------
L 04/07/2020 - 00:55:52: [nextmap.amxx] WARNING: Couldn't find a valid map or the file doesn't exist (file "mapcycle.txt")
L 04/07/2020 - 01:05:59: -------- Mapchange to ragemap2019a --------
L 04/07/2020 - 01:06:02: [nextmap.amxx] WARNING: Couldn't find a valid map or the file doesn't exist (file "mapcycle.txt")
L 04/07/2020 - 01:16:09: -------- Mapchange to ragemap2019a --------
L 04/07/2020 - 01:16:12: [nextmap.amxx] WARNING: Couldn't find a valid map or the file doesn't exist (file "mapcycle.txt")
L 04/07/2020 - 01:26:19: -------- Mapchange to ragemap2019a --------
L 04/07/2020 - 01:26:22: [nextmap.amxx] WARNING: Couldn't find a valid map or the file doesn't exist (file "mapcycle.txt")
L 04/07/2020 - 01:36:29: -------- Mapchange to ragemap2019a --------
L 04/07/2020 - 01:36:31: [nextmap.amxx] WARNING: Couldn't find a valid map or the file doesn't exist (file "mapcycle.txt")
L 04/07/2020 - 01:46:39: -------- Mapchange to ragemap2019a --------
L 04/07/2020 - 01:46:41: [nextmap.amxx] WARNING: Couldn't find a valid map or the file doesn't exist (file "mapcycle.txt")
L 04/07/2020 - 01:56:49: -------- Mapchange to ragemap2019a --------
L 04/07/2020 - 01:56:51: [nextmap.amxx] WARNING: Couldn't find a valid map or the file doesn't exist (file "mapcycle.txt")
L 04/07/2020 - 02:06:59: -------- Mapchange to ragemap2019a --------
L 04/07/2020 - 02:07:01: [nextmap.amxx] WARNING: Couldn't find a valid map or the file doesn't exist (file "mapcycle.txt")
L 04/07/2020 - 02:17:09: -------- Mapchange to ragemap2019a --------
L 04/07/2020 - 02:17:11: [nextmap.amxx] WARNING: Couldn't find a valid map or the file doesn't exist (file "mapcycle.txt")
L 04/07/2020 - 02:27:19: -------- Mapchange to ragemap2019a --------
L 04/07/2020 - 02:27:21: [nextmap.amxx] WARNING: Couldn't find a valid map or the file doesn't exist (file "mapcycle.txt")
L 04/07/2020 - 02:37:28: -------- Mapchange to ragemap2019a --------
L 04/07/2020 - 02:37:31: [nextmap.amxx] WARNING: Couldn't find a valid map or the file doesn't exist (file "mapcycle.txt")
L 04/07/2020 - 02:47:38: -------- Mapchange to ragemap2019a --------
L 04/07/2020 - 02:47:41: [nextmap.amxx] WARNING: Couldn't find a valid map or the file doesn't exist (file "mapcycle.txt")
L 04/07/2020 - 02:57:48: -------- Mapchange to ragemap2019a --------
L 04/07/2020 - 02:57:50: [nextmap.amxx] WARNING: Couldn't find a valid map or the file doesn't exist (file "mapcycle.txt")
L 04/07/2020 - 03:07:58: -------- Mapchange to ragemap2019a --------
L 04/07/2020 - 03:08:00: [nextmap.amxx] WARNING: Couldn't find a valid map or the file doesn't exist (file "mapcycle.txt")
L 04/07/2020 - 03:18:08: -------- Mapchange to ragemap2019a --------
L 04/07/2020 - 03:18:10: [nextmap.amxx] WARNING: Couldn't find a valid map or the file doesn't exist (file "mapcycle.txt")
L 04/07/2020 - 03:28:18: -------- Mapchange to ragemap2019a --------
L 04/07/2020 - 03:28:20: [nextmap.amxx] WARNING: Couldn't find a valid map or the file doesn't exist (file "mapcycle.txt")
L 04/07/2020 - 03:38:28: -------- Mapchange to ragemap2019a --------
L 04/07/2020 - 03:38:30: [nextmap.amxx] WARNING: Couldn't find a valid map or the file doesn't exist (file "mapcycle.txt")
L 04/07/2020 - 03:48:38: -------- Mapchange to ragemap2019a --------
L 04/07/2020 - 03:48:40: [nextmap.amxx] WARNING: Couldn't find a valid map or the file doesn't exist (file "mapcycle.txt")
L 04/07/2020 - 03:58:47: -------- Mapchange to ragemap2019a --------
L 04/07/2020 - 03:58:50: [nextmap.amxx] WARNING: Couldn't find a valid map or the file doesn't exist (file "mapcycle.txt")
L 04/07/2020 - 04:08:57: -------- Mapchange to ragemap2019a --------
L 04/07/2020 - 04:09:00: [nextmap.amxx] WARNING: Couldn't find a valid map or the file doesn't exist (file "mapcycle.txt")
L 04/07/2020 - 04:19:07: -------- Mapchange to ragemap2019a --------
L 04/07/2020 - 04:19:10: [nextmap.amxx] WARNING: Couldn't find a valid map or the file doesn't exist (file "mapcycle.txt")
L 04/07/2020 - 04:29:17: -------- Mapchange to ragemap2019a --------
L 04/07/2020 - 04:29:20: [nextmap.amxx] WARNING: Couldn't find a valid map or the file doesn't exist (file "mapcycle.txt")
L 04/07/2020 - 04:39:27: -------- Mapchange to ragemap2019a --------
L 04/07/2020 - 04:39:29: [nextmap.amxx] WARNING: Couldn't find a valid map or the file doesn't exist (file "mapcycle.txt")
L 04/07/2020 - 04:49:37: -------- Mapchange to ragemap2019a --------
L 04/07/2020 - 04:49:39: [nextmap.amxx] WARNING: Couldn't find a valid map or the file doesn't exist (file "mapcycle.txt")
L 04/07/2020 - 04:59:47: -------- Mapchange to ragemap2019a --------
L 04/07/2020 - 04:59:49: [nextmap.amxx] WARNING: Couldn't find a valid map or the file doesn't exist (file "mapcycle.txt")
L 04/07/2020 - 05:09:57: -------- Mapchange to ragemap2019a --------
L 04/07/2020 - 05:09:59: [nextmap.amxx] WARNING: Couldn't find a valid map or the file doesn't exist (file "mapcycle.txt")
L 04/07/2020 - 05:20:07: -------- Mapchange to ragemap2019a --------
L 04/07/2020 - 05:20:09: [nextmap.amxx] WARNING: Couldn't find a valid map or the file doesn't exist (file "mapcycle.txt")
L 04/07/2020 - 05:30:17: -------- Mapchange to ragemap2019a --------
L 04/07/2020 - 05:30:19: [nextmap.amxx] WARNING: Couldn't find a valid map or the file doesn't exist (file "mapcycle.txt")
L 04/07/2020 - 05:40:27: -------- Mapchange to ragemap2019a --------
L 04/07/2020 - 05:40:29: [nextmap.amxx] WARNING: Couldn't find a valid map or the file doesn't exist (file "mapcycle.txt")
L 04/07/2020 - 05:50:37: -------- Mapchange to ragemap2019a --------
L 04/07/2020 - 05:50:39: [nextmap.amxx] WARNING: Couldn't find a valid map or the file doesn't exist (file "mapcycle.txt")
L 04/07/2020 - 06:00:46: -------- Mapchange to ragemap2019a --------
L 04/07/2020 - 06:00:49: [nextmap.amxx] WARNING: Couldn't find a valid map or the file doesn't exist (file "mapcycle.txt")
L 04/07/2020 - 10:29:44: -------- Mapchange to ragemap2019a --------
L 04/07/2020 - 10:29:47: [nextmap.amxx] WARNING: Couldn't find a valid map or the file doesn't exist (file "mapcycle.txt")
L 04/07/2020 - 10:44:34: -------- Mapchange to ragemap2019a --------
L 04/07/2020 - 10:44:36: [nextmap.amxx] WARNING: Couldn't find a valid map or the file doesn't exist (file "mapcycle.txt")
L 04/07/2020 - 11:01:22: -------- Mapchange to ragemap2019a --------
L 04/07/2020 - 11:01:24: [nextmap.amxx] WARNING: Couldn't find a valid map or the file doesn't exist (file "mapcycle.txt")
L 04/07/2020 - 11:11:32: -------- Mapchange to ragemap2019a --------
L 04/07/2020 - 11:11:34: [nextmap.amxx] WARNING: Couldn't find a valid map or the file doesn't exist (file "mapcycle.txt")
L 04/07/2020 - 11:21:42: -------- Mapchange to ragemap2019a --------
L 04/07/2020 - 11:21:44: [nextmap.amxx] WARNING: Couldn't find a valid map or the file doesn't exist (file "mapcycle.txt")
L 04/07/2020 - 11:34:48: -------- Mapchange to ragemap2019a --------
L 04/07/2020 - 11:34:51: [nextmap.amxx] WARNING: Couldn't find a valid map or the file doesn't exist (file "mapcycle.txt")
L 04/07/2020 - 11:44:58: -------- Mapchange to ragemap2019a --------
L 04/07/2020 - 11:45:01: [nextmap.amxx] WARNING: Couldn't find a valid map or the file doesn't exist (file "mapcycle.txt")
L 04/07/2020 - 11:55:08: -------- Mapchange to ragemap2019a --------
L 04/07/2020 - 11:55:11: [nextmap.amxx] WARNING: Couldn't find a valid map or the file doesn't exist (file "mapcycle.txt")
L 04/07/2020 - 12:05:18: -------- Mapchange to ragemap2019a --------
L 04/07/2020 - 12:05:21: [nextmap.amxx] WARNING: Couldn't find a valid map or the file doesn't exist (file "mapcycle.txt")
L 04/07/2020 - 12:15:28: -------- Mapchange to ragemap2019a --------
L 04/07/2020 - 12:15:31: [nextmap.amxx] WARNING: Couldn't find a valid map or the file doesn't exist (file "mapcycle.txt")
L 04/07/2020 - 12:25:38: -------- Mapchange to ragemap2019a --------
L 04/07/2020 - 12:25:41: [nextmap.amxx] WARNING: Couldn't find a valid map or the file doesn't exist (file "mapcycle.txt")
L 04/07/2020 - 12:35:48: -------- Mapchange to ragemap2019a --------
L 04/07/2020 - 12:35:51: [nextmap.amxx] WARNING: Couldn't find a valid map or the file doesn't exist (file "mapcycle.txt")
L 04/07/2020 - 12:45:59: -------- Mapchange to ragemap2019a --------
L 04/07/2020 - 12:46:01: [nextmap.amxx] WARNING: Couldn't find a valid map or the file doesn't exist (file "mapcycle.txt")
L 04/07/2020 - 12:56:08: -------- Mapchange to ragemap2019a --------
L 04/07/2020 - 12:56:11: [nextmap.amxx] WARNING: Couldn't find a valid map or the file doesn't exist (file "mapcycle.txt")
L 04/07/2020 - 13:12:32: -------- Mapchange to ragemap2019a --------
L 04/07/2020 - 13:12:35: [nextmap.amxx] WARNING: Couldn't find a valid map or the file doesn't exist (file "mapcycle.txt")
L 04/07/2020 - 13:30:40: -------- Mapchange to ragemap2019a --------
L 04/07/2020 - 13:30:43: [nextmap.amxx] WARNING: Couldn't find a valid map or the file doesn't exist (file "mapcycle.txt")
L 04/07/2020 - 13:40:51: -------- Mapchange to ragemap2019a --------
L 04/07/2020 - 13:40:53: [nextmap.amxx] WARNING: Couldn't find a valid map or the file doesn't exist (file "mapcycle.txt")
L 04/07/2020 - 13:51:01: -------- Mapchange to ragemap2019a --------
L 04/07/2020 - 13:51:03: [nextmap.amxx] WARNING: Couldn't find a valid map or the file doesn't exist (file "mapcycle.txt")
L 04/07/2020 - 14:01:11: -------- Mapchange to ragemap2019a --------
L 04/07/2020 - 14:01:14: [nextmap.amxx] WARNING: Couldn't find a valid map or the file doesn't exist (file "mapcycle.txt")
L 04/07/2020 - 15:11:44: [admin.amxx] Login: "HALOO<157><STEAM_0:0:75069719><>" became an admin (account "STEAM_0:0:75069719") (access "abcdefghijklmnopqrstu") (address "176.217.27.179")
L 04/07/2020 - 15:11:47: [admin.amxx] Login: "HALOO<158><STEAM_0:0:75069719><>" became an admin (account "STEAM_0:0:75069719") (access "abcdefghijklmnopqrstu") (address "176.217.27.179")
L 04/07/2020 - 15:11:54: -------- Mapchange to ragemap2019b --------
L 04/07/2020 - 15:11:55: [nextmap.amxx] WARNING: Couldn't find a valid map or the file doesn't exist (file "mapcycle.txt")
L 04/07/2020 - 15:12:08: [admin.amxx] Login: "HALOO<158><STEAM_0:0:75069719><>" became an admin (account "STEAM_0:0:75069719") (access "abcdefghijklmnopqrstu") (address "176.217.27.179")
L 04/07/2020 - 15:12:08: [admin.amxx] Login: "HALOO<158><STEAM_0:0:75069719><>" became an admin (account "STEAM_0:0:75069719") (access "abcdefghijklmnopqrstu") (address "176.217.27.179")
L 04/07/2020 - 15:12:08: [admin.amxx] Login: "HALOO<158><STEAM_0:0:75069719><>" became an admin (account "STEAM_0:0:75069719") (access "abcdefghijklmnopqrstu") (address "176.217.27.179")
L 04/07/2020 - 15:12:16: [admin.amxx] Login: "HALOO<161><STEAM_0:0:75069719><>" became an admin (account "STEAM_0:0:75069719") (access "abcdefghijklmnopqrstu") (address "176.217.27.179")
L 04/07/2020 - 15:13:41: [admincmd.amxx] Cmd: "HALOO<161><STEAM_0:0:75069719><>" changelevel "dy_accident1"
L 04/07/2020 - 15:13:43: -------- Mapchange to dy_accident1 --------
L 04/07/2020 - 15:13:44: [nextmap.amxx] WARNING: Couldn't find a valid map or the file doesn't exist (file "mapcycle.txt")
L 04/07/2020 - 15:13:45: [admin.amxx] Login: "HALOO<161><STEAM_0:0:75069719><>" became an admin (account "STEAM_0:0:75069719") (access "abcdefghijklmnopqrstu") (address "176.217.27.179")
L 04/07/2020 - 15:13:56: [admin.amxx] Login: "HALOO<170><STEAM_0:0:75069719><>" became an admin (account "STEAM_0:0:75069719") (access "abcdefghijklmnopqrstu") (address "176.217.27.179")
L 04/07/2020 - 15:14:20: [admincmd.amxx] Cmd: "HALOO<170><STEAM_0:0:75069719><>" set cvar (name "sv_password") (value "kurum")
L 04/07/2020 - 15:15:47: [admincmd.amxx] Cmd: "HALOO<170><STEAM_0:0:75069719><>" slap with 0 damage "EKO<171><STEAM_0:1:42918900><>"
L 04/07/2020 - 15:15:52: [admincmd.amxx] Cmd: "HALOO<170><STEAM_0:0:75069719><>" slap with 0 damage "EKO<171><STEAM_0:1:42918900><>"
L 04/07/2020 - 15:15:56: [admincmd.amxx] Cmd: "HALOO<170><STEAM_0:0:75069719><>" slap with 0 damage "EKO<171><STEAM_0:1:42918900><>"
L 04/07/2020 - 15:15:56: [admincmd.amxx] Cmd: "HALOO<170><STEAM_0:0:75069719><>" slap with 0 damage "EKO<171><STEAM_0:1:42918900><>"
L 04/07/2020 - 15:15:57: [admincmd.amxx] Cmd: "HALOO<170><STEAM_0:0:75069719><>" slap with 0 damage "EKO<171><STEAM_0:1:42918900><>"
L 04/07/2020 - 15:15:57: [admincmd.amxx] Cmd: "HALOO<170><STEAM_0:0:75069719><>" slap with 0 damage "EKO<171><STEAM_0:1:42918900><>"
L 04/07/2020 - 15:15:57: [admincmd.amxx] Cmd: "HALOO<170><STEAM_0:0:75069719><>" slap with 0 damage "EKO<171><STEAM_0:1:42918900><>"
L 04/07/2020 - 15:15:57: [admincmd.amxx] Cmd: "HALOO<170><STEAM_0:0:75069719><>" slap with 0 damage "EKO<171><STEAM_0:1:42918900><>"
L 04/07/2020 - 15:15:57: [admincmd.amxx] Cmd: "HALOO<170><STEAM_0:0:75069719><>" slap with 0 damage "EKO<171><STEAM_0:1:42918900><>"
L 04/07/2020 - 15:15:57: [admincmd.amxx] Cmd: "HALOO<170><STEAM_0:0:75069719><>" slap with 0 damage "EKO<171><STEAM_0:1:42918900><>"
L 04/07/2020 - 15:15:58: [admincmd.amxx] Cmd: "HALOO<170><STEAM_0:0:75069719><>" slap with 0 damage "EKO<171><STEAM_0:1:42918900><>"
L 04/07/2020 - 15:15:58: [admincmd.amxx] Cmd: "HALOO<170><STEAM_0:0:75069719><>" slap with 0 damage "EKO<171><STEAM_0:1:42918900><>"
L 04/07/2020 - 15:16:19: [admincmd.amxx] Cmd: "HALOO<170><STEAM_0:0:75069719><>" slap with 0 damage "KNYL<173><STEAM_0:1:44675530><>"
L 04/07/2020 - 15:16:20: [admincmd.amxx] Cmd: "HALOO<170><STEAM_0:0:75069719><>" slap with 0 damage "KNYL<173><STEAM_0:1:44675530><>"
L 04/07/2020 - 15:16:20: [admincmd.amxx] Cmd: "HALOO<170><STEAM_0:0:75069719><>" slap with 0 damage "KNYL<173><STEAM_0:1:44675530><>"
L 04/07/2020 - 15:16:21: [admincmd.amxx] Cmd: "HALOO<170><STEAM_0:0:75069719><>" slap with 0 damage "KNYL<173><STEAM_0:1:44675530><>"
L 04/07/2020 - 15:16:21: [admincmd.amxx] Cmd: "HALOO<170><STEAM_0:0:75069719><>" slap with 0 damage "KNYL<173><STEAM_0:1:44675530><>"
L 04/07/2020 - 15:16:27: [admincmd.amxx] Cmd: "HALOO<170><STEAM_0:0:75069719><>" slap with 0 damage "KNYL<173><STEAM_0:1:44675530><>"
L 04/07/2020 - 15:16:29: [admincmd.amxx] Cmd: "HALOO<170><STEAM_0:0:75069719><>" slap with 0 damage "KNYL<173><STEAM_0:1:44675530><>"
L 04/07/2020 - 15:16:29: [admincmd.amxx] Cmd: "HALOO<170><STEAM_0:0:75069719><>" slap with 0 damage "KNYL<173><STEAM_0:1:44675530><>"
L 04/07/2020 - 15:16:51: [admincmd.amxx] Cmd: "HALOO<170><STEAM_0:0:75069719><>" slap with 0 damage "KNYL<173><STEAM_0:1:44675530><>"
L 04/07/2020 - 15:17:24: [admincmd.amxx] Cmd: "HALOO<170><STEAM_0:0:75069719><>" slap with 0 damage "KNYL<173><STEAM_0:1:44675530><>"
L 04/07/2020 - 15:17:27: [admincmd.amxx] Cmd: "HALOO<170><STEAM_0:0:75069719><>" slap with 0 damage "KNYL<173><STEAM_0:1:44675530><>"
L 04/07/2020 - 15:17:27: [admincmd.amxx] Cmd: "HALOO<170><STEAM_0:0:75069719><>" slap with 0 damage "KNYL<173><STEAM_0:1:44675530><>"
L 04/07/2020 - 15:17:27: [admincmd.amxx] Cmd: "HALOO<170><STEAM_0:0:75069719><>" slap with 0 damage "KNYL<173><STEAM_0:1:44675530><>"
L 04/07/2020 - 15:17:27: [admincmd.amxx] Cmd: "HALOO<170><STEAM_0:0:75069719><>" slap with 0 damage "KNYL<173><STEAM_0:1:44675530><>"
L 04/07/2020 - 15:17:27: [admincmd.amxx] Cmd: "HALOO<170><STEAM_0:0:75069719><>" slap with 0 damage "KNYL<173><STEAM_0:1:44675530><>"
L 04/07/2020 - 15:17:28: [admincmd.amxx] Cmd: "HALOO<170><STEAM_0:0:75069719><>" slap with 0 damage "KNYL<173><STEAM_0:1:44675530><>"
L 04/07/2020 - 15:17:28: [admincmd.amxx] Cmd: "HALOO<170><STEAM_0:0:75069719><>" slap with 0 damage "KNYL<173><STEAM_0:1:44675530><>"
L 04/07/2020 - 15:23:58: -------- Mapchange to dy_accident2 --------
L 04/07/2020 - 15:23:59: [nextmap.amxx] WARNING: Couldn't find a valid map or the file doesn't exist (file "mapcycle.txt")
L 04/07/2020 - 15:23:59: [admin.amxx] Login: "HALOO<170><STEAM_0:0:75069719><>" became an admin (account "STEAM_0:0:75069719") (access "abcdefghijklmnopqrstu") (address "176.217.27.179")
L 04/07/2020 - 15:24:04: [admin.amxx] Login: "HALOO<177><STEAM_0:0:75069719><>" became an admin (account "STEAM_0:0:75069719") (access "abcdefghijklmnopqrstu") (address "176.217.27.179")
L 04/07/2020 - 15:26:34: [admincmd.amxx] Cmd: "HALOO<177><STEAM_0:0:75069719><>" slap with 0 damage "KNYL<175><STEAM_0:1:44675530><>"
L 04/07/2020 - 15:26:39: [admincmd.amxx] Cmd: "HALOO<177><STEAM_0:0:75069719><>" slap with 0 damage "KNYL<175><STEAM_0:1:44675530><>"
L 04/07/2020 - 15:26:40: [admincmd.amxx] Cmd: "HALOO<177><STEAM_0:0:75069719><>" slap with 0 damage "KNYL<175><STEAM_0:1:44675530><>"
L 04/07/2020 - 15:26:41: [admincmd.amxx] Cmd: "HALOO<177><STEAM_0:0:75069719><>" slap with 0 damage "KNYL<175><STEAM_0:1:44675530><>"
L 04/07/2020 - 15:26:41: [admincmd.amxx] Cmd: "HALOO<177><STEAM_0:0:75069719><>" slap with 0 damage "KNYL<175><STEAM_0:1:44675530><>"
L 04/07/2020 - 15:26:41: [admincmd.amxx] Cmd: "HALOO<177><STEAM_0:0:75069719><>" slap with 0 damage "KNYL<175><STEAM_0:1:44675530><>"
L 04/07/2020 - 15:26:41: [admincmd.amxx] Cmd: "HALOO<177><STEAM_0:0:75069719><>" slap with 0 damage "KNYL<175><STEAM_0:1:44675530><>"
L 04/07/2020 - 15:26:41: [admincmd.amxx] Cmd: "HALOO<177><STEAM_0:0:75069719><>" slap with 0 damage "KNYL<175><STEAM_0:1:44675530><>"
L 04/07/2020 - 15:26:42: [admincmd.amxx] Cmd: "HALOO<177><STEAM_0:0:75069719><>" slap with 0 damage "KNYL<175><STEAM_0:1:44675530><>"
L 04/07/2020 - 15:26:42: [admincmd.amxx] Cmd: "HALOO<177><STEAM_0:0:75069719><>" slap with 0 damage "KNYL<175><STEAM_0:1:44675530><>"
L 04/07/2020 - 15:26:42: [admincmd.amxx] Cmd: "HALOO<177><STEAM_0:0:75069719><>" slap with 0 damage "KNYL<175><STEAM_0:1:44675530><>"
L 04/07/2020 - 15:26:42: [admincmd.amxx] Cmd: "HALOO<177><STEAM_0:0:75069719><>" slap with 0 damage "KNYL<175><STEAM_0:1:44675530><>"
L 04/07/2020 - 15:26:42: [admincmd.amxx] Cmd: "HALOO<177><STEAM_0:0:75069719><>" slap with 0 damage "KNYL<175><STEAM_0:1:44675530><>"
L 04/07/2020 - 15:26:42: [admincmd.amxx] Cmd: "HALOO<177><STEAM_0:0:75069719><>" slap with 0 damage "KNYL<175><STEAM_0:1:44675530><>"
L 04/07/2020 - 15:26:43: [admincmd.amxx] Cmd: "HALOO<177><STEAM_0:0:75069719><>" slap with 0 damage "KNYL<175><STEAM_0:1:44675530><>"
L 04/07/2020 - 15:26:43: [admincmd.amxx] Cmd: "HALOO<177><STEAM_0:0:75069719><>" slap with 0 damage "KNYL<175><STEAM_0:1:44675530><>"
L 04/07/2020 - 15:26:43: [admincmd.amxx] Cmd: "HALOO<177><STEAM_0:0:75069719><>" slap with 0 damage "KNYL<175><STEAM_0:1:44675530><>"
L 04/07/2020 - 15:27:19: -------- Mapchange to dy_hazard --------
L 04/07/2020 - 15:27:20: [nextmap.amxx] WARNING: Couldn't find a valid map or the file doesn't exist (file "mapcycle.txt")
L 04/07/2020 - 15:27:20: [admin.amxx] Login: "HALOO<177><STEAM_0:0:75069719><>" became an admin (account "STEAM_0:0:75069719") (access "abcdefghijklmnopqrstu") (address "176.217.27.179")
L 04/07/2020 - 15:27:24: [admin.amxx] Login: "HALOO<179><STEAM_0:0:75069719><>" became an admin (account "STEAM_0:0:75069719") (access "abcdefghijklmnopqrstu") (address "176.217.27.179")
L 04/07/2020 - 15:35:10: -------- Mapchange to dy_uplink --------
L 04/07/2020 - 15:35:10: [nextmap.amxx] WARNING: Couldn't find a valid map or the file doesn't exist (file "mapcycle.txt")
L 04/07/2020 - 15:35:11: [admin.amxx] Login: "HALOO<179><STEAM_0:0:75069719><>" became an admin (account "STEAM_0:0:75069719") (access "abcdefghijklmnopqrstu") (address "176.217.27.179")
L 04/07/2020 - 15:35:17: [admin.amxx] Login: "HALOO<183><STEAM_0:0:75069719><>" became an admin (account "STEAM_0:0:75069719") (access "abcdefghijklmnopqrstu") (address "176.217.27.179")
L 04/07/2020 - 15:41:52: -------- Mapchange to dy_dampen --------
L 04/07/2020 - 15:41:53: [nextmap.amxx] WARNING: Couldn't find a valid map or the file doesn't exist (file "mapcycle.txt")
L 04/07/2020 - 15:41:53: [admin.amxx] Login: "HALOO<183><STEAM_0:0:75069719><>" became an admin (account "STEAM_0:0:75069719") (access "abcdefghijklmnopqrstu") (address "176.217.27.179")
L 04/07/2020 - 15:41:56: [admin.amxx] Login: "HALOO<187><STEAM_0:0:75069719><>" became an admin (account "STEAM_0:0:75069719") (access "abcdefghijklmnopqrstu") (address "176.217.27.179")
L 04/07/2020 - 15:54:03: -------- Mapchange to dy_dorms --------
L 04/07/2020 - 15:54:04: [nextmap.amxx] WARNING: Couldn't find a valid map or the file doesn't exist (file "mapcycle.txt")
L 04/07/2020 - 15:54:04: [admin.amxx] Login: "HALOO<187><STEAM_0:0:75069719><>" became an admin (account "STEAM_0:0:75069719") (access "abcdefghijklmnopqrstu") (address "176.217.27.179")
L 04/07/2020 - 15:54:10: [admin.amxx] Login: "HALOO<191><STEAM_0:0:75069719><>" became an admin (account "STEAM_0:0:75069719") (access "abcdefghijklmnopqrstu") (address "176.217.27.179")
L 04/07/2020 - 16:06:26: -------- Mapchange to dy_signal --------
L 04/07/2020 - 16:06:27: [nextmap.amxx] WARNING: Couldn't find a valid map or the file doesn't exist (file "mapcycle.txt")
L 04/07/2020 - 16:06:27: [admin.amxx] Login: "HALOO<191><STEAM_0:0:75069719><>" became an admin (account "STEAM_0:0:75069719") (access "abcdefghijklmnopqrstu") (address "176.217.27.179")
L 04/07/2020 - 16:06:31: [admin.amxx] Login: "HALOO<196><STEAM_0:0:75069719><>" became an admin (account "STEAM_0:0:75069719") (access "abcdefghijklmnopqrstu") (address "176.217.27.179")
L 04/07/2020 - 16:11:12: [admincmd.amxx] Cmd: "HALOO<196><STEAM_0:0:75069719><>" set cvar (name "sv_cheats") (value "1")
L 04/07/2020 - 16:11:26: [admincmd.amxx] Cmd: "HALOO<196><STEAM_0:0:75069719><>" set cvar (name "sv_cheats") (value "0")
L 04/07/2020 - 16:17:24: -------- Mapchange to dy_focus --------
L 04/07/2020 - 16:17:25: [nextmap.amxx] WARNING: Couldn't find a valid map or the file doesn't exist (file "mapcycle.txt")
L 04/07/2020 - 16:17:25: [admin.amxx] Login: "HALOO<196><STEAM_0:0:75069719><>" became an admin (account "STEAM_0:0:75069719") (access "abcdefghijklmnopqrstu") (address "176.217.27.179")
L 04/07/2020 - 16:17:29: [admin.amxx] Login: "HALOO<200><STEAM_0:0:75069719><>" became an admin (account "STEAM_0:0:75069719") (access "abcdefghijklmnopqrstu") (address "176.217.27.179")
L 04/07/2020 - 16:23:02: -------- Mapchange to dy_lasers --------
L 04/07/2020 - 16:23:03: [nextmap.amxx] WARNING: Couldn't find a valid map or the file doesn't exist (file "mapcycle.txt")
L 04/07/2020 - 16:23:04: [admin.amxx] Login: "HALOO<200><STEAM_0:0:75069719><>" became an admin (account "STEAM_0:0:75069719") (access "abcdefghijklmnopqrstu") (address "176.217.27.179")
L 04/07/2020 - 16:23:07: [admin.amxx] Login: "HALOO<204><STEAM_0:0:75069719><>" became an admin (account "STEAM_0:0:75069719") (access "abcdefghijklmnopqrstu") (address "176.217.27.179")
L 04/07/2020 - 16:36:02: -------- Mapchange to dy_fubar --------
L 04/07/2020 - 16:36:03: [nextmap.amxx] WARNING: Couldn't find a valid map or the file doesn't exist (file "mapcycle.txt")
L 04/07/2020 - 16:36:03: [admin.amxx] Login: "HALOO<204><STEAM_0:0:75069719><>" became an admin (account "STEAM_0:0:75069719") (access "abcdefghijklmnopqrstu") (address "176.217.27.179")
L 04/07/2020 - 16:36:06: [admin.amxx] Login: "HALOO<209><STEAM_0:0:75069719><>" became an admin (account "STEAM_0:0:75069719") (access "abcdefghijklmnopqrstu") (address "176.217.27.179")
L 04/07/2020 - 16:37:26: [admincmd.amxx] Cmd: "HALOO<209><STEAM_0:0:75069719><>" slap with 0 damage "KNYL<212><STEAM_0:1:44675530><>"
L 04/07/2020 - 16:37:31: [admincmd.amxx] Cmd: "HALOO<209><STEAM_0:0:75069719><>" slap with 0 damage "KNYL<212><STEAM_0:1:44675530><>"
L 04/07/2020 - 16:37:31: [admincmd.amxx] Cmd: "HALOO<209><STEAM_0:0:75069719><>" slap with 0 damage "KNYL<212><STEAM_0:1:44675530><>"
L 04/07/2020 - 16:37:31: [admincmd.amxx] Cmd: "HALOO<209><STEAM_0:0:75069719><>" slap with 0 damage "KNYL<212><STEAM_0:1:44675530><>"
L 04/07/2020 - 16:37:31: [admincmd.amxx] Cmd: "HALOO<209><STEAM_0:0:75069719><>" slap with 0 damage "KNYL<212><STEAM_0:1:44675530><>"
L 04/07/2020 - 16:37:31: [admincmd.amxx] Cmd: "HALOO<209><STEAM_0:0:75069719><>" slap with 0 damage "KNYL<212><STEAM_0:1:44675530><>"
L 04/07/2020 - 16:37:32: [admincmd.amxx] Cmd: "HALOO<209><STEAM_0:0:75069719><>" slap with 0 damage "KNYL<212><STEAM_0:1:44675530><>"
L 04/07/2020 - 16:37:32: [admincmd.amxx] Cmd: "HALOO<209><STEAM_0:0:75069719><>" slap with 0 damage "KNYL<212><STEAM_0:1:44675530><>"
L 04/07/2020 - 16:37:32: [admincmd.amxx] Cmd: "HALOO<209><STEAM_0:0:75069719><>" slap with 0 damage "KNYL<212><STEAM_0:1:44675530><>"
L 04/07/2020 - 16:37:32: [admincmd.amxx] Cmd: "HALOO<209><STEAM_0:0:75069719><>" slap with 0 damage "KNYL<212><STEAM_0:1:44675530><>"
L 04/07/2020 - 16:37:32: [admincmd.amxx] Cmd: "HALOO<209><STEAM_0:0:75069719><>" slap with 0 damage "KNYL<212><STEAM_0:1:44675530><>"
L 04/07/2020 - 16:37:32: [admincmd.amxx] Cmd: "HALOO<209><STEAM_0:0:75069719><>" slap with 0 damage "KNYL<212><STEAM_0:1:44675530><>"
L 04/07/2020 - 16:37:33: [admincmd.amxx] Cmd: "HALOO<209><STEAM_0:0:75069719><>" slap with 0 damage "KNYL<212><STEAM_0:1:44675530><>"
L 04/07/2020 - 16:37:33: [admincmd.amxx] Cmd: "HALOO<209><STEAM_0:0:75069719><>" slap with 0 damage "KNYL<212><STEAM_0:1:44675530><>"
L 04/07/2020 - 16:37:33: [admincmd.amxx] Cmd: "HALOO<209><STEAM_0:0:75069719><>" slap with 0 damage "KNYL<212><STEAM_0:1:44675530><>"
L 04/07/2020 - 16:44:30: -------- Mapchange to dy_outro --------
L 04/07/2020 - 16:44:30: [nextmap.amxx] WARNING: Couldn't find a valid map or the file doesn't exist (file "mapcycle.txt")
L 04/07/2020 - 16:44:31: [admin.amxx] Login: "HALOO<209><STEAM_0:0:75069719><>" became an admin (account "STEAM_0:0:75069719") (access "abcdefghijklmnopqrstu") (address "176.217.27.179")
L 04/07/2020 - 16:44:33: [admin.amxx] Login: "HALOO<213><STEAM_0:0:75069719><>" became an admin (account "STEAM_0:0:75069719") (access "abcdefghijklmnopqrstu") (address "176.217.27.179")
L 04/07/2020 - 16:46:48: -------- Mapchange to dy_outro --------
L 04/07/2020 - 16:46:49: [nextmap.amxx] WARNING: Couldn't find a valid map or the file doesn't exist (file "mapcycle.txt")
L 04/07/2020 - 16:49:06: -------- Mapchange to dy_outro --------
L 04/07/2020 - 16:49:07: [nextmap.amxx] WARNING: Couldn't find a valid map or the file doesn't exist (file "mapcycle.txt")
L 04/07/2020 - 16:51:25: -------- Mapchange to dy_outro --------
L 04/07/2020 - 16:51:25: [nextmap.amxx] WARNING: Couldn't find a valid map or the file doesn't exist (file "mapcycle.txt")
L 04/07/2020 - 16:53:43: -------- Mapchange to dy_outro --------
L 04/07/2020 - 16:53:44: [nextmap.amxx] WARNING: Couldn't find a valid map or the file doesn't exist (file "mapcycle.txt")
L 04/07/2020 - 16:56:01: -------- Mapchange to dy_outro --------
L 04/07/2020 - 16:56:02: [nextmap.amxx] WARNING: Couldn't find a valid map or the file doesn't exist (file "mapcycle.txt")
L 04/07/2020 - 16:58:20: -------- Mapchange to dy_outro --------
L 04/07/2020 - 16:58:21: [nextmap.amxx] WARNING: Couldn't find a valid map or the file doesn't exist (file "mapcycle.txt")
L 04/07/2020 - 17:00:38: -------- Mapchange to dy_outro --------
L 04/07/2020 - 17:00:39: [nextmap.amxx] WARNING: Couldn't find a valid map or the file doesn't exist (file "mapcycle.txt")
L 04/07/2020 - 17:02:56: -------- Mapchange to dy_outro --------
L 04/07/2020 - 17:02:57: [nextmap.amxx] WARNING: Couldn't find a valid map or the file doesn't exist (file "mapcycle.txt")
L 04/07/2020 - 17:05:15: -------- Mapchange to dy_outro --------
L 04/07/2020 - 17:05:16: [nextmap.amxx] WARNING: Couldn't find a valid map or the file doesn't exist (file "mapcycle.txt")
L 04/07/2020 - 17:07:33: -------- Mapchange to dy_outro --------
L 04/07/2020 - 17:07:34: [nextmap.amxx] WARNING: Couldn't find a valid map or the file doesn't exist (file "mapcycle.txt")
L 04/07/2020 - 17:09:52: -------- Mapchange to dy_outro --------
L 04/07/2020 - 17:09:52: [nextmap.amxx] WARNING: Couldn't find a valid map or the file doesn't exist (file "mapcycle.txt")
L 04/07/2020 - 17:12:10: -------- Mapchange to dy_outro --------
L 04/07/2020 - 17:12:11: [nextmap.amxx] WARNING: Couldn't find a valid map or the file doesn't exist (file "mapcycle.txt")
L 04/07/2020 - 17:14:28: -------- Mapchange to dy_outro --------
L 04/07/2020 - 17:14:29: [nextmap.amxx] WARNING: Couldn't find a valid map or the file doesn't exist (file "mapcycle.txt")
L 04/07/2020 - 17:16:47: -------- Mapchange to dy_outro --------
L 04/07/2020 - 17:16:48: [nextmap.amxx] WARNING: Couldn't find a valid map or the file doesn't exist (file "mapcycle.txt")
L 04/07/2020 - 17:19:05: -------- Mapchange to dy_outro --------
L 04/07/2020 - 17:19:06: [nextmap.amxx] WARNING: Couldn't find a valid map or the file doesn't exist (file "mapcycle.txt")
L 04/07/2020 - 17:21:24: -------- Mapchange to dy_outro --------
L 04/07/2020 - 17:21:24: [nextmap.amxx] WARNING: Couldn't find a valid map or the file doesn't exist (file "mapcycle.txt")
L 04/07/2020 - 17:23:42: -------- Mapchange to dy_outro --------
L 04/07/2020 - 17:23:43: [nextmap.amxx] WARNING: Couldn't find a valid map or the file doesn't exist (file "mapcycle.txt")
L 04/07/2020 - 17:26:00: -------- Mapchange to dy_outro --------
L 04/07/2020 - 17:26:01: [nextmap.amxx] WARNING: Couldn't find a valid map or the file doesn't exist (file "mapcycle.txt")
L 04/07/2020 - 17:28:19: -------- Mapchange to dy_outro --------
L 04/07/2020 - 17:28:20: [nextmap.amxx] WARNING: Couldn't find a valid map or the file doesn't exist (file "mapcycle.txt")
L 04/07/2020 - 17:30:37: -------- Mapchange to dy_outro --------
L 04/07/2020 - 17:30:38: [nextmap.amxx] WARNING: Couldn't find a valid map or the file doesn't exist (file "mapcycle.txt")
L 04/07/2020 - 17:32:56: -------- Mapchange to dy_outro --------
L 04/07/2020 - 17:32:57: [nextmap.amxx] WARNING: Couldn't find a valid map or the file doesn't exist (file "mapcycle.txt")
L 04/07/2020 - 17:35:14: -------- Mapchange to dy_outro --------
L 04/07/2020 - 17:35:15: [nextmap.amxx] WARNING: Couldn't find a valid map or the file doesn't exist (file "mapcycle.txt")
L 04/07/2020 - 17:37:33: -------- Mapchange to dy_outro --------
L 04/07/2020 - 17:37:34: [nextmap.amxx] WARNING: Couldn't find a valid map or the file doesn't exist (file "mapcycle.txt")
L 04/07/2020 - 17:39:51: -------- Mapchange to dy_outro --------
L 04/07/2020 - 17:39:52: [nextmap.amxx] WARNING: Couldn't find a valid map or the file doesn't exist (file "mapcycle.txt")
L 04/07/2020 - 17:42:10: -------- Mapchange to dy_outro --------
L 04/07/2020 - 17:42:11: [nextmap.amxx] WARNING: Couldn't find a valid map or the file doesn't exist (file "mapcycle.txt")
L 04/07/2020 - 17:44:28: -------- Mapchange to dy_outro --------
L 04/07/2020 - 17:44:29: [nextmap.amxx] WARNING: Couldn't find a valid map or the file doesn't exist (file "mapcycle.txt")
L 04/07/2020 - 17:46:47: -------- Mapchange to dy_outro --------
L 04/07/2020 - 17:46:47: [nextmap.amxx] WARNING: Couldn't find a valid map or the file doesn't exist (file "mapcycle.txt")
L 04/07/2020 - 17:49:05: -------- Mapchange to dy_outro --------
L 04/07/2020 - 17:49:06: [nextmap.amxx] WARNING: Couldn't find a valid map or the file doesn't exist (file "mapcycle.txt")
L 04/07/2020 - 17:51:24: -------- Mapchange to dy_outro --------
L 04/07/2020 - 17:51:24: [nextmap.amxx] WARNING: Couldn't find a valid map or the file doesn't exist (file "mapcycle.txt")
L 04/07/2020 - 17:53:42: -------- Mapchange to dy_outro --------
L 04/07/2020 - 17:53:43: [nextmap.amxx] WARNING: Couldn't find a valid map or the file doesn't exist (file "mapcycle.txt")
L 04/07/2020 - 17:56:00: -------- Mapchange to dy_outro --------
L 04/07/2020 - 17:56:01: [nextmap.amxx] WARNING: Couldn't find a valid map or the file doesn't exist (file "mapcycle.txt")
L 04/07/2020 - 17:58:19: -------- Mapchange to dy_outro --------
L 04/07/2020 - 17:58:20: [nextmap.amxx] WARNING: Couldn't find a valid map or the file doesn't exist (file "mapcycle.txt")
L 04/07/2020 - 18:00:37: -------- Mapchange to dy_outro --------
L 04/07/2020 - 18:00:38: [nextmap.amxx] WARNING: Couldn't find a valid map or the file doesn't exist (file "mapcycle.txt")
L 04/07/2020 - 18:02:56: -------- Mapchange to dy_outro --------
L 04/07/2020 - 18:02:56: [nextmap.amxx] WARNING: Couldn't find a valid map or the file doesn't exist (file "mapcycle.txt")
L 04/07/2020 - 18:05:14: -------- Mapchange to dy_outro --------
L 04/07/2020 - 18:05:15: [nextmap.amxx] WARNING: Couldn't find a valid map or the file doesn't exist (file "mapcycle.txt")
L 04/07/2020 - 18:07:32: -------- Mapchange to dy_outro --------
L 04/07/2020 - 18:07:33: [nextmap.amxx] WARNING: Couldn't find a valid map or the file doesn't exist (file "mapcycle.txt")
L 04/07/2020 - 18:09:51: -------- Mapchange to dy_outro --------
L 04/07/2020 - 18:09:52: [nextmap.amxx] WARNING: Couldn't find a valid map or the file doesn't exist (file "mapcycle.txt")
L 04/07/2020 - 18:12:09: -------- Mapchange to dy_outro --------
L 04/07/2020 - 18:12:10: [nextmap.amxx] WARNING: Couldn't find a valid map or the file doesn't exist (file "mapcycle.txt")
L 04/07/2020 - 18:14:28: -------- Mapchange to dy_outro --------
L 04/07/2020 - 18:14:28: [nextmap.amxx] WARNING: Couldn't find a valid map or the file doesn't exist (file "mapcycle.txt")
L 04/07/2020 - 18:16:46: -------- Mapchange to dy_outro --------
L 04/07/2020 - 18:16:47: [nextmap.amxx] WARNING: Couldn't find a valid map or the file doesn't exist (file "mapcycle.txt")
L 04/07/2020 - 18:19:04: -------- Mapchange to dy_outro --------
L 04/07/2020 - 18:19:05: [nextmap.amxx] WARNING: Couldn't find a valid map or the file doesn't exist (file "mapcycle.txt")
L 04/07/2020 - 18:21:23: -------- Mapchange to dy_outro --------
L 04/07/2020 - 18:21:23: [nextmap.amxx] WARNING: Couldn't find a valid map or the file doesn't exist (file "mapcycle.txt")
L 04/07/2020 - 18:23:41: -------- Mapchange to dy_outro --------
L 04/07/2020 - 18:23:42: [nextmap.amxx] WARNING: Couldn't find a valid map or the file doesn't exist (file "mapcycle.txt")
L 04/07/2020 - 18:25:59: -------- Mapchange to dy_outro --------
L 04/07/2020 - 18:26:00: [nextmap.amxx] WARNING: Couldn't find a valid map or the file doesn't exist (file "mapcycle.txt")
L 04/07/2020 - 18:28:18: -------- Mapchange to dy_outro --------
L 04/07/2020 - 18:28:18: [nextmap.amxx] WARNING: Couldn't find a valid map or the file doesn't exist (file "mapcycle.txt")
L 04/07/2020 - 18:30:36: -------- Mapchange to dy_outro --------
L 04/07/2020 - 18:30:37: [nextmap.amxx] WARNING: Couldn't find a valid map or the file doesn't exist (file "mapcycle.txt")
L 04/07/2020 - 18:32:54: -------- Mapchange to dy_outro --------
L 04/07/2020 - 18:32:55: [nextmap.amxx] WARNING: Couldn't find a valid map or the file doesn't exist (file "mapcycle.txt")
L 04/07/2020 - 18:35:13: -------- Mapchange to dy_outro --------
L 04/07/2020 - 18:35:13: [nextmap.amxx] WARNING: Couldn't find a valid map or the file doesn't exist (file "mapcycle.txt")
L 04/07/2020 - 18:37:31: -------- Mapchange to dy_outro --------
L 04/07/2020 - 18:37:32: [nextmap.amxx] WARNING: Couldn't find a valid map or the file doesn't exist (file "mapcycle.txt")
L 04/07/2020 - 18:39:50: -------- Mapchange to dy_outro --------
L 04/07/2020 - 18:39:50: [nextmap.amxx] WARNING: Couldn't find a valid map or the file doesn't exist (file "mapcycle.txt")
L 04/07/2020 - 18:42:08: -------- Mapchange to dy_outro --------
L 04/07/2020 - 18:42:09: [nextmap.amxx] WARNING: Couldn't find a valid map or the file doesn't exist (file "mapcycle.txt")
L 04/07/2020 - 18:44:26: -------- Mapchange to dy_outro --------
L 04/07/2020 - 18:44:27: [nextmap.amxx] WARNING: Couldn't find a valid map or the file doesn't exist (file "mapcycle.txt")
L 04/07/2020 - 18:46:44: -------- Mapchange to dy_outro --------
L 04/07/2020 - 18:46:45: [nextmap.amxx] WARNING: Couldn't find a valid map or the file doesn't exist (file "mapcycle.txt")
L 04/07/2020 - 18:49:03: -------- Mapchange to dy_outro --------
L 04/07/2020 - 18:49:04: [nextmap.amxx] WARNING: Couldn't find a valid map or the file doesn't exist (file "mapcycle.txt")
L 04/07/2020 - 18:51:21: -------- Mapchange to dy_outro --------
L 04/07/2020 - 18:51:22: [nextmap.amxx] WARNING: Couldn't find a valid map or the file doesn't exist (file "mapcycle.txt")
L 04/07/2020 - 18:53:40: -------- Mapchange to dy_outro --------
L 04/07/2020 - 18:53:40: [nextmap.amxx] WARNING: Couldn't find a valid map or the file doesn't exist (file "mapcycle.txt")
L 04/07/2020 - 18:55:58: -------- Mapchange to dy_outro --------
L 04/07/2020 - 18:55:59: [nextmap.amxx] WARNING: Couldn't find a valid map or the file doesn't exist (file "mapcycle.txt")
L 04/07/2020 - 18:58:16: -------- Mapchange to dy_outro --------
L 04/07/2020 - 18:58:17: [nextmap.amxx] WARNING: Couldn't find a valid map or the file doesn't exist (file "mapcycle.txt")
L 04/07/2020 - 19:00:35: -------- Mapchange to dy_outro --------
L 04/07/2020 - 19:00:35: [nextmap.amxx] WARNING: Couldn't find a valid map or the file doesn't exist (file "mapcycle.txt")
L 04/07/2020 - 19:02:53: -------- Mapchange to dy_outro --------
L 04/07/2020 - 19:02:54: [nextmap.amxx] WARNING: Couldn't find a valid map or the file doesn't exist (file "mapcycle.txt")
L 04/07/2020 - 19:05:11: -------- Mapchange to dy_outro --------
L 04/07/2020 - 19:05:12: [nextmap.amxx] WARNING: Couldn't find a valid map or the file doesn't exist (file "mapcycle.txt")
L 04/07/2020 - 19:07:30: -------- Mapchange to dy_outro --------
L 04/07/2020 - 19:07:30: [nextmap.amxx] WARNING: Couldn't find a valid map or the file doesn't exist (file "mapcycle.txt")
L 04/07/2020 - 19:09:48: -------- Mapchange to dy_outro --------
L 04/07/2020 - 19:09:49: [nextmap.amxx] WARNING: Couldn't find a valid map or the file doesn't exist (file "mapcycle.txt")
L 04/07/2020 - 19:12:06: -------- Mapchange to dy_outro --------
L 04/07/2020 - 19:12:07: [nextmap.amxx] WARNING: Couldn't find a valid map or the file doesn't exist (file "mapcycle.txt")
L 04/07/2020 - 19:14:25: -------- Mapchange to dy_outro --------
L 04/07/2020 - 19:14:25: [nextmap.amxx] WARNING: Couldn't find a valid map or the file doesn't exist (file "mapcycle.txt")
L 04/07/2020 - 19:16:43: -------- Mapchange to dy_outro --------
L 04/07/2020 - 19:16:44: [nextmap.amxx] WARNING: Couldn't find a valid map or the file doesn't exist (file "mapcycle.txt")
L 04/07/2020 - 19:19:01: -------- Mapchange to dy_outro --------
L 04/07/2020 - 19:19:02: [nextmap.amxx] WARNING: Couldn't find a valid map or the file doesn't exist (file "mapcycle.txt")
L 04/07/2020 - 19:21:20: -------- Mapchange to dy_outro --------
L 04/07/2020 - 19:21:20: [nextmap.amxx] WARNING: Couldn't find a valid map or the file doesn't exist (file "mapcycle.txt")
L 04/07/2020 - 19:23:38: -------- Mapchange to dy_outro --------
L 04/07/2020 - 19:23:39: [nextmap.amxx] WARNING: Couldn't find a valid map or the file doesn't exist (file "mapcycle.txt")
L 04/07/2020 - 19:25:56: -------- Mapchange to dy_outro --------
L 04/07/2020 - 19:25:57: [nextmap.amxx] WARNING: Couldn't find a valid map or the file doesn't exist (file "mapcycle.txt")
L 04/07/2020 - 19:28:15: -------- Mapchange to dy_outro --------
L 04/07/2020 - 19:28:15: [nextmap.amxx] WARNING: Couldn't find a valid map or the file doesn't exist (file "mapcycle.txt")
L 04/07/2020 - 19:30:33: -------- Mapchange to dy_outro --------
L 04/07/2020 - 19:30:34: [nextmap.amxx] WARNING: Couldn't find a valid map or the file doesn't exist (file "mapcycle.txt")
L 04/07/2020 - 19:32:51: -------- Mapchange to dy_outro --------
L 04/07/2020 - 19:32:52: [nextmap.amxx] WARNING: Couldn't find a valid map or the file doesn't exist (file "mapcycle.txt")
L 04/07/2020 - 19:35:10: -------- Mapchange to dy_outro --------
L 04/07/2020 - 19:35:10: [nextmap.amxx] WARNING: Couldn't find a valid map or the file doesn't exist (file "mapcycle.txt")
L 04/07/2020 - 19:37:28: -------- Mapchange to dy_outro --------
L 04/07/2020 - 19:37:29: [nextmap.amxx] WARNING: Couldn't find a valid map or the file doesn't exist (file "mapcycle.txt")
L 04/07/2020 - 19:39:46: -------- Mapchange to dy_outro --------
L 04/07/2020 - 19:39:47: [nextmap.amxx] WARNING: Couldn't find a valid map or the file doesn't exist (file "mapcycle.txt")
L 04/07/2020 - 19:42:05: -------- Mapchange to dy_outro --------
L 04/07/2020 - 19:42:06: [nextmap.amxx] WARNING: Couldn't find a valid map or the file doesn't exist (file "mapcycle.txt")
L 04/07/2020 - 19:44:23: -------- Mapchange to dy_outro --------
L 04/07/2020 - 19:44:24: [nextmap.amxx] WARNING: Couldn't find a valid map or the file doesn't exist (file "mapcycle.txt")
L 04/07/2020 - 19:46:41: -------- Mapchange to dy_outro --------
L 04/07/2020 - 19:46:42: [nextmap.amxx] WARNING: Couldn't find a valid map or the file doesn't exist (file "mapcycle.txt")
L 04/07/2020 - 19:49:00: -------- Mapchange to dy_outro --------
L 04/07/2020 - 19:49:00: [nextmap.amxx] WARNING: Couldn't find a valid map or the file doesn't exist (file "mapcycle.txt")
L 04/07/2020 - 19:51:18: -------- Mapchange to dy_outro --------
L 04/07/2020 - 19:51:19: [nextmap.amxx] WARNING: Couldn't find a valid map or the file doesn't exist (file "mapcycle.txt")
L 04/07/2020 - 19:53:37: -------- Mapchange to dy_outro --------
L 04/07/2020 - 19:53:37: [nextmap.amxx] WARNING: Couldn't find a valid map or the file doesn't exist (file "mapcycle.txt")
L 04/07/2020 - 19:55:55: -------- Mapchange to dy_outro --------
L 04/07/2020 - 19:55:56: [nextmap.amxx] WARNING: Couldn't find a valid map or the file doesn't exist (file "mapcycle.txt")
L 04/07/2020 - 19:58:13: -------- Mapchange to dy_outro --------
L 04/07/2020 - 19:58:14: [nextmap.amxx] WARNING: Couldn't find a valid map or the file doesn't exist (file "mapcycle.txt")
L 04/07/2020 - 20:00:32: -------- Mapchange to dy_outro --------
L 04/07/2020 - 20:00:32: [nextmap.amxx] WARNING: Couldn't find a valid map or the file doesn't exist (file "mapcycle.txt")
L 04/07/2020 - 20:02:50: -------- Mapchange to dy_outro --------
L 04/07/2020 - 20:02:51: [nextmap.amxx] WARNING: Couldn't find a valid map or the file doesn't exist (file "mapcycle.txt")
L 04/07/2020 - 20:05:08: -------- Mapchange to dy_outro --------
L 04/07/2020 - 20:05:09: [nextmap.amxx] WARNING: Couldn't find a valid map or the file doesn't exist (file "mapcycle.txt")
L 04/07/2020 - 20:07:27: -------- Mapchange to dy_outro --------
L 04/07/2020 - 20:07:27: [nextmap.amxx] WARNING: Couldn't find a valid map or the file doesn't exist (file "mapcycle.txt")
L 04/07/2020 - 20:09:45: -------- Mapchange to dy_outro --------
L 04/07/2020 - 20:09:46: [nextmap.amxx] WARNING: Couldn't find a valid map or the file doesn't exist (file "mapcycle.txt")
L 04/07/2020 - 20:12:03: -------- Mapchange to dy_outro --------
L 04/07/2020 - 20:12:04: [nextmap.amxx] WARNING: Couldn't find a valid map or the file doesn't exist (file "mapcycle.txt")
L 04/07/2020 - 20:14:22: -------- Mapchange to dy_outro --------
L 04/07/2020 - 20:14:23: [nextmap.amxx] WARNING: Couldn't find a valid map or the file doesn't exist (file "mapcycle.txt")
L 04/07/2020 - 20:16:40: -------- Mapchange to dy_outro --------
L 04/07/2020 - 20:16:41: [nextmap.amxx] WARNING: Couldn't find a valid map or the file doesn't exist (file "mapcycle.txt")
L 04/07/2020 - 20:18:59: -------- Mapchange to dy_outro --------
L 04/07/2020 - 20:18:59: [nextmap.amxx] WARNING: Couldn't find a valid map or the file doesn't exist (file "mapcycle.txt")
L 04/07/2020 - 20:21:17: -------- Mapchange to dy_outro --------
L 04/07/2020 - 20:21:18: [nextmap.amxx] WARNING: Couldn't find a valid map or the file doesn't exist (file "mapcycle.txt")
L 04/07/2020 - 20:23:35: -------- Mapchange to dy_outro --------
L 04/07/2020 - 20:23:36: [nextmap.amxx] WARNING: Couldn't find a valid map or the file doesn't exist (file "mapcycle.txt")
L 04/07/2020 - 20:25:54: -------- Mapchange to dy_outro --------
L 04/07/2020 - 20:25:54: [nextmap.amxx] WARNING: Couldn't find a valid map or the file doesn't exist (file "mapcycle.txt")
L 04/07/2020 - 20:28:12: -------- Mapchange to dy_outro --------
L 04/07/2020 - 20:28:13: [nextmap.amxx] WARNING: Couldn't find a valid map or the file doesn't exist (file "mapcycle.txt")
L 04/07/2020 - 20:30:30: -------- Mapchange to dy_outro --------
L 04/07/2020 - 20:30:31: [nextmap.amxx] WARNING: Couldn't find a valid map or the file doesn't exist (file "mapcycle.txt")
L 04/07/2020 - 20:32:49: -------- Mapchange to dy_outro --------
L 04/07/2020 - 20:32:50: [nextmap.amxx] WARNING: Couldn't find a valid map or the file doesn't exist (file "mapcycle.txt")
L 04/07/2020 - 20:35:07: -------- Mapchange to dy_outro --------
L 04/07/2020 - 20:35:08: [nextmap.amxx] WARNING: Couldn't find a valid map or the file doesn't exist (file "mapcycle.txt")
L 04/07/2020 - 20:37:26: -------- Mapchange to dy_outro --------
L 04/07/2020 - 20:37:27: [nextmap.amxx] WARNING: Couldn't find a valid map or the file doesn't exist (file "mapcycle.txt")
L 04/07/2020 - 20:39:44: -------- Mapchange to dy_outro --------
L 04/07/2020 - 20:39:45: [nextmap.amxx] WARNING: Couldn't find a valid map or the file doesn't exist (file "mapcycle.txt")
L 04/07/2020 - 20:42:03: -------- Mapchange to dy_outro --------
L 04/07/2020 - 20:42:03: [nextmap.amxx] WARNING: Couldn't find a valid map or the file doesn't exist (file "mapcycle.txt")
L 04/07/2020 - 20:44:21: -------- Mapchange to dy_outro --------
L 04/07/2020 - 20:44:22: [nextmap.amxx] WARNING: Couldn't find a valid map or the file doesn't exist (file "mapcycle.txt")
L 04/07/2020 - 20:46:39: -------- Mapchange to dy_outro --------
L 04/07/2020 - 20:46:40: [nextmap.amxx] WARNING: Couldn't find a valid map or the file doesn't exist (file "mapcycle.txt")
L 04/07/2020 - 20:48:58: -------- Mapchange to dy_outro --------
L 04/07/2020 - 20:48:58: [nextmap.amxx] WARNING: Couldn't find a valid map or the file doesn't exist (file "mapcycle.txt")
L 04/07/2020 - 20:51:16: -------- Mapchange to dy_outro --------
L 04/07/2020 - 20:51:17: [nextmap.amxx] WARNING: Couldn't find a valid map or the file doesn't exist (file "mapcycle.txt")
L 04/07/2020 - 20:53:34: -------- Mapchange to dy_outro --------
L 04/07/2020 - 20:53:35: [nextmap.amxx] WARNING: Couldn't find a valid map or the file doesn't exist (file "mapcycle.txt")
L 04/07/2020 - 20:55:53: -------- Mapchange to dy_outro --------
L 04/07/2020 - 20:55:53: [nextmap.amxx] WARNING: Couldn't find a valid map or the file doesn't exist (file "mapcycle.txt")
L 04/07/2020 - 20:58:11: -------- Mapchange to dy_outro --------
L 04/07/2020 - 20:58:12: [nextmap.amxx] WARNING: Couldn't find a valid map or the file doesn't exist (file "mapcycle.txt")
L 04/07/2020 - 21:00:29: -------- Mapchange to dy_outro --------
L 04/07/2020 - 21:00:30: [nextmap.amxx] WARNING: Couldn't find a valid map or the file doesn't exist (file "mapcycle.txt")
L 04/07/2020 - 21:02:48: -------- Mapchange to dy_outro --------
L 04/07/2020 - 21:02:48: [nextmap.amxx] WARNING: Couldn't find a valid map or the file doesn't exist (file "mapcycle.txt")
L 04/07/2020 - 21:05:06: -------- Mapchange to dy_outro --------
L 04/07/2020 - 21:05:07: [nextmap.amxx] WARNING: Couldn't find a valid map or the file doesn't exist (file "mapcycle.txt")
L 04/07/2020 - 21:07:24: -------- Mapchange to dy_outro --------
L 04/07/2020 - 21:07:25: [nextmap.amxx] WARNING: Couldn't find a valid map or the file doesn't exist (file "mapcycle.txt")
L 04/07/2020 - 21:09:43: -------- Mapchange to dy_outro --------
L 04/07/2020 - 21:09:43: [nextmap.amxx] WARNING: Couldn't find a valid map or the file doesn't exist (file "mapcycle.txt")
L 04/07/2020 - 21:12:01: -------- Mapchange to dy_outro --------
L 04/07/2020 - 21:12:02: [nextmap.amxx] WARNING: Couldn't find a valid map or the file doesn't exist (file "mapcycle.txt")
L 04/07/2020 - 21:14:20: -------- Mapchange to dy_outro --------
L 04/07/2020 - 21:14:21: [nextmap.amxx] WARNING: Couldn't find a valid map or the file doesn't exist (file "mapcycle.txt")
L 04/07/2020 - 21:16:38: -------- Mapchange to dy_outro --------
L 04/07/2020 - 21:16:39: [nextmap.amxx] WARNING: Couldn't find a valid map or the file doesn't exist (file "mapcycle.txt")
L 04/07/2020 - 21:18:56: -------- Mapchange to dy_outro --------
L 04/07/2020 - 21:18:57: [nextmap.amxx] WARNING: Couldn't find a valid map or the file doesn't exist (file "mapcycle.txt")
L 04/07/2020 - 21:21:15: -------- Mapchange to dy_outro --------
L 04/07/2020 - 21:21:16: [nextmap.amxx] WARNING: Couldn't find a valid map or the file doesn't exist (file "mapcycle.txt")
L 04/07/2020 - 21:23:33: -------- Mapchange to dy_outro --------
L 04/07/2020 - 21:23:34: [nextmap.amxx] WARNING: Couldn't find a valid map or the file doesn't exist (file "mapcycle.txt")
L 04/07/2020 - 21:25:52: -------- Mapchange to dy_outro --------
L 04/07/2020 - 21:25:52: [nextmap.amxx] WARNING: Couldn't find a valid map or the file doesn't exist (file "mapcycle.txt")
L 04/07/2020 - 21:28:10: -------- Mapchange to dy_outro --------
L 04/07/2020 - 21:28:11: [nextmap.amxx] WARNING: Couldn't find a valid map or the file doesn't exist (file "mapcycle.txt")
L 04/07/2020 - 21:30:28: -------- Mapchange to dy_outro --------
L 04/07/2020 - 21:30:29: [nextmap.amxx] WARNING: Couldn't find a valid map or the file doesn't exist (file "mapcycle.txt")
L 04/07/2020 - 21:32:46: -------- Mapchange to dy_outro --------
L 04/07/2020 - 21:32:47: [nextmap.amxx] WARNING: Couldn't find a valid map or the file doesn't exist (file "mapcycle.txt")
L 04/07/2020 - 21:35:05: -------- Mapchange to dy_outro --------
L 04/07/2020 - 21:35:06: [nextmap.amxx] WARNING: Couldn't find a valid map or the file doesn't exist (file "mapcycle.txt")
L 04/07/2020 - 21:37:23: -------- Mapchange to dy_outro --------
L 04/07/2020 - 21:37:24: [nextmap.amxx] WARNING: Couldn't find a valid map or the file doesn't exist (file "mapcycle.txt")
L 04/07/2020 - 21:39:41: -------- Mapchange to dy_outro --------
L 04/07/2020 - 21:39:42: [nextmap.amxx] WARNING: Couldn't find a valid map or the file doesn't exist (file "mapcycle.txt")
L 04/07/2020 - 21:42:00: -------- Mapchange to dy_outro --------
L 04/07/2020 - 21:42:00: [nextmap.amxx] WARNING: Couldn't find a valid map or the file doesn't exist (file "mapcycle.txt")
L 04/07/2020 - 21:44:18: -------- Mapchange to dy_outro --------
L 04/07/2020 - 21:44:19: [nextmap.amxx] WARNING: Couldn't find a valid map or the file doesn't exist (file "mapcycle.txt")
L 04/07/2020 - 21:46:36: -------- Mapchange to dy_outro --------
L 04/07/2020 - 21:46:37: [nextmap.amxx] WARNING: Couldn't find a valid map or the file doesn't exist (file "mapcycle.txt")
L 04/07/2020 - 21:48:55: -------- Mapchange to dy_outro --------
L 04/07/2020 - 21:48:56: [nextmap.amxx] WARNING: Couldn't find a valid map or the file doesn't exist (file "mapcycle.txt")
L 04/07/2020 - 21:51:13: -------- Mapchange to dy_outro --------
L 04/07/2020 - 21:51:14: [nextmap.amxx] WARNING: Couldn't find a valid map or the file doesn't exist (file "mapcycle.txt")
L 04/07/2020 - 21:53:32: -------- Mapchange to dy_outro --------
L 04/07/2020 - 21:53:32: [nextmap.amxx] WARNING: Couldn't find a valid map or the file doesn't exist (file "mapcycle.txt")
L 04/07/2020 - 21:55:50: -------- Mapchange to dy_outro --------
L 04/07/2020 - 21:55:51: [nextmap.amxx] WARNING: Couldn't find a valid map or the file doesn't exist (file "mapcycle.txt")
L 04/07/2020 - 21:58:08: -------- Mapchange to dy_outro --------
L 04/07/2020 - 21:58:09: [nextmap.amxx] WARNING: Couldn't find a valid map or the file doesn't exist (file "mapcycle.txt")
L 04/07/2020 - 22:00:26: -------- Mapchange to dy_outro --------
L 04/07/2020 - 22:00:27: [nextmap.amxx] WARNING: Couldn't find a valid map or the file doesn't exist (file "mapcycle.txt")
L 04/07/2020 - 22:02:45: -------- Mapchange to dy_outro --------
L 04/07/2020 - 22:02:45: [nextmap.amxx] WARNING: Couldn't find a valid map or the file doesn't exist (file "mapcycle.txt")
L 04/07/2020 - 22:05:03: -------- Mapchange to dy_outro --------
L 04/07/2020 - 22:05:04: [nextmap.amxx] WARNING: Couldn't find a valid map or the file doesn't exist (file "mapcycle.txt")
L 04/07/2020 - 22:07:22: -------- Mapchange to dy_outro --------
L 04/07/2020 - 22:07:22: [nextmap.amxx] WARNING: Couldn't find a valid map or the file doesn't exist (file "mapcycle.txt")
L 04/07/2020 - 22:09:40: -------- Mapchange to dy_outro --------
L 04/07/2020 - 22:09:41: [nextmap.amxx] WARNING: Couldn't find a valid map or the file doesn't exist (file "mapcycle.txt")
L 04/07/2020 - 22:11:58: -------- Mapchange to dy_outro --------
L 04/07/2020 - 22:11:59: [nextmap.amxx] WARNING: Couldn't find a valid map or the file doesn't exist (file "mapcycle.txt")
L 04/07/2020 - 22:14:16: -------- Mapchange to dy_outro --------
L 04/07/2020 - 22:14:17: [nextmap.amxx] WARNING: Couldn't find a valid map or the file doesn't exist (file "mapcycle.txt")
L 04/07/2020 - 22:16:35: -------- Mapchange to dy_outro --------
L 04/07/2020 - 22:16:36: [nextmap.amxx] WARNING: Couldn't find a valid map or the file doesn't exist (file "mapcycle.txt")
L 04/07/2020 - 22:18:53: -------- Mapchange to dy_outro --------
L 04/07/2020 - 22:18:54: [nextmap.amxx] WARNING: Couldn't find a valid map or the file doesn't exist (file "mapcycle.txt")
L 04/07/2020 - 22:21:12: -------- Mapchange to dy_outro --------
L 04/07/2020 - 22:21:12: [nextmap.amxx] WARNING: Couldn't find a valid map or the file doesn't exist (file "mapcycle.txt")
L 04/07/2020 - 22:23:30: -------- Mapchange to dy_outro --------
L 04/07/2020 - 22:23:31: [nextmap.amxx] WARNING: Couldn't find a valid map or the file doesn't exist (file "mapcycle.txt")
L 04/07/2020 - 22:25:48: -------- Mapchange to dy_outro --------
L 04/07/2020 - 22:25:49: [nextmap.amxx] WARNING: Couldn't find a valid map or the file doesn't exist (file "mapcycle.txt")
L 04/07/2020 - 22:28:07: -------- Mapchange to dy_outro --------
L 04/07/2020 - 22:28:08: [nextmap.amxx] WARNING: Couldn't find a valid map or the file doesn't exist (file "mapcycle.txt")
L 04/07/2020 - 22:30:25: -------- Mapchange to dy_outro --------
L 04/07/2020 - 22:30:26: [nextmap.amxx] WARNING: Couldn't find a valid map or the file doesn't exist (file "mapcycle.txt")
L 04/07/2020 - 22:32:43: -------- Mapchange to dy_outro --------
L 04/07/2020 - 22:32:44: [nextmap.amxx] WARNING: Couldn't find a valid map or the file doesn't exist (file "mapcycle.txt")
L 04/07/2020 - 22:35:02: -------- Mapchange to dy_outro --------
L 04/07/2020 - 22:35:03: [nextmap.amxx] WARNING: Couldn't find a valid map or the file doesn't exist (file "mapcycle.txt")
L 04/07/2020 - 22:37:20: -------- Mapchange to dy_outro --------
L 04/07/2020 - 22:37:21: [nextmap.amxx] WARNING: Couldn't find a valid map or the file doesn't exist (file "mapcycle.txt")
L 04/07/2020 - 22:39:39: -------- Mapchange to dy_outro --------
L 04/07/2020 - 22:39:40: [nextmap.amxx] WARNING: Couldn't find a valid map or the file doesn't exist (file "mapcycle.txt")
L 04/07/2020 - 22:41:57: -------- Mapchange to dy_outro --------
L 04/07/2020 - 22:41:58: [nextmap.amxx] WARNING: Couldn't find a valid map or the file doesn't exist (file "mapcycle.txt")
L 04/07/2020 - 22:44:16: -------- Mapchange to dy_outro --------
L 04/07/2020 - 22:44:16: [nextmap.amxx] WARNING: Couldn't find a valid map or the file doesn't exist (file "mapcycle.txt")
L 04/07/2020 - 22:46:34: -------- Mapchange to dy_outro --------
L 04/07/2020 - 22:46:35: [nextmap.amxx] WARNING: Couldn't find a valid map or the file doesn't exist (file "mapcycle.txt")
L 04/07/2020 - 22:48:52: -------- Mapchange to dy_outro --------
L 04/07/2020 - 22:48:53: [nextmap.amxx] WARNING: Couldn't find a valid map or the file doesn't exist (file "mapcycle.txt")
L 04/07/2020 - 22:51:11: -------- Mapchange to dy_outro --------
L 04/07/2020 - 22:51:11: [nextmap.amxx] WARNING: Couldn't find a valid map or the file doesn't exist (file "mapcycle.txt")
L 04/07/2020 - 22:53:29: -------- Mapchange to dy_outro --------
L 04/07/2020 - 22:53:30: [nextmap.amxx] WARNING: Couldn't find a valid map or the file doesn't exist (file "mapcycle.txt")
L 04/07/2020 - 22:55:47: -------- Mapchange to dy_outro --------
L 04/07/2020 - 22:55:48: [nextmap.amxx] WARNING: Couldn't find a valid map or the file doesn't exist (file "mapcycle.txt")
L 04/07/2020 - 22:58:06: -------- Mapchange to dy_outro --------
L 04/07/2020 - 22:58:07: [nextmap.amxx] WARNING: Couldn't find a valid map or the file doesn't exist (file "mapcycle.txt")
L 04/07/2020 - 23:00:24: -------- Mapchange to dy_outro --------
L 04/07/2020 - 23:00:25: [nextmap.amxx] WARNING: Couldn't find a valid map or the file doesn't exist (file "mapcycle.txt")
L 04/07/2020 - 23:02:43: -------- Mapchange to dy_outro --------
L 04/07/2020 - 23:02:43: [nextmap.amxx] WARNING: Couldn't find a valid map or the file doesn't exist (file "mapcycle.txt")
L 04/07/2020 - 23:05:01: -------- Mapchange to dy_outro --------
L 04/07/2020 - 23:05:02: [nextmap.amxx] WARNING: Couldn't find a valid map or the file doesn't exist (file "mapcycle.txt")
L 04/07/2020 - 23:07:20: -------- Mapchange to dy_outro --------
L 04/07/2020 - 23:07:20: [nextmap.amxx] WARNING: Couldn't find a valid map or the file doesn't exist (file "mapcycle.txt")
L 04/07/2020 - 23:09:38: -------- Mapchange to dy_outro --------
L 04/07/2020 - 23:09:39: [nextmap.amxx] WARNING: Couldn't find a valid map or the file doesn't exist (file "mapcycle.txt")
L 04/07/2020 - 23:11:56: -------- Mapchange to dy_outro --------
L 04/07/2020 - 23:11:57: [nextmap.amxx] WARNING: Couldn't find a valid map or the file doesn't exist (file "mapcycle.txt")
L 04/07/2020 - 23:14:15: -------- Mapchange to dy_outro --------
L 04/07/2020 - 23:14:15: [nextmap.amxx] WARNING: Couldn't find a valid map or the file doesn't exist (file "mapcycle.txt")
L 04/07/2020 - 23:16:33: -------- Mapchange to dy_outro --------
L 04/07/2020 - 23:16:34: [nextmap.amxx] WARNING: Couldn't find a valid map or the file doesn't exist (file "mapcycle.txt")
L 04/07/2020 - 23:18:51: -------- Mapchange to dy_outro --------
L 04/07/2020 - 23:18:52: [nextmap.amxx] WARNING: Couldn't find a valid map or the file doesn't exist (file "mapcycle.txt")
L 04/07/2020 - 23:21:10: -------- Mapchange to dy_outro --------
L 04/07/2020 - 23:21:10: [nextmap.amxx] WARNING: Couldn't find a valid map or the file doesn't exist (file "mapcycle.txt")
L 04/07/2020 - 23:23:28: -------- Mapchange to dy_outro --------
L 04/07/2020 - 23:23:29: [nextmap.amxx] WARNING: Couldn't find a valid map or the file doesn't exist (file "mapcycle.txt")
L 04/07/2020 - 23:25:47: -------- Mapchange to dy_outro --------
L 04/07/2020 - 23:25:47: [nextmap.amxx] WARNING: Couldn't find a valid map or the file doesn't exist (file "mapcycle.txt")
L 04/07/2020 - 23:28:05: -------- Mapchange to dy_outro --------
L 04/07/2020 - 23:28:06: [nextmap.amxx] WARNING: Couldn't find a valid map or the file doesn't exist (file "mapcycle.txt")
L 04/07/2020 - 23:30:23: -------- Mapchange to dy_outro --------
L 04/07/2020 - 23:30:24: [nextmap.amxx] WARNING: Couldn't find a valid map or the file doesn't exist (file "mapcycle.txt")
L 04/07/2020 - 23:32:42: -------- Mapchange to dy_outro --------
L 04/07/2020 - 23:32:42: [nextmap.amxx] WARNING: Couldn't find a valid map or the file doesn't exist (file "mapcycle.txt")
L 04/07/2020 - 23:35:00: -------- Mapchange to dy_outro --------
L 04/07/2020 - 23:35:01: [nextmap.amxx] WARNING: Couldn't find a valid map or the file doesn't exist (file "mapcycle.txt")
L 04/07/2020 - 23:37:19: -------- Mapchange to dy_outro --------
L 04/07/2020 - 23:37:19: [nextmap.amxx] WARNING: Couldn't find a valid map or the file doesn't exist (file "mapcycle.txt")
L 04/07/2020 - 23:39:37: -------- Mapchange to dy_outro --------
L 04/07/2020 - 23:39:38: [nextmap.amxx] WARNING: Couldn't find a valid map or the file doesn't exist (file "mapcycle.txt")
L 04/07/2020 - 23:41:55: -------- Mapchange to dy_outro --------
L 04/07/2020 - 23:41:56: [nextmap.amxx] WARNING: Couldn't find a valid map or the file doesn't exist (file "mapcycle.txt")
L 04/07/2020 - 23:44:14: -------- Mapchange to dy_outro --------
L 04/07/2020 - 23:44:15: [nextmap.amxx] WARNING: Couldn't find a valid map or the file doesn't exist (file "mapcycle.txt")
L 04/07/2020 - 23:46:32: -------- Mapchange to dy_outro --------
L 04/07/2020 - 23:46:33: [nextmap.amxx] WARNING: Couldn't find a valid map or the file doesn't exist (file "mapcycle.txt")
L 04/07/2020 - 23:48:51: -------- Mapchange to dy_outro --------
L 04/07/2020 - 23:48:51: [nextmap.amxx] WARNING: Couldn't find a valid map or the file doesn't exist (file "mapcycle.txt")
L 04/07/2020 - 23:51:09: -------- Mapchange to dy_outro --------
L 04/07/2020 - 23:51:10: [nextmap.amxx] WARNING: Couldn't find a valid map or the file doesn't exist (file "mapcycle.txt")
L 04/07/2020 - 23:53:27: -------- Mapchange to dy_outro --------
L 04/07/2020 - 23:53:28: [nextmap.amxx] WARNING: Couldn't find a valid map or the file doesn't exist (file "mapcycle.txt")
L 04/07/2020 - 23:55:45: -------- Mapchange to dy_outro --------
L 04/07/2020 - 23:55:46: [nextmap.amxx] WARNING: Couldn't find a valid map or the file doesn't exist (file "mapcycle.txt")
L 04/07/2020 - 23:58:04: -------- Mapchange to dy_outro --------
L 04/07/2020 - 23:58:05: [nextmap.amxx] WARNING: Couldn't find a valid map or the file doesn't exist (file "mapcycle.txt")
