L 04/04/2020 - 09:54:39: -------- Mapchange to svencoop1 --------
L 04/04/2020 - 09:54:40: [nextmap.amxx] WARNING: Couldn't find a valid map or the file doesn't exist (file "mapcycle.txt")
L 04/04/2020 - 09:57:18: -------- Mapchange to svencoop1 --------
L 04/04/2020 - 09:57:19: [nextmap.amxx] WARNING: Couldn't find a valid map or the file doesn't exist (file "mapcycle.txt")
L 04/04/2020 - 10:06:19: -------- Mapchange to svencoop1 --------
L 04/04/2020 - 10:06:19: [nextmap.amxx] WARNING: Couldn't find a valid map or the file doesn't exist (file "mapcycle.txt")
L 04/04/2020 - 10:06:20: [scxpm_modriot.amxx] [SCXPM SQL] Could not connect to SQL database.
L 04/04/2020 - 10:06:20: [scxpm_modriot.amxx] [SCXPM SQL] Switching to: scxpm_save 0
L 04/04/2020 - 10:06:20: [scxpm_modriot.amxx] [SCXPM SQL] Stats won't be saved
L 04/04/2020 - 10:29:13: -------- Mapchange to svencoop1 --------
L 04/04/2020 - 10:29:14: [nextmap.amxx] WARNING: Couldn't find a valid map or the file doesn't exist (file "mapcycle.txt")
L 04/04/2020 - 10:29:15: [scxpm_modriot.amxx] [SCXPM SQL] Could not find the table: scxpm_stats
L 04/04/2020 - 10:29:15: [scxpm_modriot.amxx] [SCXPM SQL] Switching to: scxpm_save 0
L 04/04/2020 - 10:29:15: [scxpm_modriot.amxx] [SCXPM SQL] Stats won't be saved
L 04/04/2020 - 10:48:24: -------- Mapchange to svencoop1 --------
L 04/04/2020 - 10:48:25: [nextmap.amxx] WARNING: Couldn't find a valid map or the file doesn't exist (file "mapcycle.txt")
L 04/04/2020 - 10:48:26: [scxpm_modriot.amxx] [SCXPM SQL] Could not find the table: scxpm_stats
L 04/04/2020 - 10:48:26: [scxpm_modriot.amxx] [SCXPM SQL] Switching to: scxpm_save 0
L 04/04/2020 - 10:48:26: [scxpm_modriot.amxx] [SCXPM SQL] Stats won't be saved
L 04/04/2020 - 10:50:04: -------- Mapchange to svencoop1 --------
L 04/04/2020 - 10:50:05: [nextmap.amxx] WARNING: Couldn't find a valid map or the file doesn't exist (file "mapcycle.txt")
L 04/04/2020 - 10:55:54: -------- Mapchange to svencoop1 --------
L 04/04/2020 - 10:55:54: [nextmap.amxx] WARNING: Couldn't find a valid map or the file doesn't exist (file "mapcycle.txt")
L 04/04/2020 - 10:59:23: -------- Mapchange to svencoop1 --------
L 04/04/2020 - 10:59:24: [nextmap.amxx] WARNING: Couldn't find a valid map or the file doesn't exist (file "mapcycle.txt")
L 04/04/2020 - 11:08:45: -------- Mapchange to svencoop1 --------
L 04/04/2020 - 11:08:46: [nextmap.amxx] WARNING: Couldn't find a valid map or the file doesn't exist (file "mapcycle.txt")
L 04/04/2020 - 11:09:04: -------- Mapchange to svencoop1 --------
L 04/04/2020 - 11:09:04: [nextmap.amxx] WARNING: Couldn't find a valid map or the file doesn't exist (file "mapcycle.txt")
L 04/04/2020 - 11:09:22: -------- Mapchange to svencoop1 --------
L 04/04/2020 - 11:09:22: [nextmap.amxx] WARNING: Couldn't find a valid map or the file doesn't exist (file "mapcycle.txt")
L 04/04/2020 - 11:09:41: -------- Mapchange to svencoop1 --------
L 04/04/2020 - 11:09:41: [nextmap.amxx] WARNING: Couldn't find a valid map or the file doesn't exist (file "mapcycle.txt")
L 04/04/2020 - 11:09:59: -------- Mapchange to svencoop1 --------
L 04/04/2020 - 11:09:59: [nextmap.amxx] WARNING: Couldn't find a valid map or the file doesn't exist (file "mapcycle.txt")
L 04/04/2020 - 11:10:44: -------- Mapchange to svencoop1 --------
L 04/04/2020 - 11:10:45: [nextmap.amxx] WARNING: Couldn't find a valid map or the file doesn't exist (file "mapcycle.txt")
L 04/04/2020 - 11:11:02: -------- Mapchange to svencoop1 --------
L 04/04/2020 - 11:11:03: [nextmap.amxx] WARNING: Couldn't find a valid map or the file doesn't exist (file "mapcycle.txt")
L 04/04/2020 - 11:12:22: -------- Mapchange to svencoop1 --------
L 04/04/2020 - 11:12:22: [nextmap.amxx] WARNING: Couldn't find a valid map or the file doesn't exist (file "mapcycle.txt")
L 04/04/2020 - 11:12:40: -------- Mapchange to svencoop1 --------
L 04/04/2020 - 11:12:41: [nextmap.amxx] WARNING: Couldn't find a valid map or the file doesn't exist (file "mapcycle.txt")
L 04/04/2020 - 11:13:15: -------- Mapchange to svencoop1 --------
L 04/04/2020 - 11:13:16: [nextmap.amxx] WARNING: Couldn't find a valid map or the file doesn't exist (file "mapcycle.txt")
L 04/04/2020 - 11:14:49: -------- Mapchange to svencoop1 --------
L 04/04/2020 - 11:14:49: [nextmap.amxx] WARNING: Couldn't find a valid map or the file doesn't exist (file "mapcycle.txt")
L 04/04/2020 - 11:17:06: -------- Mapchange to svencoop1 --------
L 04/04/2020 - 11:17:06: [nextmap.amxx] WARNING: Couldn't find a valid map or the file doesn't exist (file "mapcycle.txt")
L 04/04/2020 - 11:18:05: -------- Mapchange to svencoop1 --------
L 04/04/2020 - 11:18:06: [nextmap.amxx] WARNING: Couldn't find a valid map or the file doesn't exist (file "mapcycle.txt")
L 04/04/2020 - 11:19:51: -------- Mapchange to svencoop1 --------
L 04/04/2020 - 11:19:51: [nextmap.amxx] WARNING: Couldn't find a valid map or the file doesn't exist (file "mapcycle.txt")
L 04/04/2020 - 11:20:49: -------- Mapchange to svencoop1 --------
L 04/04/2020 - 11:20:49: [nextmap.amxx] WARNING: Couldn't find a valid map or the file doesn't exist (file "mapcycle.txt")
L 04/04/2020 - 11:30:21: -------- Mapchange to svencoop1 --------
L 04/04/2020 - 11:30:22: [nextmap.amxx] WARNING: Couldn't find a valid map or the file doesn't exist (file "mapcycle.txt")
L 04/04/2020 - 11:33:53: -------- Mapchange to svencoop1 --------
L 04/04/2020 - 11:33:54: [nextmap.amxx] WARNING: Couldn't find a valid map or the file doesn't exist (file "mapcycle.txt")
L 04/04/2020 - 11:35:58: -------- Mapchange to svencoop1 --------
L 04/04/2020 - 11:35:59: [nextmap.amxx] WARNING: Couldn't find a valid map or the file doesn't exist (file "mapcycle.txt")
L 04/04/2020 - 11:47:49: -------- Mapchange to svencoop1 --------
L 04/04/2020 - 11:47:50: [nextmap.amxx] WARNING: Couldn't find a valid map or the file doesn't exist (file "mapcycle.txt")
L 04/04/2020 - 11:50:29: -------- Mapchange to svencoop1 --------
L 04/04/2020 - 11:50:30: [nextmap.amxx] WARNING: Couldn't find a valid map or the file doesn't exist (file "mapcycle.txt")
L 04/04/2020 - 11:54:52: -------- Mapchange to sc_toysoldiers --------
L 04/04/2020 - 11:54:53: [nextmap.amxx] WARNING: Couldn't find a valid map or the file doesn't exist (file "mapcycle.txt")
L 04/04/2020 - 12:06:24: -------- Mapchange to svencoop1 --------
L 04/04/2020 - 12:06:25: [nextmap.amxx] WARNING: Couldn't find a valid map or the file doesn't exist (file "mapcycle.txt")
L 04/04/2020 - 12:07:03: -------- Mapchange to sc_toysoldiers --------
L 04/04/2020 - 12:07:04: [nextmap.amxx] WARNING: Couldn't find a valid map or the file doesn't exist (file "mapcycle.txt")
L 04/04/2020 - 12:18:18: -------- Mapchange to svencoop1 --------
L 04/04/2020 - 12:18:19: [nextmap.amxx] WARNING: Couldn't find a valid map or the file doesn't exist (file "mapcycle.txt")
L 04/04/2020 - 12:19:07: -------- Mapchange to sc_toysoldiers --------
L 04/04/2020 - 12:19:08: [nextmap.amxx] WARNING: Couldn't find a valid map or the file doesn't exist (file "mapcycle.txt")
L 04/04/2020 - 12:24:19: -------- Mapchange to svencoop1 --------
L 04/04/2020 - 12:24:20: [nextmap.amxx] WARNING: Couldn't find a valid map or the file doesn't exist (file "mapcycle.txt")
L 04/04/2020 - 12:25:21: -------- Mapchange to sc_toysoldiers --------
L 04/04/2020 - 12:25:22: [nextmap.amxx] WARNING: Couldn't find a valid map or the file doesn't exist (file "mapcycle.txt")
L 04/04/2020 - 12:28:23: -------- Mapchange to quad_f --------
L 04/04/2020 - 12:28:23: [nextmap.amxx] WARNING: Couldn't find a valid map or the file doesn't exist (file "mapcycle.txt")
L 04/04/2020 - 12:43:27: -------- Mapchange to svencoop1 --------
L 04/04/2020 - 12:43:28: [nextmap.amxx] WARNING: Couldn't find a valid map or the file doesn't exist (file "mapcycle.txt")
L 04/04/2020 - 12:44:17: -------- Mapchange to quad_f --------
L 04/04/2020 - 12:44:17: [nextmap.amxx] WARNING: Couldn't find a valid map or the file doesn't exist (file "mapcycle.txt")
L 04/04/2020 - 12:45:15: -------- Mapchange to svencoop1 --------
L 04/04/2020 - 12:45:16: [nextmap.amxx] WARNING: Couldn't find a valid map or the file doesn't exist (file "mapcycle.txt")
L 04/04/2020 - 12:45:29: -------- Mapchange to quad_f --------
L 04/04/2020 - 12:45:30: [nextmap.amxx] WARNING: Couldn't find a valid map or the file doesn't exist (file "mapcycle.txt")
L 04/04/2020 - 12:47:37: -------- Mapchange to svencoop1 --------
L 04/04/2020 - 12:47:38: [nextmap.amxx] WARNING: Couldn't find a valid map or the file doesn't exist (file "mapcycle.txt")
L 04/04/2020 - 12:47:55: -------- Mapchange to quad_f --------
L 04/04/2020 - 12:47:56: [nextmap.amxx] WARNING: Couldn't find a valid map or the file doesn't exist (file "mapcycle.txt")
L 04/04/2020 - 12:52:01: -------- Mapchange to svencoop1 --------
L 04/04/2020 - 12:52:02: [nextmap.amxx] WARNING: Couldn't find a valid map or the file doesn't exist (file "mapcycle.txt")
L 04/04/2020 - 12:54:08: -------- Mapchange to svencoop1 --------
L 04/04/2020 - 12:54:09: [nextmap.amxx] WARNING: Couldn't find a valid map or the file doesn't exist (file "mapcycle.txt")
L 04/04/2020 - 12:54:38: -------- Mapchange to quad_f --------
L 04/04/2020 - 12:54:38: [nextmap.amxx] WARNING: Couldn't find a valid map or the file doesn't exist (file "mapcycle.txt")
L 04/04/2020 - 12:56:11: -------- Mapchange to svencoop1 --------
L 04/04/2020 - 12:56:12: [nextmap.amxx] WARNING: Couldn't find a valid map or the file doesn't exist (file "mapcycle.txt")
L 04/04/2020 - 12:56:29: -------- Mapchange to quad_f --------
L 04/04/2020 - 12:56:29: [nextmap.amxx] WARNING: Couldn't find a valid map or the file doesn't exist (file "mapcycle.txt")
L 04/04/2020 - 14:02:21: -------- Mapchange to quad_f --------
L 04/04/2020 - 14:02:22: [nextmap.amxx] WARNING: Couldn't find a valid map or the file doesn't exist (file "mapcycle.txt")
L 04/04/2020 - 14:03:40: -------- Mapchange to sc_toysoldiers --------
L 04/04/2020 - 14:03:41: [nextmap.amxx] WARNING: Couldn't find a valid map or the file doesn't exist (file "mapcycle.txt")
L 04/04/2020 - 14:40:10: -------- Mapchange to sc_toysoldiers --------
L 04/04/2020 - 14:40:11: [nextmap.amxx] WARNING: Couldn't find a valid map or the file doesn't exist (file "mapcycle.txt")
L 04/04/2020 - 16:19:18: -------- Mapchange to sc_toysoldiers --------
L 04/04/2020 - 16:19:19: [nextmap.amxx] WARNING: Couldn't find a valid map or the file doesn't exist (file "mapcycle.txt")
L 04/04/2020 - 16:32:20: -------- Mapchange to sc_toysoldiers --------
L 04/04/2020 - 16:32:21: [nextmap.amxx] WARNING: Couldn't find a valid map or the file doesn't exist (file "mapcycle.txt")
L 04/04/2020 - 16:42:27: -------- Mapchange to sc_toysoldiers --------
L 04/04/2020 - 16:42:28: [nextmap.amxx] WARNING: Couldn't find a valid map or the file doesn't exist (file "mapcycle.txt")
L 04/04/2020 - 16:52:33: -------- Mapchange to sc_toysoldiers --------
L 04/04/2020 - 16:52:34: [nextmap.amxx] WARNING: Couldn't find a valid map or the file doesn't exist (file "mapcycle.txt")
L 04/04/2020 - 16:55:59: -------- Mapchange to svencoop1 --------
L 04/04/2020 - 16:56:00: [nextmap.amxx] WARNING: Couldn't find a valid map or the file doesn't exist (file "mapcycle.txt")
L 04/04/2020 - 17:00:48: -------- Mapchange to svencoop1 --------
L 04/04/2020 - 17:00:49: [nextmap.amxx] WARNING: Couldn't find a valid map or the file doesn't exist (file "mapcycle.txt")
L 04/04/2020 - 17:06:57: -------- Mapchange to svencoop1 --------
L 04/04/2020 - 17:06:58: [nextmap.amxx] WARNING: Couldn't find a valid map or the file doesn't exist (file "mapcycle.txt")
L 04/04/2020 - 17:07:32: [admin.amxx] Login: "HALOO<1><STEAM_0:0:75069719><>" became an admin (account "STEAM_0:0:75069719") (access "abcdefghijklmnopqrstu") (address "176.217.84.235")
L 04/04/2020 - 17:08:19: [admincmd.amxx] Kick: "HALOO<1><STEAM_0:0:75069719><>" kick "HALOO<1><STEAM_0:0:75069719><>" (reason "")
L 04/04/2020 - 17:08:22: [admin.amxx] Login: "HALOO<2><STEAM_0:0:75069719><>" became an admin (account "STEAM_0:0:75069719") (access "abcdefghijklmnopqrstu") (address "176.217.84.235")
L 04/04/2020 - 17:08:59: [admincmd.amxx] Cmd: "HALOO<2><STEAM_0:0:75069719><>" changelevel "sc_toysoldiers"
L 04/04/2020 - 17:09:01: -------- Mapchange to sc_toysoldiers --------
L 04/04/2020 - 17:09:02: [nextmap.amxx] WARNING: Couldn't find a valid map or the file doesn't exist (file "mapcycle.txt")
L 04/04/2020 - 17:09:03: [admin.amxx] Login: "HALOO<2><STEAM_0:0:75069719><>" became an admin (account "STEAM_0:0:75069719") (access "abcdefghijklmnopqrstu") (address "176.217.84.235")
L 04/04/2020 - 17:10:18: -------- Mapchange to svencoop1 --------
L 04/04/2020 - 17:10:19: [nextmap.amxx] WARNING: Couldn't find a valid map or the file doesn't exist (file "mapcycle.txt")
L 04/04/2020 - 17:11:46: [admin.amxx] Login: "HALOO<1><STEAM_0:0:75069719><>" became an admin (account "STEAM_0:0:75069719") (access "abcdefghijklmnopqrstu") (address "176.217.84.235")
L 04/04/2020 - 17:12:03: [admincmd.amxx] Cmd: "HALOO<1><STEAM_0:0:75069719><>" changelevel "adams_puzzles_beta2"
L 04/04/2020 - 17:12:05: -------- Mapchange to adams_puzzles_beta2 --------
L 04/04/2020 - 17:12:05: [nextmap.amxx] WARNING: Couldn't find a valid map or the file doesn't exist (file "mapcycle.txt")
L 04/04/2020 - 17:12:06: [admin.amxx] Login: "HALOO<1><STEAM_0:0:75069719><>" became an admin (account "STEAM_0:0:75069719") (access "abcdefghijklmnopqrstu") (address "176.217.84.235")
L 04/04/2020 - 17:12:07: [admin.amxx] Login: "HALOO<2><STEAM_0:0:75069719><>" became an admin (account "STEAM_0:0:75069719") (access "abcdefghijklmnopqrstu") (address "176.217.84.235")
L 04/04/2020 - 17:15:46: -------- Mapchange to svencoop1 --------
L 04/04/2020 - 17:15:47: [nextmap.amxx] WARNING: Couldn't find a valid map or the file doesn't exist (file "mapcycle.txt")
L 04/04/2020 - 17:17:05: -------- Mapchange to svencoop1 --------
L 04/04/2020 - 17:17:06: [nextmap.amxx] WARNING: Couldn't find a valid map or the file doesn't exist (file "mapcycle.txt")
L 04/04/2020 - 17:17:39: [admin.amxx] Login: "HALOO<1><STEAM_0:0:75069719><>" became an admin (account "STEAM_0:0:75069719") (access "abcdefghijklmnopqrstu") (address "176.217.84.235")
L 04/04/2020 - 17:17:45: [admincmd.amxx] Cmd: "HALOO<1><STEAM_0:0:75069719><>" changelevel "adams_puzzles_beta2"
L 04/04/2020 - 17:17:47: -------- Mapchange to adams_puzzles_beta2 --------
L 04/04/2020 - 17:17:48: [nextmap.amxx] WARNING: Couldn't find a valid map or the file doesn't exist (file "mapcycle.txt")
L 04/04/2020 - 17:17:48: [admin.amxx] Login: "HALOO<1><STEAM_0:0:75069719><>" became an admin (account "STEAM_0:0:75069719") (access "abcdefghijklmnopqrstu") (address "176.217.84.235")
L 04/04/2020 - 17:19:13: -------- Mapchange to svencoop1 --------
L 04/04/2020 - 17:19:13: [nextmap.amxx] WARNING: Couldn't find a valid map or the file doesn't exist (file "mapcycle.txt")
L 04/04/2020 - 17:19:23: [admin.amxx] Login: "HALOO<1><STEAM_0:0:75069719><>" became an admin (account "STEAM_0:0:75069719") (access "abcdefghijklmnopqrstu") (address "176.217.84.235")
L 04/04/2020 - 17:19:29: [admincmd.amxx] Cmd: "HALOO<1><STEAM_0:0:75069719><>" changelevel "adams_puzzles_beta2"
L 04/04/2020 - 17:19:31: -------- Mapchange to adams_puzzles_beta2 --------
L 04/04/2020 - 17:19:32: [nextmap.amxx] WARNING: Couldn't find a valid map or the file doesn't exist (file "mapcycle.txt")
L 04/04/2020 - 17:19:32: [admin.amxx] Login: "HALOO<1><STEAM_0:0:75069719><>" became an admin (account "STEAM_0:0:75069719") (access "abcdefghijklmnopqrstu") (address "176.217.84.235")
L 04/04/2020 - 17:19:50: [admin.amxx] Login: "HALOO<2><STEAM_0:0:75069719><>" became an admin (account "STEAM_0:0:75069719") (access "abcdefghijklmnopqrstu") (address "176.217.84.235")
L 04/04/2020 - 17:21:23: -------- Mapchange to svencoop1 --------
L 04/04/2020 - 17:21:24: [nextmap.amxx] WARNING: Couldn't find a valid map or the file doesn't exist (file "mapcycle.txt")
L 04/04/2020 - 17:21:34: [admin.amxx] Login: "HALOO<1><STEAM_0:0:75069719><>" became an admin (account "STEAM_0:0:75069719") (access "abcdefghijklmnopqrstu") (address "176.217.84.235")
L 04/04/2020 - 17:21:40: [admincmd.amxx] Cmd: "HALOO<1><STEAM_0:0:75069719><>" changelevel "adams_puzzles_beta2"
L 04/04/2020 - 17:21:42: -------- Mapchange to adams_puzzles_beta2 --------
L 04/04/2020 - 17:21:43: [nextmap.amxx] WARNING: Couldn't find a valid map or the file doesn't exist (file "mapcycle.txt")
L 04/04/2020 - 17:21:43: [admin.amxx] Login: "HALOO<1><STEAM_0:0:75069719><>" became an admin (account "STEAM_0:0:75069719") (access "abcdefghijklmnopqrstu") (address "176.217.84.235")
L 04/04/2020 - 17:23:31: -------- Mapchange to svencoop1 --------
L 04/04/2020 - 17:23:32: [nextmap.amxx] WARNING: Couldn't find a valid map or the file doesn't exist (file "mapcycle.txt")
L 04/04/2020 - 17:24:16: -------- Mapchange to svencoop1 --------
L 04/04/2020 - 17:24:17: [nextmap.amxx] WARNING: Couldn't find a valid map or the file doesn't exist (file "mapcycle.txt")
L 04/04/2020 - 17:24:26: [admin.amxx] Login: "HALOO<1><STEAM_0:0:75069719><>" became an admin (account "STEAM_0:0:75069719") (access "abcdefghijklmnopqrstu") (address "176.217.84.235")
L 04/04/2020 - 17:24:31: [admincmd.amxx] Cmd: "HALOO<1><STEAM_0:0:75069719><>" changelevel "adams_puzzles_beta2"
L 04/04/2020 - 17:24:33: -------- Mapchange to adams_puzzles_beta2 --------
L 04/04/2020 - 17:24:33: [nextmap.amxx] WARNING: Couldn't find a valid map or the file doesn't exist (file "mapcycle.txt")
L 04/04/2020 - 17:24:34: [admin.amxx] Login: "HALOO<1><STEAM_0:0:75069719><>" became an admin (account "STEAM_0:0:75069719") (access "abcdefghijklmnopqrstu") (address "176.217.84.235")
L 04/04/2020 - 17:26:49: -------- Mapchange to svencoop1 --------
L 04/04/2020 - 17:26:50: [nextmap.amxx] WARNING: Couldn't find a valid map or the file doesn't exist (file "mapcycle.txt")
L 04/04/2020 - 17:27:04: [admin.amxx] Login: "HALOO<1><STEAM_0:0:75069719><>" became an admin (account "STEAM_0:0:75069719") (access "abcdefghijklmnopqrstu") (address "176.217.84.235")
L 04/04/2020 - 17:27:09: [admincmd.amxx] Cmd: "HALOO<1><STEAM_0:0:75069719><>" changelevel "adams_puzzles_beta2"
L 04/04/2020 - 17:27:11: -------- Mapchange to adams_puzzles_beta2 --------
L 04/04/2020 - 17:27:12: [nextmap.amxx] WARNING: Couldn't find a valid map or the file doesn't exist (file "mapcycle.txt")
L 04/04/2020 - 17:27:12: [admin.amxx] Login: "HALOO<1><STEAM_0:0:75069719><>" became an admin (account "STEAM_0:0:75069719") (access "abcdefghijklmnopqrstu") (address "176.217.84.235")
L 04/04/2020 - 17:30:28: -------- Mapchange to svencoop1 --------
L 04/04/2020 - 17:30:28: [nextmap.amxx] WARNING: Couldn't find a valid map or the file doesn't exist (file "mapcycle.txt")
L 04/04/2020 - 17:30:41: [admin.amxx] Login: "HALOO<1><STEAM_0:0:75069719><>" became an admin (account "STEAM_0:0:75069719") (access "abcdefghijklmnopqrstu") (address "176.217.84.235")
L 04/04/2020 - 17:30:45: [admincmd.amxx] Cmd: "HALOO<1><STEAM_0:0:75069719><>" changelevel "adams_puzzles_beta2"
L 04/04/2020 - 17:30:48: -------- Mapchange to adams_puzzles_beta2 --------
L 04/04/2020 - 17:30:48: [nextmap.amxx] WARNING: Couldn't find a valid map or the file doesn't exist (file "mapcycle.txt")
L 04/04/2020 - 17:30:48: [admin.amxx] Login: "HALOO<1><STEAM_0:0:75069719><>" became an admin (account "STEAM_0:0:75069719") (access "abcdefghijklmnopqrstu") (address "176.217.84.235")
L 04/04/2020 - 17:33:45: -------- Mapchange to svencoop1 --------
L 04/04/2020 - 17:33:46: [nextmap.amxx] WARNING: Couldn't find a valid map or the file doesn't exist (file "mapcycle.txt")
L 04/04/2020 - 17:34:00: [admin.amxx] Login: "HALOO<1><STEAM_0:0:75069719><>" became an admin (account "STEAM_0:0:75069719") (access "abcdefghijklmnopqrstu") (address "176.217.84.235")
L 04/04/2020 - 17:34:05: [admincmd.amxx] Cmd: "HALOO<1><STEAM_0:0:75069719><>" changelevel "adams_puzzles_beta2"
L 04/04/2020 - 17:34:07: -------- Mapchange to adams_puzzles_beta2 --------
L 04/04/2020 - 17:34:08: [nextmap.amxx] WARNING: Couldn't find a valid map or the file doesn't exist (file "mapcycle.txt")
L 04/04/2020 - 17:34:08: [admin.amxx] Login: "HALOO<1><STEAM_0:0:75069719><>" became an admin (account "STEAM_0:0:75069719") (access "abcdefghijklmnopqrstu") (address "176.217.84.235")
L 04/04/2020 - 17:35:28: -------- Mapchange to svencoop1 --------
L 04/04/2020 - 17:35:29: [nextmap.amxx] WARNING: Couldn't find a valid map or the file doesn't exist (file "mapcycle.txt")
L 04/04/2020 - 17:35:39: [admin.amxx] Login: "HALOO<1><STEAM_0:0:75069719><>" became an admin (account "STEAM_0:0:75069719") (access "abcdefghijklmnopqrstu") (address "176.217.84.235")
L 04/04/2020 - 17:35:43: [admincmd.amxx] Cmd: "HALOO<1><STEAM_0:0:75069719><>" changelevel "adams_puzzles_beta2"
L 04/04/2020 - 17:35:45: -------- Mapchange to adams_puzzles_beta2 --------
L 04/04/2020 - 17:35:46: [nextmap.amxx] WARNING: Couldn't find a valid map or the file doesn't exist (file "mapcycle.txt")
L 04/04/2020 - 17:35:46: [admin.amxx] Login: "HALOO<1><STEAM_0:0:75069719><>" became an admin (account "STEAM_0:0:75069719") (access "abcdefghijklmnopqrstu") (address "176.217.84.235")
L 04/04/2020 - 17:37:33: -------- Mapchange to svencoop1 --------
L 04/04/2020 - 17:37:34: [nextmap.amxx] WARNING: Couldn't find a valid map or the file doesn't exist (file "mapcycle.txt")
L 04/04/2020 - 17:37:42: [admin.amxx] Login: "HALOO<1><STEAM_0:0:75069719><>" became an admin (account "STEAM_0:0:75069719") (access "abcdefghijklmnopqrstu") (address "176.217.84.235")
L 04/04/2020 - 17:37:48: [admincmd.amxx] Cmd: "HALOO<1><STEAM_0:0:75069719><>" changelevel "adams_puzzles_beta2"
L 04/04/2020 - 17:37:50: -------- Mapchange to adams_puzzles_beta2 --------
L 04/04/2020 - 17:37:50: [nextmap.amxx] WARNING: Couldn't find a valid map or the file doesn't exist (file "mapcycle.txt")
L 04/04/2020 - 17:37:51: [admin.amxx] Login: "HALOO<1><STEAM_0:0:75069719><>" became an admin (account "STEAM_0:0:75069719") (access "abcdefghijklmnopqrstu") (address "176.217.84.235")
L 04/04/2020 - 17:41:28: -------- Mapchange to svencoop1 --------
L 04/04/2020 - 17:41:28: [nextmap.amxx] WARNING: Couldn't find a valid map or the file doesn't exist (file "mapcycle.txt")
L 04/04/2020 - 17:42:30: [admin.amxx] Login: "HALOO<1><STEAM_0:0:75069719><>" became an admin (account "STEAM_0:0:75069719") (access "abcdefghijklmnopqrstu") (address "176.217.84.235")
L 04/04/2020 - 17:42:35: [admincmd.amxx] Cmd: "HALOO<1><STEAM_0:0:75069719><>" changelevel "adams_puzzles_beta2"
L 04/04/2020 - 17:42:37: -------- Mapchange to adams_puzzles_beta2 --------
L 04/04/2020 - 17:42:38: [nextmap.amxx] WARNING: Couldn't find a valid map or the file doesn't exist (file "mapcycle.txt")
L 04/04/2020 - 17:42:38: [admin.amxx] Login: "HALOO<1><STEAM_0:0:75069719><>" became an admin (account "STEAM_0:0:75069719") (access "abcdefghijklmnopqrstu") (address "176.217.84.235")
L 04/04/2020 - 17:42:38: [admin.amxx] Login: "HALOO<1><STEAM_0:0:75069719><>" became an admin (account "STEAM_0:0:75069719") (access "abcdefghijklmnopqrstu") (address "176.217.84.235")
L 04/04/2020 - 17:46:35: -------- Mapchange to svencoop1 --------
L 04/04/2020 - 17:46:35: [nextmap.amxx] WARNING: Couldn't find a valid map or the file doesn't exist (file "mapcycle.txt")
L 04/04/2020 - 17:46:42: [admin.amxx] Login: "HALOO<1><STEAM_0:0:75069719><>" became an admin (account "STEAM_0:0:75069719") (access "abcdefghijklmnopqrstu") (address "176.217.84.235")
L 04/04/2020 - 17:46:48: [admincmd.amxx] Cmd: "HALOO<1><STEAM_0:0:75069719><>" changelevel "adams_puzzles_beta2"
L 04/04/2020 - 17:46:50: -------- Mapchange to adams_puzzles_beta2 --------
L 04/04/2020 - 17:46:51: [nextmap.amxx] WARNING: Couldn't find a valid map or the file doesn't exist (file "mapcycle.txt")
L 04/04/2020 - 17:46:51: [admin.amxx] Login: "HALOO<1><STEAM_0:0:75069719><>" became an admin (account "STEAM_0:0:75069719") (access "abcdefghijklmnopqrstu") (address "176.217.84.235")
L 04/04/2020 - 17:49:10: [admin.amxx] Login: "HALOO<2><STEAM_0:0:75069719><>" became an admin (account "STEAM_0:0:75069719") (access "abcdefghijklmnopqrstu") (address "176.217.84.235")
L 04/04/2020 - 17:50:34: -------- Mapchange to svencoop1 --------
L 04/04/2020 - 17:50:35: [nextmap.amxx] WARNING: Couldn't find a valid map or the file doesn't exist (file "mapcycle.txt")
L 04/04/2020 - 17:53:11: [admin.amxx] Login: "HALOO<1><STEAM_0:0:75069719><>" became an admin (account "STEAM_0:0:75069719") (access "abcdefghijklmnopqrstu") (address "176.217.84.235")
L 04/04/2020 - 17:53:31: [admincmd.amxx] Cmd: "HALOO<1><STEAM_0:0:75069719><>" changelevel "adams_puzzles_beta2"
L 04/04/2020 - 17:53:33: -------- Mapchange to adams_puzzles_beta2 --------
L 04/04/2020 - 17:53:34: [nextmap.amxx] WARNING: Couldn't find a valid map or the file doesn't exist (file "mapcycle.txt")
L 04/04/2020 - 17:53:34: [admin.amxx] Login: "HALOO<1><STEAM_0:0:75069719><>" became an admin (account "STEAM_0:0:75069719") (access "abcdefghijklmnopqrstu") (address "176.217.84.235")
L 04/04/2020 - 18:01:41: [adminchat.amxx] Chat: "HALOO<1><STEAM_0:0:75069719><>" tsay "sa"
L 04/04/2020 - 18:15:33: [admincmd.amxx] Cmd: "HALOO<1><STEAM_0:0:75069719><>" changelevel "IceStormX"
L 04/04/2020 - 18:15:36: -------- Mapchange to IceStormX --------
L 04/04/2020 - 18:15:37: [nextmap.amxx] WARNING: Couldn't find a valid map or the file doesn't exist (file "mapcycle.txt")
L 04/04/2020 - 18:15:37: [admin.amxx] Login: "HALOO<1><STEAM_0:0:75069719><>" became an admin (account "STEAM_0:0:75069719") (access "abcdefghijklmnopqrstu") (address "176.217.84.235")
L 04/04/2020 - 18:15:43: [admin.amxx] Login: "HALOO<13><STEAM_0:0:75069719><>" became an admin (account "STEAM_0:0:75069719") (access "abcdefghijklmnopqrstu") (address "176.217.84.235")
L 04/04/2020 - 18:27:44: -------- Mapchange to IceStormX --------
L 04/04/2020 - 18:27:45: [nextmap.amxx] WARNING: Couldn't find a valid map or the file doesn't exist (file "mapcycle.txt")
L 04/04/2020 - 18:27:45: [admin.amxx] Login: "HALOO<13><STEAM_0:0:75069719><>" became an admin (account "STEAM_0:0:75069719") (access "abcdefghijklmnopqrstu") (address "176.217.84.235")
L 04/04/2020 - 18:33:50: [admincmd.amxx] Cmd: "HALOO<13><STEAM_0:0:75069719><>" changelevel "gf_landworld"
L 04/04/2020 - 18:33:53: -------- Mapchange to gf_landworld --------
L 04/04/2020 - 18:33:53: [nextmap.amxx] WARNING: Couldn't find a valid map or the file doesn't exist (file "mapcycle.txt")
L 04/04/2020 - 18:33:53: [admin.amxx] Login: "HALOO<13><STEAM_0:0:75069719><>" became an admin (account "STEAM_0:0:75069719") (access "abcdefghijklmnopqrstu") (address "176.217.84.235")
L 04/04/2020 - 18:33:58: [admin.amxx] Login: "HALOO<21><STEAM_0:0:75069719><>" became an admin (account "STEAM_0:0:75069719") (access "abcdefghijklmnopqrstu") (address "176.217.84.235")
L 04/04/2020 - 18:46:16: [admincmd.amxx] Cmd: "HALOO<21><STEAM_0:0:75069719><>" changelevel "mogul"
L 04/04/2020 - 18:46:19: -------- Mapchange to mogul --------
L 04/04/2020 - 18:46:19: [nextmap.amxx] WARNING: Couldn't find a valid map or the file doesn't exist (file "mapcycle.txt")
L 04/04/2020 - 18:46:19: [admin.amxx] Login: "HALOO<21><STEAM_0:0:75069719><>" became an admin (account "STEAM_0:0:75069719") (access "abcdefghijklmnopqrstu") (address "176.217.84.235")
L 04/04/2020 - 18:46:23: [admin.amxx] Login: "HALOO<32><STEAM_0:0:75069719><>" became an admin (account "STEAM_0:0:75069719") (access "abcdefghijklmnopqrstu") (address "176.217.84.235")
L 04/04/2020 - 19:19:12: -------- Mapchange to mogul --------
L 04/04/2020 - 19:19:13: [nextmap.amxx] WARNING: Couldn't find a valid map or the file doesn't exist (file "mapcycle.txt")
L 04/04/2020 - 19:42:18: -------- Mapchange to mogul --------
L 04/04/2020 - 19:42:19: [nextmap.amxx] WARNING: Couldn't find a valid map or the file doesn't exist (file "mapcycle.txt")
L 04/04/2020 - 19:52:24: -------- Mapchange to mogul --------
L 04/04/2020 - 19:52:25: [nextmap.amxx] WARNING: Couldn't find a valid map or the file doesn't exist (file "mapcycle.txt")
L 04/04/2020 - 20:02:30: -------- Mapchange to mogul --------
L 04/04/2020 - 20:02:31: [nextmap.amxx] WARNING: Couldn't find a valid map or the file doesn't exist (file "mapcycle.txt")
L 04/04/2020 - 20:19:14: -------- Mapchange to mogul --------
L 04/04/2020 - 20:19:14: [nextmap.amxx] WARNING: Couldn't find a valid map or the file doesn't exist (file "mapcycle.txt")
L 04/04/2020 - 20:29:20: -------- Mapchange to mogul --------
L 04/04/2020 - 20:29:20: [nextmap.amxx] WARNING: Couldn't find a valid map or the file doesn't exist (file "mapcycle.txt")
L 04/04/2020 - 20:39:25: -------- Mapchange to mogul --------
L 04/04/2020 - 20:39:26: [nextmap.amxx] WARNING: Couldn't find a valid map or the file doesn't exist (file "mapcycle.txt")
L 04/04/2020 - 21:20:52: -------- Mapchange to mogul --------
L 04/04/2020 - 21:20:53: [nextmap.amxx] WARNING: Couldn't find a valid map or the file doesn't exist (file "mapcycle.txt")
L 04/04/2020 - 22:16:38: -------- Mapchange to mogul --------
L 04/04/2020 - 22:16:39: [nextmap.amxx] WARNING: Couldn't find a valid map or the file doesn't exist (file "mapcycle.txt")
L 04/04/2020 - 23:34:07: -------- Mapchange to mogul --------
L 04/04/2020 - 23:34:07: [nextmap.amxx] WARNING: Couldn't find a valid map or the file doesn't exist (file "mapcycle.txt")
L 04/04/2020 - 23:44:12: -------- Mapchange to mogul --------
L 04/04/2020 - 23:44:13: [nextmap.amxx] WARNING: Couldn't find a valid map or the file doesn't exist (file "mapcycle.txt")
L 04/04/2020 - 23:56:52: -------- Mapchange to mogul --------
L 04/04/2020 - 23:56:53: [nextmap.amxx] WARNING: Couldn't find a valid map or the file doesn't exist (file "mapcycle.txt")
