L 04/05/2020 - 00:08:39: -------- Mapchange to mogul --------
L 04/05/2020 - 00:08:40: [nextmap.amxx] WARNING: Couldn't find a valid map or the file doesn't exist (file "mapcycle.txt")
L 04/05/2020 - 00:27:33: -------- Mapchange to mogul --------
L 04/05/2020 - 00:27:34: [nextmap.amxx] WARNING: Couldn't find a valid map or the file doesn't exist (file "mapcycle.txt")
L 04/05/2020 - 00:37:39: -------- Mapchange to mogul --------
L 04/05/2020 - 00:37:40: [nextmap.amxx] WARNING: Couldn't find a valid map or the file doesn't exist (file "mapcycle.txt")
L 04/05/2020 - 00:47:45: -------- Mapchange to mogul --------
L 04/05/2020 - 00:47:45: [nextmap.amxx] WARNING: Couldn't find a valid map or the file doesn't exist (file "mapcycle.txt")
L 04/05/2020 - 00:57:51: -------- Mapchange to mogul --------
L 04/05/2020 - 00:57:51: [nextmap.amxx] WARNING: Couldn't find a valid map or the file doesn't exist (file "mapcycle.txt")
L 04/05/2020 - 01:07:57: -------- Mapchange to mogul --------
L 04/05/2020 - 01:07:57: [nextmap.amxx] WARNING: Couldn't find a valid map or the file doesn't exist (file "mapcycle.txt")
L 04/05/2020 - 01:18:02: -------- Mapchange to mogul --------
L 04/05/2020 - 01:18:03: [nextmap.amxx] WARNING: Couldn't find a valid map or the file doesn't exist (file "mapcycle.txt")
L 04/05/2020 - 01:28:08: -------- Mapchange to mogul --------
L 04/05/2020 - 01:28:09: [nextmap.amxx] WARNING: Couldn't find a valid map or the file doesn't exist (file "mapcycle.txt")
L 04/05/2020 - 01:38:14: -------- Mapchange to mogul --------
L 04/05/2020 - 01:38:15: [nextmap.amxx] WARNING: Couldn't find a valid map or the file doesn't exist (file "mapcycle.txt")
L 04/05/2020 - 01:48:20: -------- Mapchange to mogul --------
L 04/05/2020 - 01:48:21: [nextmap.amxx] WARNING: Couldn't find a valid map or the file doesn't exist (file "mapcycle.txt")
L 04/05/2020 - 01:58:26: -------- Mapchange to mogul --------
L 04/05/2020 - 01:58:27: [nextmap.amxx] WARNING: Couldn't find a valid map or the file doesn't exist (file "mapcycle.txt")
L 04/05/2020 - 02:08:32: -------- Mapchange to mogul --------
L 04/05/2020 - 02:08:33: [nextmap.amxx] WARNING: Couldn't find a valid map or the file doesn't exist (file "mapcycle.txt")
L 04/05/2020 - 02:18:38: -------- Mapchange to mogul --------
L 04/05/2020 - 02:18:38: [nextmap.amxx] WARNING: Couldn't find a valid map or the file doesn't exist (file "mapcycle.txt")
L 04/05/2020 - 02:41:38: -------- Mapchange to mogul --------
L 04/05/2020 - 02:41:38: [nextmap.amxx] WARNING: Couldn't find a valid map or the file doesn't exist (file "mapcycle.txt")
L 04/05/2020 - 02:51:44: -------- Mapchange to mogul --------
L 04/05/2020 - 02:51:44: [nextmap.amxx] WARNING: Couldn't find a valid map or the file doesn't exist (file "mapcycle.txt")
L 04/05/2020 - 03:01:50: -------- Mapchange to mogul --------
L 04/05/2020 - 03:01:50: [nextmap.amxx] WARNING: Couldn't find a valid map or the file doesn't exist (file "mapcycle.txt")
L 04/05/2020 - 03:11:55: -------- Mapchange to mogul --------
L 04/05/2020 - 03:11:56: [nextmap.amxx] WARNING: Couldn't find a valid map or the file doesn't exist (file "mapcycle.txt")
L 04/05/2020 - 03:22:01: -------- Mapchange to mogul --------
L 04/05/2020 - 03:22:02: [nextmap.amxx] WARNING: Couldn't find a valid map or the file doesn't exist (file "mapcycle.txt")
L 04/05/2020 - 03:32:07: -------- Mapchange to mogul --------
L 04/05/2020 - 03:32:08: [nextmap.amxx] WARNING: Couldn't find a valid map or the file doesn't exist (file "mapcycle.txt")
L 04/05/2020 - 03:42:13: -------- Mapchange to mogul --------
L 04/05/2020 - 03:42:14: [nextmap.amxx] WARNING: Couldn't find a valid map or the file doesn't exist (file "mapcycle.txt")
L 04/05/2020 - 03:52:19: -------- Mapchange to mogul --------
L 04/05/2020 - 03:52:20: [nextmap.amxx] WARNING: Couldn't find a valid map or the file doesn't exist (file "mapcycle.txt")
L 04/05/2020 - 04:15:22: -------- Mapchange to mogul --------
L 04/05/2020 - 04:15:23: [nextmap.amxx] WARNING: Couldn't find a valid map or the file doesn't exist (file "mapcycle.txt")
L 04/05/2020 - 04:25:28: -------- Mapchange to mogul --------
L 04/05/2020 - 04:25:29: [nextmap.amxx] WARNING: Couldn't find a valid map or the file doesn't exist (file "mapcycle.txt")
L 04/05/2020 - 04:35:34: -------- Mapchange to mogul --------
L 04/05/2020 - 04:35:35: [nextmap.amxx] WARNING: Couldn't find a valid map or the file doesn't exist (file "mapcycle.txt")
L 04/05/2020 - 04:45:40: -------- Mapchange to mogul --------
L 04/05/2020 - 04:45:41: [nextmap.amxx] WARNING: Couldn't find a valid map or the file doesn't exist (file "mapcycle.txt")
L 04/05/2020 - 04:55:46: -------- Mapchange to mogul --------
L 04/05/2020 - 04:55:46: [nextmap.amxx] WARNING: Couldn't find a valid map or the file doesn't exist (file "mapcycle.txt")
L 04/05/2020 - 05:05:52: -------- Mapchange to mogul --------
L 04/05/2020 - 05:05:52: [nextmap.amxx] WARNING: Couldn't find a valid map or the file doesn't exist (file "mapcycle.txt")
L 04/05/2020 - 05:42:11: -------- Mapchange to mogul --------
L 04/05/2020 - 05:42:12: [nextmap.amxx] WARNING: Couldn't find a valid map or the file doesn't exist (file "mapcycle.txt")
L 04/05/2020 - 05:52:17: -------- Mapchange to mogul --------
L 04/05/2020 - 05:52:18: [nextmap.amxx] WARNING: Couldn't find a valid map or the file doesn't exist (file "mapcycle.txt")
L 04/05/2020 - 06:02:23: -------- Mapchange to mogul --------
L 04/05/2020 - 06:02:24: [nextmap.amxx] WARNING: Couldn't find a valid map or the file doesn't exist (file "mapcycle.txt")
L 04/05/2020 - 06:12:29: -------- Mapchange to mogul --------
L 04/05/2020 - 06:12:29: [nextmap.amxx] WARNING: Couldn't find a valid map or the file doesn't exist (file "mapcycle.txt")
L 04/05/2020 - 06:22:35: -------- Mapchange to mogul --------
L 04/05/2020 - 06:22:35: [nextmap.amxx] WARNING: Couldn't find a valid map or the file doesn't exist (file "mapcycle.txt")
L 04/05/2020 - 06:32:41: -------- Mapchange to mogul --------
L 04/05/2020 - 06:32:41: [nextmap.amxx] WARNING: Couldn't find a valid map or the file doesn't exist (file "mapcycle.txt")
L 04/05/2020 - 06:42:46: -------- Mapchange to mogul --------
L 04/05/2020 - 06:42:47: [nextmap.amxx] WARNING: Couldn't find a valid map or the file doesn't exist (file "mapcycle.txt")
L 04/05/2020 - 06:52:52: -------- Mapchange to mogul --------
L 04/05/2020 - 06:52:53: [nextmap.amxx] WARNING: Couldn't find a valid map or the file doesn't exist (file "mapcycle.txt")
L 04/05/2020 - 07:02:58: -------- Mapchange to mogul --------
L 04/05/2020 - 07:02:59: [nextmap.amxx] WARNING: Couldn't find a valid map or the file doesn't exist (file "mapcycle.txt")
L 04/05/2020 - 07:13:04: -------- Mapchange to mogul --------
L 04/05/2020 - 07:13:04: [nextmap.amxx] WARNING: Couldn't find a valid map or the file doesn't exist (file "mapcycle.txt")
L 04/05/2020 - 07:23:10: -------- Mapchange to mogul --------
L 04/05/2020 - 07:23:10: [nextmap.amxx] WARNING: Couldn't find a valid map or the file doesn't exist (file "mapcycle.txt")
L 04/05/2020 - 07:33:16: -------- Mapchange to mogul --------
L 04/05/2020 - 07:33:16: [nextmap.amxx] WARNING: Couldn't find a valid map or the file doesn't exist (file "mapcycle.txt")
L 04/05/2020 - 07:43:22: -------- Mapchange to mogul --------
L 04/05/2020 - 07:43:22: [nextmap.amxx] WARNING: Couldn't find a valid map or the file doesn't exist (file "mapcycle.txt")
L 04/05/2020 - 07:53:27: -------- Mapchange to mogul --------
L 04/05/2020 - 07:53:28: [nextmap.amxx] WARNING: Couldn't find a valid map or the file doesn't exist (file "mapcycle.txt")
L 04/05/2020 - 08:03:33: -------- Mapchange to mogul --------
L 04/05/2020 - 08:03:34: [nextmap.amxx] WARNING: Couldn't find a valid map or the file doesn't exist (file "mapcycle.txt")
L 04/05/2020 - 08:13:39: -------- Mapchange to mogul --------
L 04/05/2020 - 08:13:40: [nextmap.amxx] WARNING: Couldn't find a valid map or the file doesn't exist (file "mapcycle.txt")
L 04/05/2020 - 08:23:45: -------- Mapchange to mogul --------
L 04/05/2020 - 08:23:46: [nextmap.amxx] WARNING: Couldn't find a valid map or the file doesn't exist (file "mapcycle.txt")
L 04/05/2020 - 08:33:51: -------- Mapchange to mogul --------
L 04/05/2020 - 08:33:51: [nextmap.amxx] WARNING: Couldn't find a valid map or the file doesn't exist (file "mapcycle.txt")
L 04/05/2020 - 08:43:57: -------- Mapchange to mogul --------
L 04/05/2020 - 08:43:57: [nextmap.amxx] WARNING: Couldn't find a valid map or the file doesn't exist (file "mapcycle.txt")
L 04/05/2020 - 08:54:03: -------- Mapchange to mogul --------
L 04/05/2020 - 08:54:03: [nextmap.amxx] WARNING: Couldn't find a valid map or the file doesn't exist (file "mapcycle.txt")
L 04/05/2020 - 09:04:08: -------- Mapchange to mogul --------
L 04/05/2020 - 09:04:09: [nextmap.amxx] WARNING: Couldn't find a valid map or the file doesn't exist (file "mapcycle.txt")
L 04/05/2020 - 09:14:14: -------- Mapchange to mogul --------
L 04/05/2020 - 09:14:15: [nextmap.amxx] WARNING: Couldn't find a valid map or the file doesn't exist (file "mapcycle.txt")
L 04/05/2020 - 09:24:20: -------- Mapchange to mogul --------
L 04/05/2020 - 09:24:21: [nextmap.amxx] WARNING: Couldn't find a valid map or the file doesn't exist (file "mapcycle.txt")
L 04/05/2020 - 09:42:51: -------- Mapchange to mogul --------
L 04/05/2020 - 09:42:52: [nextmap.amxx] WARNING: Couldn't find a valid map or the file doesn't exist (file "mapcycle.txt")
L 04/05/2020 - 09:52:57: -------- Mapchange to mogul --------
L 04/05/2020 - 09:52:58: [nextmap.amxx] WARNING: Couldn't find a valid map or the file doesn't exist (file "mapcycle.txt")
L 04/05/2020 - 10:03:03: -------- Mapchange to mogul --------
L 04/05/2020 - 10:03:03: [nextmap.amxx] WARNING: Couldn't find a valid map or the file doesn't exist (file "mapcycle.txt")
L 04/05/2020 - 10:13:09: -------- Mapchange to mogul --------
L 04/05/2020 - 10:13:09: [nextmap.amxx] WARNING: Couldn't find a valid map or the file doesn't exist (file "mapcycle.txt")
L 04/05/2020 - 10:23:15: -------- Mapchange to mogul --------
L 04/05/2020 - 10:23:15: [nextmap.amxx] WARNING: Couldn't find a valid map or the file doesn't exist (file "mapcycle.txt")
L 04/05/2020 - 10:33:20: -------- Mapchange to mogul --------
L 04/05/2020 - 10:33:21: [nextmap.amxx] WARNING: Couldn't find a valid map or the file doesn't exist (file "mapcycle.txt")
L 04/05/2020 - 10:43:26: -------- Mapchange to mogul --------
L 04/05/2020 - 10:43:27: [nextmap.amxx] WARNING: Couldn't find a valid map or the file doesn't exist (file "mapcycle.txt")
L 04/05/2020 - 10:53:32: -------- Mapchange to mogul --------
L 04/05/2020 - 10:53:33: [nextmap.amxx] WARNING: Couldn't find a valid map or the file doesn't exist (file "mapcycle.txt")
L 04/05/2020 - 11:11:41: -------- Mapchange to mogul --------
L 04/05/2020 - 11:11:41: [nextmap.amxx] WARNING: Couldn't find a valid map or the file doesn't exist (file "mapcycle.txt")
L 04/05/2020 - 11:21:47: -------- Mapchange to mogul --------
L 04/05/2020 - 11:21:47: [nextmap.amxx] WARNING: Couldn't find a valid map or the file doesn't exist (file "mapcycle.txt")
L 04/05/2020 - 11:42:03: -------- Mapchange to mogul --------
L 04/05/2020 - 11:42:04: [nextmap.amxx] WARNING: Couldn't find a valid map or the file doesn't exist (file "mapcycle.txt")
L 04/05/2020 - 11:52:09: -------- Mapchange to mogul --------
L 04/05/2020 - 11:52:10: [nextmap.amxx] WARNING: Couldn't find a valid map or the file doesn't exist (file "mapcycle.txt")
L 04/05/2020 - 12:08:02: [admin.amxx] Login: "HALOO<122><STEAM_0:0:75069719><>" became an admin (account "STEAM_0:0:75069719") (access "abcdefghijklmnopqrstu") (address "149.0.156.138")
L 04/05/2020 - 12:08:05: [admin.amxx] Login: "HALOO<123><STEAM_0:0:75069719><>" became an admin (account "STEAM_0:0:75069719") (access "abcdefghijklmnopqrstu") (address "149.0.156.138")
L 04/05/2020 - 12:09:18: [admin.amxx] Login: "HALOO<128><STEAM_0:0:75069719><>" became an admin (account "STEAM_0:0:75069719") (access "abcdefghijklmnopqrstu") (address "149.0.156.138")
L 04/05/2020 - 12:10:28: [admincmd.amxx] Ban: "Kurum Server [SCXPM][TR]<0><><>" ban and kick "zahitG<121><STEAM_0:1:81386033><>" (minutes "9999999") (reason "")
L 04/05/2020 - 12:12:35: [admincmd.amxx] Cmd: "Kurum Server [SCXPM][TR]<0><><>" unban "STEAM_0"
L 04/05/2020 - 12:12:43: [admincmd.amxx] Cmd: "Kurum Server [SCXPM][TR]<0><><>" unban "STEAM_0:0:75069719"
L 04/05/2020 - 12:12:50: [admin.amxx] Login: "HALOO<131><STEAM_0:0:75069719><>" became an admin (account "STEAM_0:0:75069719") (access "abcdefghijklmnopqrstu") (address "149.0.156.138")
L 04/05/2020 - 12:14:04: -------- Mapchange to svencoop1 --------
L 04/05/2020 - 12:14:05: [nextmap.amxx] WARNING: Couldn't find a valid map or the file doesn't exist (file "mapcycle.txt")
L 04/05/2020 - 12:18:38: -------- Mapchange to svencoop1 --------
L 04/05/2020 - 12:18:39: [nextmap.amxx] WARNING: Couldn't find a valid map or the file doesn't exist (file "mapcycle.txt")
L 04/05/2020 - 12:21:48: -------- Mapchange to svencoop1 --------
L 04/05/2020 - 12:21:49: [nextmap.amxx] WARNING: Couldn't find a valid map or the file doesn't exist (file "mapcycle.txt")
L 04/05/2020 - 12:31:55: -------- Mapchange to svencoop1 --------
L 04/05/2020 - 12:31:55: [nextmap.amxx] WARNING: Couldn't find a valid map or the file doesn't exist (file "mapcycle.txt")
L 04/05/2020 - 12:42:01: -------- Mapchange to svencoop1 --------
L 04/05/2020 - 12:42:01: [nextmap.amxx] WARNING: Couldn't find a valid map or the file doesn't exist (file "mapcycle.txt")
L 04/05/2020 - 12:52:07: -------- Mapchange to svencoop1 --------
L 04/05/2020 - 12:52:07: [nextmap.amxx] WARNING: Couldn't find a valid map or the file doesn't exist (file "mapcycle.txt")
L 04/05/2020 - 12:55:45: [admin.amxx] Login: "HALOO<1><STEAM_0:0:75069719><>" became an admin (account "STEAM_0:0:75069719") (access "abcdefghijklmnopqrstu") (address "31.155.196.52")
L 04/05/2020 - 12:55:46: [admin.amxx] Login: "HALOO<2><STEAM_0:0:75069719><>" became an admin (account "STEAM_0:0:75069719") (access "abcdefghijklmnopqrstu") (address "31.155.196.52")
L 04/05/2020 - 12:58:26: -------- Mapchange to svencoop1 --------
L 04/05/2020 - 12:58:26: [nextmap.amxx] WARNING: Couldn't find a valid map or the file doesn't exist (file "mapcycle.txt")
L 04/05/2020 - 12:58:30: [admin.amxx] Login: "HALOO<1><STEAM_0:0:75069719><>" became an admin (account "STEAM_0:0:75069719") (access "abcdefghijklmnopqrstu") (address "31.155.196.52")
L 04/05/2020 - 12:59:35: -------- Mapchange to svencoop1 --------
L 04/05/2020 - 12:59:35: [nextmap.amxx] WARNING: Couldn't find a valid map or the file doesn't exist (file "mapcycle.txt")
L 04/05/2020 - 13:00:49: -------- Mapchange to svencoop1 --------
L 04/05/2020 - 13:00:50: [nextmap.amxx] WARNING: Couldn't find a valid map or the file doesn't exist (file "mapcycle.txt")
L 04/05/2020 - 13:00:53: [admin.amxx] Login: "HALOO<1><STEAM_0:0:75069719><>" became an admin (account "STEAM_0:0:75069719") (access "abcdefghijklmnopqrstu") (address "31.155.196.52")
L 04/05/2020 - 13:01:20: [admin.amxx] Login: "HALOO<2><STEAM_0:0:75069719><>" became an admin (account "STEAM_0:0:75069719") (access "abcdefghijklmnopqrstu") (address "31.155.196.52")
L 04/05/2020 - 13:02:49: -------- Mapchange to svencoop1 --------
L 04/05/2020 - 13:02:50: [nextmap.amxx] WARNING: Couldn't find a valid map or the file doesn't exist (file "mapcycle.txt")
L 04/05/2020 - 13:02:57: [admin.amxx] Login: "HALOO<1><STEAM_0:0:75069719><>" became an admin (account "STEAM_0:0:75069719") (access "abcdefghijklmnopqrstu") (address "31.155.196.52")
L 04/05/2020 - 13:04:25: -------- Mapchange to svencoop1 --------
L 04/05/2020 - 13:04:25: [nextmap.amxx] WARNING: Couldn't find a valid map or the file doesn't exist (file "mapcycle.txt")
L 04/05/2020 - 13:04:33: [admin.amxx] Login: "HALOO<2><STEAM_0:0:75069719><>" became an admin (account "STEAM_0:0:75069719") (access "abcdefghijklmnopqrstu") (address "31.155.196.52")
L 04/05/2020 - 13:06:10: -------- Mapchange to svencoop1 --------
L 04/05/2020 - 13:06:11: [nextmap.amxx] WARNING: Couldn't find a valid map or the file doesn't exist (file "mapcycle.txt")
L 04/05/2020 - 13:06:11: [admin.amxx] Login: "HALOO<2><STEAM_0:0:75069719><>" became an admin (account "STEAM_0:0:75069719") (access "abcdefghijklmnopqrstu") (address "31.155.196.52")
L 04/05/2020 - 13:07:58: -------- Mapchange to svencoop1 --------
L 04/05/2020 - 13:07:59: [nextmap.amxx] WARNING: Couldn't find a valid map or the file doesn't exist (file "mapcycle.txt")
L 04/05/2020 - 13:08:32: [admin.amxx] Login: "HALOO<1><STEAM_0:0:75069719><>" became an admin (account "STEAM_0:0:75069719") (access "abcdefghijklmnopqrstu") (address "31.155.196.52")
L 04/05/2020 - 13:11:27: -------- Mapchange to svencoop1 --------
L 04/05/2020 - 13:11:27: [nextmap.amxx] WARNING: Couldn't find a valid map or the file doesn't exist (file "mapcycle.txt")
L 04/05/2020 - 13:11:37: [admin.amxx] Login: "HALOO<1><STEAM_0:0:75069719><>" became an admin (account "STEAM_0:0:75069719") (access "abcdefghijklmnopqrstu") (address "31.155.196.52")
L 04/05/2020 - 13:15:20: -------- Mapchange to svencoop1 --------
L 04/05/2020 - 13:15:21: [nextmap.amxx] WARNING: Couldn't find a valid map or the file doesn't exist (file "mapcycle.txt")
L 04/05/2020 - 13:15:36: [admin.amxx] Login: "HALOO<2><STEAM_0:0:75069719><>" became an admin (account "STEAM_0:0:75069719") (access "abcdefghijklmnopqrstu") (address "31.155.196.52")
L 04/05/2020 - 13:22:42: [admincmd.amxx] Cmd: "HALOO<2><STEAM_0:0:75069719><>" changelevel "secretelemental1"
L 04/05/2020 - 13:22:44: -------- Mapchange to secretelemental1 --------
L 04/05/2020 - 13:22:44: [nextmap.amxx] WARNING: Couldn't find a valid map or the file doesn't exist (file "mapcycle.txt")
L 04/05/2020 - 13:22:45: [admin.amxx] Login: "HALOO<2><STEAM_0:0:75069719><>" became an admin (account "STEAM_0:0:75069719") (access "abcdefghijklmnopqrstu") (address "31.155.196.52")
L 04/05/2020 - 13:22:46: [admin.amxx] Login: "HALOO<3><STEAM_0:0:75069719><>" became an admin (account "STEAM_0:0:75069719") (access "abcdefghijklmnopqrstu") (address "31.155.196.52")
L 04/05/2020 - 13:39:03: [admincmd.amxx] Cmd: "HALOO<3><STEAM_0:0:75069719><>" changelevel "secretcitykeen_beta"
L 04/05/2020 - 13:39:05: -------- Mapchange to secretcitykeen_beta --------
L 04/05/2020 - 13:39:06: [nextmap.amxx] WARNING: Couldn't find a valid map or the file doesn't exist (file "mapcycle.txt")
L 04/05/2020 - 13:39:06: [admin.amxx] Login: "HALOO<3><STEAM_0:0:75069719><>" became an admin (account "STEAM_0:0:75069719") (access "abcdefghijklmnopqrstu") (address "31.155.196.52")
L 04/05/2020 - 13:39:09: [admin.amxx] Login: "HALOO<9><STEAM_0:0:75069719><>" became an admin (account "STEAM_0:0:75069719") (access "abcdefghijklmnopqrstu") (address "31.155.196.52")
L 04/05/2020 - 13:48:12: [admincmd.amxx] Cmd: "HALOO<9><STEAM_0:0:75069719><>" changelevel "aemos"
L 04/05/2020 - 13:48:15: -------- Mapchange to aemos --------
L 04/05/2020 - 13:48:15: [nextmap.amxx] WARNING: Couldn't find a valid map or the file doesn't exist (file "mapcycle.txt")
L 04/05/2020 - 13:48:16: [admin.amxx] Login: "HALOO<9><STEAM_0:0:75069719><>" became an admin (account "STEAM_0:0:75069719") (access "abcdefghijklmnopqrstu") (address "31.155.196.52")
L 04/05/2020 - 13:48:22: [admin.amxx] Login: "HALOO<17><STEAM_0:0:75069719><>" became an admin (account "STEAM_0:0:75069719") (access "abcdefghijklmnopqrstu") (address "31.155.196.52")
L 04/05/2020 - 13:58:40: [plmenu.amxx] Cmd: "HALOO<17><STEAM_0:0:75069719><>" slay "HALOO<17><STEAM_0:0:75069719><>"
L 04/05/2020 - 13:58:53: [plmenu.amxx] Cmd: "HALOO<17><STEAM_0:0:75069719><>" slap with 0 damage "EKO<19><STEAM_0:1:42918900><>"
L 04/05/2020 - 13:58:54: [plmenu.amxx] Cmd: "HALOO<17><STEAM_0:0:75069719><>" slap with 0 damage "EKO<19><STEAM_0:1:42918900><>"
L 04/05/2020 - 13:58:54: [plmenu.amxx] Cmd: "HALOO<17><STEAM_0:0:75069719><>" slap with 0 damage "EKO<19><STEAM_0:1:42918900><>"
L 04/05/2020 - 13:58:54: [plmenu.amxx] Cmd: "HALOO<17><STEAM_0:0:75069719><>" slap with 0 damage "EKO<19><STEAM_0:1:42918900><>"
L 04/05/2020 - 13:58:55: [plmenu.amxx] Cmd: "HALOO<17><STEAM_0:0:75069719><>" slap with 0 damage "EKO<19><STEAM_0:1:42918900><>"
L 04/05/2020 - 13:58:55: [plmenu.amxx] Cmd: "HALOO<17><STEAM_0:0:75069719><>" slap with 0 damage "EKO<19><STEAM_0:1:42918900><>"
L 04/05/2020 - 13:58:55: [plmenu.amxx] Cmd: "HALOO<17><STEAM_0:0:75069719><>" slap with 0 damage "EKO<19><STEAM_0:1:42918900><>"
L 04/05/2020 - 13:58:55: [plmenu.amxx] Cmd: "HALOO<17><STEAM_0:0:75069719><>" slap with 0 damage "EKO<19><STEAM_0:1:42918900><>"
L 04/05/2020 - 13:58:58: [plmenu.amxx] Cmd: "HALOO<17><STEAM_0:0:75069719><>" slap with 0 damage "HALOO<17><STEAM_0:0:75069719><>"
L 04/05/2020 - 13:58:58: [plmenu.amxx] Cmd: "HALOO<17><STEAM_0:0:75069719><>" slap with 0 damage "HALOO<17><STEAM_0:0:75069719><>"
L 04/05/2020 - 13:58:58: [plmenu.amxx] Cmd: "HALOO<17><STEAM_0:0:75069719><>" slap with 0 damage "HALOO<17><STEAM_0:0:75069719><>"
L 04/05/2020 - 13:58:59: [plmenu.amxx] Cmd: "HALOO<17><STEAM_0:0:75069719><>" slap with 0 damage "HALOO<17><STEAM_0:0:75069719><>"
L 04/05/2020 - 13:58:59: [plmenu.amxx] Cmd: "HALOO<17><STEAM_0:0:75069719><>" slap with 0 damage "HALOO<17><STEAM_0:0:75069719><>"
L 04/05/2020 - 13:58:59: [plmenu.amxx] Cmd: "HALOO<17><STEAM_0:0:75069719><>" slap with 0 damage "HALOO<17><STEAM_0:0:75069719><>"
L 04/05/2020 - 13:58:59: [plmenu.amxx] Cmd: "HALOO<17><STEAM_0:0:75069719><>" slap with 0 damage "HALOO<17><STEAM_0:0:75069719><>"
L 04/05/2020 - 13:58:59: [plmenu.amxx] Cmd: "HALOO<17><STEAM_0:0:75069719><>" slap with 0 damage "HALOO<17><STEAM_0:0:75069719><>"
L 04/05/2020 - 13:59:00: [plmenu.amxx] Cmd: "HALOO<17><STEAM_0:0:75069719><>" slap with 0 damage "HALOO<17><STEAM_0:0:75069719><>"
L 04/05/2020 - 13:59:00: [plmenu.amxx] Cmd: "HALOO<17><STEAM_0:0:75069719><>" slap with 0 damage "HALOO<17><STEAM_0:0:75069719><>"
L 04/05/2020 - 13:59:00: [plmenu.amxx] Cmd: "HALOO<17><STEAM_0:0:75069719><>" slap with 0 damage "HALOO<17><STEAM_0:0:75069719><>"
L 04/05/2020 - 13:59:00: [plmenu.amxx] Cmd: "HALOO<17><STEAM_0:0:75069719><>" slap with 0 damage "HALOO<17><STEAM_0:0:75069719><>"
L 04/05/2020 - 13:59:01: [plmenu.amxx] Cmd: "HALOO<17><STEAM_0:0:75069719><>" slap with 0 damage "HALOO<17><STEAM_0:0:75069719><>"
L 04/05/2020 - 13:59:01: [plmenu.amxx] Cmd: "HALOO<17><STEAM_0:0:75069719><>" slap with 0 damage "HALOO<17><STEAM_0:0:75069719><>"
L 04/05/2020 - 13:59:01: [plmenu.amxx] Cmd: "HALOO<17><STEAM_0:0:75069719><>" slap with 0 damage "HALOO<17><STEAM_0:0:75069719><>"
L 04/05/2020 - 13:59:02: [plmenu.amxx] Cmd: "HALOO<17><STEAM_0:0:75069719><>" slap with 0 damage "HALOO<17><STEAM_0:0:75069719><>"
L 04/05/2020 - 13:59:02: [plmenu.amxx] Cmd: "HALOO<17><STEAM_0:0:75069719><>" slap with 0 damage "HALOO<17><STEAM_0:0:75069719><>"
L 04/05/2020 - 13:59:02: [plmenu.amxx] Cmd: "HALOO<17><STEAM_0:0:75069719><>" slap with 0 damage "HALOO<17><STEAM_0:0:75069719><>"
L 04/05/2020 - 13:59:02: [plmenu.amxx] Cmd: "HALOO<17><STEAM_0:0:75069719><>" slap with 0 damage "HALOO<17><STEAM_0:0:75069719><>"
L 04/05/2020 - 13:59:02: [plmenu.amxx] Cmd: "HALOO<17><STEAM_0:0:75069719><>" slap with 0 damage "HALOO<17><STEAM_0:0:75069719><>"
L 04/05/2020 - 13:59:03: [plmenu.amxx] Cmd: "HALOO<17><STEAM_0:0:75069719><>" slap with 0 damage "HALOO<17><STEAM_0:0:75069719><>"
L 04/05/2020 - 13:59:03: [plmenu.amxx] Cmd: "HALOO<17><STEAM_0:0:75069719><>" slap with 0 damage "HALOO<17><STEAM_0:0:75069719><>"
L 04/05/2020 - 13:59:03: [plmenu.amxx] Cmd: "HALOO<17><STEAM_0:0:75069719><>" slap with 0 damage "HALOO<17><STEAM_0:0:75069719><>"
L 04/05/2020 - 13:59:04: [plmenu.amxx] Cmd: "HALOO<17><STEAM_0:0:75069719><>" slap with 0 damage "HALOO<17><STEAM_0:0:75069719><>"
L 04/05/2020 - 13:59:05: [plmenu.amxx] Cmd: "HALOO<17><STEAM_0:0:75069719><>" slap with 0 damage "HALOO<17><STEAM_0:0:75069719><>"
L 04/05/2020 - 13:59:05: [plmenu.amxx] Cmd: "HALOO<17><STEAM_0:0:75069719><>" slap with 0 damage "HALOO<17><STEAM_0:0:75069719><>"
L 04/05/2020 - 13:59:06: [plmenu.amxx] Cmd: "HALOO<17><STEAM_0:0:75069719><>" slap with 0 damage "HALOO<17><STEAM_0:0:75069719><>"
L 04/05/2020 - 13:59:07: [plmenu.amxx] Cmd: "HALOO<17><STEAM_0:0:75069719><>" slap with 0 damage "HALOO<17><STEAM_0:0:75069719><>"
L 04/05/2020 - 13:59:08: [plmenu.amxx] Cmd: "HALOO<17><STEAM_0:0:75069719><>" slap with 0 damage "HALOO<17><STEAM_0:0:75069719><>"
L 04/05/2020 - 14:09:24: -------- Mapchange to aemos --------
L 04/05/2020 - 14:09:25: [nextmap.amxx] WARNING: Couldn't find a valid map or the file doesn't exist (file "mapcycle.txt")
L 04/05/2020 - 14:22:43: -------- Mapchange to aemos --------
L 04/05/2020 - 14:22:44: [nextmap.amxx] WARNING: Couldn't find a valid map or the file doesn't exist (file "mapcycle.txt")
L 04/05/2020 - 14:32:49: -------- Mapchange to aemos --------
L 04/05/2020 - 14:32:50: [nextmap.amxx] WARNING: Couldn't find a valid map or the file doesn't exist (file "mapcycle.txt")
L 04/05/2020 - 14:42:55: -------- Mapchange to aemos --------
L 04/05/2020 - 14:42:56: [nextmap.amxx] WARNING: Couldn't find a valid map or the file doesn't exist (file "mapcycle.txt")
L 04/05/2020 - 14:53:02: -------- Mapchange to aemos --------
L 04/05/2020 - 14:53:02: [nextmap.amxx] WARNING: Couldn't find a valid map or the file doesn't exist (file "mapcycle.txt")
L 04/05/2020 - 15:09:42: -------- Mapchange to aemos --------
L 04/05/2020 - 15:09:43: [nextmap.amxx] WARNING: Couldn't find a valid map or the file doesn't exist (file "mapcycle.txt")
L 04/05/2020 - 15:46:28: -------- Mapchange to aemos --------
L 04/05/2020 - 15:46:28: [nextmap.amxx] WARNING: Couldn't find a valid map or the file doesn't exist (file "mapcycle.txt")
L 04/05/2020 - 16:35:53: -------- Mapchange to aemos --------
L 04/05/2020 - 16:35:53: [nextmap.amxx] WARNING: Couldn't find a valid map or the file doesn't exist (file "mapcycle.txt")
L 04/05/2020 - 16:45:59: -------- Mapchange to aemos --------
L 04/05/2020 - 16:46:00: [nextmap.amxx] WARNING: Couldn't find a valid map or the file doesn't exist (file "mapcycle.txt")
L 04/05/2020 - 16:56:05: -------- Mapchange to aemos --------
L 04/05/2020 - 16:56:06: [nextmap.amxx] WARNING: Couldn't find a valid map or the file doesn't exist (file "mapcycle.txt")
L 04/05/2020 - 17:40:40: -------- Mapchange to aemos --------
L 04/05/2020 - 17:40:41: [nextmap.amxx] WARNING: Couldn't find a valid map or the file doesn't exist (file "mapcycle.txt")
L 04/05/2020 - 18:07:45: -------- Mapchange to aemos --------
L 04/05/2020 - 18:07:45: [nextmap.amxx] WARNING: Couldn't find a valid map or the file doesn't exist (file "mapcycle.txt")
L 04/05/2020 - 18:19:38: -------- Mapchange to aemos --------
L 04/05/2020 - 18:19:39: [nextmap.amxx] WARNING: Couldn't find a valid map or the file doesn't exist (file "mapcycle.txt")
L 04/05/2020 - 18:29:44: -------- Mapchange to aemos --------
L 04/05/2020 - 18:29:45: [nextmap.amxx] WARNING: Couldn't find a valid map or the file doesn't exist (file "mapcycle.txt")
L 04/05/2020 - 18:39:51: -------- Mapchange to aemos --------
L 04/05/2020 - 18:39:51: [nextmap.amxx] WARNING: Couldn't find a valid map or the file doesn't exist (file "mapcycle.txt")
L 04/05/2020 - 18:49:57: -------- Mapchange to aemos --------
L 04/05/2020 - 18:49:57: [nextmap.amxx] WARNING: Couldn't find a valid map or the file doesn't exist (file "mapcycle.txt")
L 04/05/2020 - 18:59:12: [admin.amxx] Login: "HALOO<71><STEAM_0:0:75069719><>" became an admin (account "STEAM_0:0:75069719") (access "abcdefghijklmnopqrstu") (address "31.155.196.52")
L 04/05/2020 - 18:59:14: [admin.amxx] Login: "HALOO<72><STEAM_0:0:75069719><>" became an admin (account "STEAM_0:0:75069719") (access "abcdefghijklmnopqrstu") (address "31.155.196.52")
L 04/05/2020 - 18:59:51: [admincmd.amxx] Cmd: "HALOO<72><STEAM_0:0:75069719><>" changelevel "aircontact"
L 04/05/2020 - 18:59:53: -------- Mapchange to aircontact --------
L 04/05/2020 - 18:59:54: [nextmap.amxx] WARNING: Couldn't find a valid map or the file doesn't exist (file "mapcycle.txt")
L 04/05/2020 - 18:59:54: [admin.amxx] Login: "HALOO<72><STEAM_0:0:75069719><>" became an admin (account "STEAM_0:0:75069719") (access "abcdefghijklmnopqrstu") (address "31.155.196.52")
L 04/05/2020 - 18:59:55: [admin.amxx] Login: "HALOO<74><STEAM_0:0:75069719><>" became an admin (account "STEAM_0:0:75069719") (access "abcdefghijklmnopqrstu") (address "31.155.196.52")
L 04/05/2020 - 19:08:15: [admincmd.amxx] Cmd: "HALOO<74><STEAM_0:0:75069719><>" changelevel "wrongworld"
L 04/05/2020 - 19:08:17: -------- Mapchange to wrongworld --------
L 04/05/2020 - 19:08:18: [nextmap.amxx] WARNING: Couldn't find a valid map or the file doesn't exist (file "mapcycle.txt")
L 04/05/2020 - 19:08:18: [admin.amxx] Login: "HALOO<74><STEAM_0:0:75069719><>" became an admin (account "STEAM_0:0:75069719") (access "abcdefghijklmnopqrstu") (address "31.155.196.52")
L 04/05/2020 - 19:08:20: [admin.amxx] Login: "HALOO<85><STEAM_0:0:75069719><>" became an admin (account "STEAM_0:0:75069719") (access "abcdefghijklmnopqrstu") (address "31.155.196.52")
L 04/05/2020 - 19:30:04: [admincmd.amxx] Cmd: "HALOO<85><STEAM_0:0:75069719><>" changelevel "sc_warcoast"
L 04/05/2020 - 19:30:06: -------- Mapchange to sc_warcoast --------
L 04/05/2020 - 19:30:07: [nextmap.amxx] WARNING: Couldn't find a valid map or the file doesn't exist (file "mapcycle.txt")
L 04/05/2020 - 19:30:07: [admin.amxx] Login: "HALOO<85><STEAM_0:0:75069719><>" became an admin (account "STEAM_0:0:75069719") (access "abcdefghijklmnopqrstu") (address "31.155.196.52")
L 04/05/2020 - 19:30:14: [admin.amxx] Login: "HALOO<102><STEAM_0:0:75069719><>" became an admin (account "STEAM_0:0:75069719") (access "abcdefghijklmnopqrstu") (address "31.155.196.52")
L 04/05/2020 - 19:42:01: [admin.amxx] Login: "HALOO<111><STEAM_0:0:75069719><>" became an admin (account "STEAM_0:0:75069719") (access "abcdefghijklmnopqrstu") (address "31.155.196.52")
L 04/05/2020 - 19:44:37: [admin.amxx] Login: "HALOO<112><STEAM_0:0:75069719><>" became an admin (account "STEAM_0:0:75069719") (access "abcdefghijklmnopqrstu") (address "31.155.196.52")
L 04/05/2020 - 19:45:33: -------- Mapchange to sc_warcoast --------
L 04/05/2020 - 19:45:34: [nextmap.amxx] WARNING: Couldn't find a valid map or the file doesn't exist (file "mapcycle.txt")
L 04/05/2020 - 19:45:34: [admin.amxx] Login: "HALOO<112><STEAM_0:0:75069719><>" became an admin (account "STEAM_0:0:75069719") (access "abcdefghijklmnopqrstu") (address "31.155.196.52")
L 04/05/2020 - 19:50:31: -------- Mapchange to sc_warcoast --------
L 04/05/2020 - 19:50:32: [nextmap.amxx] WARNING: Couldn't find a valid map or the file doesn't exist (file "mapcycle.txt")
L 04/05/2020 - 19:50:32: [admin.amxx] Login: "HALOO<112><STEAM_0:0:75069719><>" became an admin (account "STEAM_0:0:75069719") (access "abcdefghijklmnopqrstu") (address "31.155.196.52")
L 04/05/2020 - 19:50:43: [admincmd.amxx] Cmd: "HALOO<112><STEAM_0:0:75069719><>" changelevel "osprey"
L 04/05/2020 - 19:50:45: -------- Mapchange to osprey --------
L 04/05/2020 - 19:50:46: [nextmap.amxx] WARNING: Couldn't find a valid map or the file doesn't exist (file "mapcycle.txt")
L 04/05/2020 - 19:50:46: [admin.amxx] Login: "HALOO<112><STEAM_0:0:75069719><>" became an admin (account "STEAM_0:0:75069719") (access "abcdefghijklmnopqrstu") (address "31.155.196.52")
L 04/05/2020 - 19:50:54: [admin.amxx] Login: "HALOO<121><STEAM_0:0:75069719><>" became an admin (account "STEAM_0:0:75069719") (access "abcdefghijklmnopqrstu") (address "31.155.196.52")
L 04/05/2020 - 20:02:01: -------- Mapchange to osprey --------
L 04/05/2020 - 20:02:02: [nextmap.amxx] WARNING: Couldn't find a valid map or the file doesn't exist (file "mapcycle.txt")
L 04/05/2020 - 20:23:09: -------- Mapchange to osprey --------
L 04/05/2020 - 20:23:10: [nextmap.amxx] WARNING: Couldn't find a valid map or the file doesn't exist (file "mapcycle.txt")
L 04/05/2020 - 20:33:15: -------- Mapchange to osprey --------
L 04/05/2020 - 20:33:16: [nextmap.amxx] WARNING: Couldn't find a valid map or the file doesn't exist (file "mapcycle.txt")
L 04/05/2020 - 20:52:16: -------- Mapchange to osprey --------
L 04/05/2020 - 20:52:17: [nextmap.amxx] WARNING: Couldn't find a valid map or the file doesn't exist (file "mapcycle.txt")
L 04/05/2020 - 20:57:31: -------- Mapchange to osprey --------
L 04/05/2020 - 20:57:32: [nextmap.amxx] WARNING: Couldn't find a valid map or the file doesn't exist (file "mapcycle.txt")
L 04/05/2020 - 21:08:14: -------- Mapchange to osprey --------
L 04/05/2020 - 21:08:15: [nextmap.amxx] WARNING: Couldn't find a valid map or the file doesn't exist (file "mapcycle.txt")
L 04/05/2020 - 21:18:20: -------- Mapchange to osprey --------
L 04/05/2020 - 21:18:21: [nextmap.amxx] WARNING: Couldn't find a valid map or the file doesn't exist (file "mapcycle.txt")
L 04/05/2020 - 21:28:26: -------- Mapchange to osprey --------
L 04/05/2020 - 21:28:27: [nextmap.amxx] WARNING: Couldn't find a valid map or the file doesn't exist (file "mapcycle.txt")
L 04/05/2020 - 21:38:32: -------- Mapchange to osprey --------
L 04/05/2020 - 21:38:33: [nextmap.amxx] WARNING: Couldn't find a valid map or the file doesn't exist (file "mapcycle.txt")
L 04/05/2020 - 21:48:38: -------- Mapchange to osprey --------
L 04/05/2020 - 21:48:39: [nextmap.amxx] WARNING: Couldn't find a valid map or the file doesn't exist (file "mapcycle.txt")
L 04/05/2020 - 21:58:44: -------- Mapchange to osprey --------
L 04/05/2020 - 21:58:45: [nextmap.amxx] WARNING: Couldn't find a valid map or the file doesn't exist (file "mapcycle.txt")
L 04/05/2020 - 22:08:50: -------- Mapchange to osprey --------
L 04/05/2020 - 22:08:50: [nextmap.amxx] WARNING: Couldn't find a valid map or the file doesn't exist (file "mapcycle.txt")
L 04/05/2020 - 22:18:56: -------- Mapchange to osprey --------
L 04/05/2020 - 22:18:56: [nextmap.amxx] WARNING: Couldn't find a valid map or the file doesn't exist (file "mapcycle.txt")
L 04/05/2020 - 22:29:02: -------- Mapchange to osprey --------
L 04/05/2020 - 22:29:02: [nextmap.amxx] WARNING: Couldn't find a valid map or the file doesn't exist (file "mapcycle.txt")
L 04/05/2020 - 22:39:08: -------- Mapchange to osprey --------
L 04/05/2020 - 22:39:08: [nextmap.amxx] WARNING: Couldn't find a valid map or the file doesn't exist (file "mapcycle.txt")
L 04/05/2020 - 22:49:13: -------- Mapchange to osprey --------
L 04/05/2020 - 22:49:14: [nextmap.amxx] WARNING: Couldn't find a valid map or the file doesn't exist (file "mapcycle.txt")
L 04/05/2020 - 22:59:19: -------- Mapchange to osprey --------
L 04/05/2020 - 22:59:20: [nextmap.amxx] WARNING: Couldn't find a valid map or the file doesn't exist (file "mapcycle.txt")
L 04/05/2020 - 23:09:25: -------- Mapchange to osprey --------
L 04/05/2020 - 23:09:26: [nextmap.amxx] WARNING: Couldn't find a valid map or the file doesn't exist (file "mapcycle.txt")
L 04/05/2020 - 23:19:31: -------- Mapchange to osprey --------
L 04/05/2020 - 23:19:32: [nextmap.amxx] WARNING: Couldn't find a valid map or the file doesn't exist (file "mapcycle.txt")
L 04/05/2020 - 23:29:37: -------- Mapchange to osprey --------
L 04/05/2020 - 23:29:38: [nextmap.amxx] WARNING: Couldn't find a valid map or the file doesn't exist (file "mapcycle.txt")
L 04/05/2020 - 23:39:43: -------- Mapchange to osprey --------
L 04/05/2020 - 23:39:44: [nextmap.amxx] WARNING: Couldn't find a valid map or the file doesn't exist (file "mapcycle.txt")
L 04/05/2020 - 23:49:49: -------- Mapchange to osprey --------
L 04/05/2020 - 23:49:50: [nextmap.amxx] WARNING: Couldn't find a valid map or the file doesn't exist (file "mapcycle.txt")
L 04/05/2020 - 23:59:55: -------- Mapchange to osprey --------
L 04/05/2020 - 23:59:56: [nextmap.amxx] WARNING: Couldn't find a valid map or the file doesn't exist (file "mapcycle.txt")
